# JRE version: OpenJDK Runtime Environment Temurin-21.0.10+7 (21.0.10+7) (build 21.0.10+7-LTS)
# Java VM: OpenJDK 64-Bit Server VM Temurin-21.0.10+7 (21.0.10+7-LTS, mixed mode, sharing, tiered, compressed oops, compressed class ptrs, parallel gc, windows-amd64)
GC Precious Log:
 CardTable entry size: 512
 CPUs: 12 total, 12 available
 Memory: 7501M
 Large Page Support: Disabled
 NUMA Support: Disabled
 Compressed Oops: Enabled (32-bit)
 Alignments: Space 512K, Generation 512K, Heap 2M
 Heap Min Capacity: 100M
 Heap Initial Capacity: 100M
 Heap Max Capacity: 2G
 Pre-touch: Disabled
 Parallel Workers: 10
Heap:
 PSYoungGen      total 23040K, used 1753K [0x00000000d5580000, 0x00000000d6e00000, 0x0000000100000000)
  eden space 20992K, 6% used [0x00000000d5580000,0x00000000d56ce478,0x00000000d6a00000)
  from space 2048K, 20% used [0x00000000d6b00000,0x00000000d6b68010,0x00000000d6d00000)
  to   space 1024K, 0% used [0x00000000d6d00000,0x00000000d6d00000,0x00000000d6e00000)
 ParOldGen       total 68608K, used 49734K [0x0000000080000000, 0x0000000084300000, 0x00000000d5580000)
  object space 68608K, 72% used [0x0000000080000000,0x0000000083091ac8,0x0000000084300000)
 Metaspace       used 52310K, committed 53568K, reserved 1114112K
  class space    used 5715K, committed 6272K, reserved 1048576K
GC Heap History (20 events):
Event: 11.620 GC heap before
{Heap before GC invocations=22 (full 2):
 PSYoungGen      total 24064K, used 23616K [0x00000000d5580000, 0x00000000d7400000, 0x0000000100000000)
  eden space 22016K, 100% used [0x00000000d5580000,0x00000000d6b00000,0x00000000d6b00000)
  from space 2048K, 78% used [0x00000000d6d00000,0x00000000d6e90000,0x00000000d6f00000)
  to   space 2560K, 0% used [0x00000000d7180000,0x00000000d7180000,0x00000000d7400000)
 ParOldGen       total 68608K, used 32829K [0x0000000080000000, 0x0000000084300000, 0x00000000d5580000)
  object space 68608K, 47% used [0x0000000080000000,0x000000008200f4f0,0x0000000084300000)
 Metaspace       used 46783K, committed 48000K, reserved 1114112K
  class space    used 5110K, committed 5632K, reserved 1048576K
}
Event: 11.627 GC heap after
{Heap after GC invocations=22 (full 2):
 PSYoungGen      total 23552K, used 1243K [0x00000000d5580000, 0x00000000d7300000, 0x0000000100000000)
  eden space 22016K, 0% used [0x00000000d5580000,0x00000000d5580000,0x00000000d6b00000)
  from space 1536K, 80% used [0x00000000d7180000,0x00000000d72b6ea8,0x00000000d7300000)
  to   space 1536K, 0% used [0x00000000d7000000,0x00000000d7000000,0x00000000d7180000)
 ParOldGen       total 68608K, used 34181K [0x0000000080000000, 0x0000000084300000, 0x00000000d5580000)
  object space 68608K, 49% used [0x0000000080000000,0x0000000082161510,0x0000000084300000)
 Metaspace       used 46783K, committed 48000K, reserved 1114112K
  class space    used 5110K, committed 5632K, reserved 1048576K
}
Event: 12.628 GC heap before
{Heap before GC invocations=23 (full 2):
 PSYoungGen      total 23552K, used 23259K [0x00000000d5580000, 0x00000000d7300000, 0x0000000100000000)
  eden space 22016K, 100% used [0x00000000d5580000,0x00000000d6b00000,0x00000000d6b00000)
  from space 1536K, 80% used [0x00000000d7180000,0x00000000d72b6ea8,0x00000000d7300000)
  to   space 1536K, 0% used [0x00000000d7000000,0x00000000d7000000,0x00000000d7180000)
 ParOldGen       total 68608K, used 34181K [0x0000000080000000, 0x0000000084300000, 0x00000000d5580000)
  object space 68608K, 49% used [0x0000000080000000,0x0000000082161510,0x0000000084300000)
 Metaspace       used 46885K, committed 48128K, reserved 1114112K
  class space    used 5119K, committed 5632K, reserved 1048576K
}
Event: 12.632 GC heap after
{Heap after GC invocations=23 (full 2):
 PSYoungGen      total 22528K, used 352K [0x00000000d5580000, 0x00000000d7200000, 0x0000000100000000)
  eden space 22016K, 0% used [0x00000000d5580000,0x00000000d5580000,0x00000000d6b00000)
  from space 512K, 68% used [0x00000000d7000000,0x00000000d7058000,0x00000000d7080000)
  to   space 1024K, 0% used [0x00000000d7100000,0x00000000d7100000,0x00000000d7200000)
 ParOldGen       total 68608K, used 35291K [0x0000000080000000, 0x0000000084300000, 0x00000000d5580000)
  object space 68608K, 51% used [0x0000000080000000,0x0000000082276dc0,0x0000000084300000)
 Metaspace       used 46885K, committed 48128K, reserved 1114112K
  class space    used 5119K, committed 5632K, reserved 1048576K
}
Event: 13.449 GC heap before
{Heap before GC invocations=24 (full 2):
 PSYoungGen      total 22528K, used 22368K [0x00000000d5580000, 0x00000000d7200000, 0x0000000100000000)
  eden space 22016K, 100% used [0x00000000d5580000,0x00000000d6b00000,0x00000000d6b00000)
  from space 512K, 68% used [0x00000000d7000000,0x00000000d7058000,0x00000000d7080000)
  to   space 1024K, 0% used [0x00000000d7100000,0x00000000d7100000,0x00000000d7200000)
 ParOldGen       total 68608K, used 35291K [0x0000000080000000, 0x0000000084300000, 0x00000000d5580000)
  object space 68608K, 51% used [0x0000000080000000,0x0000000082276dc0,0x0000000084300000)
 Metaspace       used 48621K, committed 49920K, reserved 1114112K
  class space    used 5286K, committed 5824K, reserved 1048576K
}
Event: 13.453 GC heap after
{Heap after GC invocations=24 (full 2):
 PSYoungGen      total 23040K, used 1016K [0x00000000d5580000, 0x00000000d7200000, 0x0000000100000000)
  eden space 22016K, 0% used [0x00000000d5580000,0x00000000d5580000,0x00000000d6b00000)
  from space 1024K, 99% used [0x00000000d7100000,0x00000000d71fe1c8,0x00000000d7200000)
  to   space 2048K, 0% used [0x00000000d6e00000,0x00000000d6e00000,0x00000000d7000000)
 ParOldGen       total 68608K, used 36042K [0x0000000080000000, 0x0000000084300000, 0x00000000d5580000)
  object space 68608K, 52% used [0x0000000080000000,0x00000000823328f8,0x0000000084300000)
 Metaspace       used 48621K, committed 49920K, reserved 1114112K
  class space    used 5286K, committed 5824K, reserved 1048576K
}
Event: 13.597 GC heap before
{Heap before GC invocations=25 (full 2):
 PSYoungGen      total 23040K, used 23032K [0x00000000d5580000, 0x00000000d7200000, 0x0000000100000000)
  eden space 22016K, 100% used [0x00000000d5580000,0x00000000d6b00000,0x00000000d6b00000)
  from space 1024K, 99% used [0x00000000d7100000,0x00000000d71fe1c8,0x00000000d7200000)
  to   space 2048K, 0% used [0x00000000d6e00000,0x00000000d6e00000,0x00000000d7000000)
 ParOldGen       total 68608K, used 36042K [0x0000000080000000, 0x0000000084300000, 0x00000000d5580000)
  object space 68608K, 52% used [0x0000000080000000,0x00000000823328f8,0x0000000084300000)
 Metaspace       used 48648K, committed 49920K, reserved 1114112K
  class space    used 5286K, committed 5824K, reserved 1048576K
}
Event: 13.603 GC heap after
{Heap after GC invocations=25 (full 2):
 PSYoungGen      total 24064K, used 2033K [0x00000000d5580000, 0x00000000d7300000, 0x0000000100000000)
  eden space 22016K, 0% used [0x00000000d5580000,0x00000000d5580000,0x00000000d6b00000)
  from space 2048K, 99% used [0x00000000d6e00000,0x00000000d6ffc410,0x00000000d7000000)
  to   space 3072K, 0% used [0x00000000d7000000,0x00000000d7000000,0x00000000d7300000)
 ParOldGen       total 68608K, used 37569K [0x0000000080000000, 0x0000000084300000, 0x00000000d5580000)
  object space 68608K, 54% used [0x0000000080000000,0x00000000824b0540,0x0000000084300000)
 Metaspace       used 48648K, committed 49920K, reserved 1114112K
  class space    used 5286K, committed 5824K, reserved 1048576K
}
Event: 13.926 GC heap before
{Heap before GC invocations=26 (full 2):
 PSYoungGen      total 24064K, used 24049K [0x00000000d5580000, 0x00000000d7300000, 0x0000000100000000)
  eden space 22016K, 100% used [0x00000000d5580000,0x00000000d6b00000,0x00000000d6b00000)
  from space 2048K, 99% used [0x00000000d6e00000,0x00000000d6ffc410,0x00000000d7000000)
  to   space 3072K, 0% used [0x00000000d7000000,0x00000000d7000000,0x00000000d7300000)
 ParOldGen       total 68608K, used 37569K [0x0000000080000000, 0x0000000084300000, 0x00000000d5580000)
  object space 68608K, 54% used [0x0000000080000000,0x00000000824b0540,0x0000000084300000)
 Metaspace       used 48980K, committed 50304K, reserved 1114112K
  class space    used 5338K, committed 5888K, reserved 1048576K
}
Event: 13.932 GC heap after
{Heap after GC invocations=26 (full 2):
 PSYoungGen      total 24576K, used 2528K [0x00000000d5580000, 0x00000000d7280000, 0x0000000100000000)
  eden space 22016K, 0% used [0x00000000d5580000,0x00000000d5580000,0x00000000d6b00000)
  from space 2560K, 98% used [0x00000000d7000000,0x00000000d7278020,0x00000000d7280000)
  to   space 3072K, 0% used [0x00000000d6c80000,0x00000000d6c80000,0x00000000d6f80000)
 ParOldGen       total 68608K, used 39570K [0x0000000080000000, 0x0000000084300000, 0x00000000d5580000)
  object space 68608K, 57% used [0x0000000080000000,0x00000000826a4940,0x0000000084300000)
 Metaspace       used 48980K, committed 50304K, reserved 1114112K
  class space    used 5338K, committed 5888K, reserved 1048576K
}
Event: 14.076 GC heap before
{Heap before GC invocations=27 (full 2):
 PSYoungGen      total 24576K, used 24544K [0x00000000d5580000, 0x00000000d7280000, 0x0000000100000000)
  eden space 22016K, 100% used [0x00000000d5580000,0x00000000d6b00000,0x00000000d6b00000)
  from space 2560K, 98% used [0x00000000d7000000,0x00000000d7278020,0x00000000d7280000)
  to   space 3072K, 0% used [0x00000000d6c80000,0x00000000d6c80000,0x00000000d6f80000)
 ParOldGen       total 68608K, used 39570K [0x0000000080000000, 0x0000000084300000, 0x00000000d5580000)
  object space 68608K, 57% used [0x0000000080000000,0x00000000826a4940,0x0000000084300000)
 Metaspace       used 49003K, committed 50304K, reserved 1114112K
  class space    used 5338K, committed 5888K, reserved 1048576K
}
Event: 14.083 GC heap after
{Heap after GC invocations=27 (full 2):
 PSYoungGen      total 25088K, used 2564K [0x00000000d5580000, 0x00000000d7100000, 0x0000000100000000)
  eden space 22016K, 0% used [0x00000000d5580000,0x00000000d5580000,0x00000000d6b00000)
  from space 3072K, 83% used [0x00000000d6c80000,0x00000000d6f01000,0x00000000d6f80000)
  to   space 1536K, 0% used [0x00000000d6f80000,0x00000000d6f80000,0x00000000d7100000)
 ParOldGen       total 68608K, used 41901K [0x0000000080000000, 0x0000000084300000, 0x00000000d5580000)
  object space 68608K, 61% used [0x0000000080000000,0x00000000828eb648,0x0000000084300000)
 Metaspace       used 49003K, committed 50304K, reserved 1114112K
  class space    used 5338K, committed 5888K, reserved 1048576K
}
Event: 14.233 GC heap before
{Heap before GC invocations=28 (full 2):
 PSYoungGen      total 25088K, used 24580K [0x00000000d5580000, 0x00000000d7100000, 0x0000000100000000)
  eden space 22016K, 100% used [0x00000000d5580000,0x00000000d6b00000,0x00000000d6b00000)
  from space 3072K, 83% used [0x00000000d6c80000,0x00000000d6f01000,0x00000000d6f80000)
  to   space 1536K, 0% used [0x00000000d6f80000,0x00000000d6f80000,0x00000000d7100000)
 ParOldGen       total 68608K, used 41901K [0x0000000080000000, 0x0000000084300000, 0x00000000d5580000)
  object space 68608K, 61% used [0x0000000080000000,0x00000000828eb648,0x0000000084300000)
 Metaspace       used 49022K, committed 50304K, reserved 1114112K
  class space    used 5339K, committed 5888K, reserved 1048576K
}
Event: 14.242 GC heap after
{Heap after GC invocations=28 (full 2):
 PSYoungGen      total 22528K, used 1504K [0x00000000d5580000, 0x00000000d7600000, 0x0000000100000000)
  eden space 20992K, 0% used [0x00000000d5580000,0x00000000d5580000,0x00000000d6a00000)
  from space 1536K, 97% used [0x00000000d6f80000,0x00000000d70f8010,0x00000000d7100000)
  to   space 5632K, 0% used [0x00000000d6a00000,0x00000000d6a00000,0x00000000d6f80000)
 ParOldGen       total 68608K, used 45212K [0x0000000080000000, 0x0000000084300000, 0x00000000d5580000)
  object space 68608K, 65% used [0x0000000080000000,0x0000000082c270f8,0x0000000084300000)
 Metaspace       used 49022K, committed 50304K, reserved 1114112K
  class space    used 5339K, committed 5888K, reserved 1048576K
}
Event: 14.421 GC heap before
{Heap before GC invocations=29 (full 2):
 PSYoungGen      total 22528K, used 22495K [0x00000000d5580000, 0x00000000d7600000, 0x0000000100000000)
  eden space 20992K, 99% used [0x00000000d5580000,0x00000000d69fffc0,0x00000000d6a00000)
  from space 1536K, 97% used [0x00000000d6f80000,0x00000000d70f8010,0x00000000d7100000)
  to   space 5632K, 0% used [0x00000000d6a00000,0x00000000d6a00000,0x00000000d6f80000)
 ParOldGen       total 68608K, used 45212K [0x0000000080000000, 0x0000000084300000, 0x00000000d5580000)
  object space 68608K, 65% used [0x0000000080000000,0x0000000082c270f8,0x0000000084300000)
 Metaspace       used 49046K, committed 50304K, reserved 1114112K
  class space    used 5339K, committed 5888K, reserved 1048576K
}
Event: 14.429 GC heap after
{Heap after GC invocations=29 (full 2):
 PSYoungGen      total 23552K, used 2200K [0x00000000d5580000, 0x00000000d7100000, 0x0000000100000000)
  eden space 20992K, 0% used [0x00000000d5580000,0x00000000d5580000,0x00000000d6a00000)
  from space 2560K, 85% used [0x00000000d6a00000,0x00000000d6c26200,0x00000000d6c80000)
  to   space 3584K, 0% used [0x00000000d6d80000,0x00000000d6d80000,0x00000000d7100000)
 ParOldGen       total 68608K, used 46732K [0x0000000080000000, 0x0000000084300000, 0x00000000d5580000)
  object space 68608K, 68% used [0x0000000080000000,0x0000000082da3108,0x0000000084300000)
 Metaspace       used 49046K, committed 50304K, reserved 1114112K
  class space    used 5339K, committed 5888K, reserved 1048576K
}
Event: 15.188 GC heap before
{Heap before GC invocations=30 (full 2):
 PSYoungGen      total 23552K, used 23192K [0x00000000d5580000, 0x00000000d7100000, 0x0000000100000000)
  eden space 20992K, 100% used [0x00000000d5580000,0x00000000d6a00000,0x00000000d6a00000)
  from space 2560K, 85% used [0x00000000d6a00000,0x00000000d6c26200,0x00000000d6c80000)
  to   space 3584K, 0% used [0x00000000d6d80000,0x00000000d6d80000,0x00000000d7100000)
 ParOldGen       total 68608K, used 46732K [0x0000000080000000, 0x0000000084300000, 0x00000000d5580000)
  object space 68608K, 68% used [0x0000000080000000,0x0000000082da3108,0x0000000084300000)
 Metaspace       used 51339K, committed 52672K, reserved 1114112K
  class space    used 5595K, committed 6144K, reserved 1048576K
}
Event: 15.194 GC heap after
{Heap after GC invocations=30 (full 2):
 PSYoungGen      total 22528K, used 1131K [0x00000000d5580000, 0x00000000d6f00000, 0x0000000100000000)
  eden space 20992K, 0% used [0x00000000d5580000,0x00000000d5580000,0x00000000d6a00000)
  from space 1536K, 73% used [0x00000000d6d80000,0x00000000d6e9ae68,0x00000000d6f00000)
  to   space 2048K, 0% used [0x00000000d6b00000,0x00000000d6b00000,0x00000000d6d00000)
 ParOldGen       total 68608K, used 48740K [0x0000000080000000, 0x0000000084300000, 0x00000000d5580000)
  object space 68608K, 71% used [0x0000000080000000,0x0000000082f99308,0x0000000084300000)
 Metaspace       used 51339K, committed 52672K, reserved 1114112K
  class space    used 5595K, committed 6144K, reserved 1048576K
}
Event: 15.976 GC heap before
{Heap before GC invocations=31 (full 2):
 PSYoungGen      total 22528K, used 22123K [0x00000000d5580000, 0x00000000d6f00000, 0x0000000100000000)
  eden space 20992K, 100% used [0x00000000d5580000,0x00000000d6a00000,0x00000000d6a00000)
  from space 1536K, 73% used [0x00000000d6d80000,0x00000000d6e9ae68,0x00000000d6f00000)
  to   space 2048K, 0% used [0x00000000d6b00000,0x00000000d6b00000,0x00000000d6d00000)
 ParOldGen       total 68608K, used 48740K [0x0000000080000000, 0x0000000084300000, 0x00000000d5580000)
  object space 68608K, 71% used [0x0000000080000000,0x0000000082f99308,0x0000000084300000)
 Metaspace       used 52211K, committed 53504K, reserved 1114112K
  class space    used 5708K, committed 6272K, reserved 1048576K
}
Event: 15.979 GC heap after
{Heap after GC invocations=31 (full 2):
 PSYoungGen      total 23040K, used 416K [0x00000000d5580000, 0x00000000d6e00000, 0x0000000100000000)
  eden space 20992K, 0% used [0x00000000d5580000,0x00000000d5580000,0x00000000d6a00000)
  from space 2048K, 20% used [0x00000000d6b00000,0x00000000d6b68010,0x00000000d6d00000)
  to   space 1024K, 0% used [0x00000000d6d00000,0x00000000d6d00000,0x00000000d6e00000)
 ParOldGen       total 68608K, used 49734K [0x0000000080000000, 0x0000000084300000, 0x00000000d5580000)
  object space 68608K, 72% used [0x0000000080000000,0x0000000083091ac8,0x0000000084300000)
 Metaspace       used 52211K, committed 53504K, reserved 1114112K
  class space    used 5708K, committed 6272K, reserved 1048576K
}

