# JRE version: OpenJDK Runtime Environment Temurin-21.0.10+7 (21.0.10+7) (build 21.0.10+7-LTS)
# Java VM: OpenJDK 64-Bit Server VM Temurin-21.0.10+7 (21.0.10+7-LTS, mixed mode, sharing, tiered, compressed oops, compressed class ptrs, parallel gc, windows-amd64)
GC Precious Log:
 CardTable entry size: 512
 CPUs: 12 total, 12 available
 Memory: 7501M
 Large Page Support: Disabled
 NUMA Support: Disabled
 Compressed Oops: Enabled (32-bit)
 Alignments: Space 512K, Generation 512K, Heap 2M
 Heap Min Capacity: 100M
 Heap Initial Capacity: 100M
 Heap Max Capacity: 2G
 Pre-touch: Disabled
 Parallel Workers: 10
Heap:
 PSYoungGen      total 22528K, used 7889K [0x00000000d5580000, 0x00000000d6d80000, 0x0000000100000000)
  eden space 21504K, 32% used [0x00000000d5580000,0x00000000d5c64670,0x00000000d6a80000)
  from space 1024K, 81% used [0x00000000d6c80000,0x00000000d6d50000,0x00000000d6d80000)
  to   space 1536K, 0% used [0x00000000d6a80000,0x00000000d6a80000,0x00000000d6c00000)
 ParOldGen       total 68608K, used 29695K [0x0000000080000000, 0x0000000084300000, 0x00000000d5580000)
  object space 68608K, 43% used [0x0000000080000000,0x0000000081cffe80,0x0000000084300000)
 Metaspace       used 38514K, committed 39488K, reserved 1114112K
  class space    used 3899K, committed 4352K, reserved 1048576K
GC Heap History (20 events):
Event: 9.071 GC heap before
{Heap before GC invocations=13 (full 1):
 PSYoungGen      total 24576K, used 24160K [0x00000000d5580000, 0x00000000d7180000, 0x0000000100000000)
  eden space 22016K, 100% used [0x00000000d5580000,0x00000000d6b00000,0x00000000d6b00000)
  from space 2560K, 83% used [0x00000000d6d00000,0x00000000d6f18010,0x00000000d6f80000)
  to   space 2048K, 0% used [0x00000000d6f80000,0x00000000d6f80000,0x00000000d7180000)
 ParOldGen       total 68608K, used 15781K [0x0000000080000000, 0x0000000084300000, 0x00000000d5580000)
  object space 68608K, 23% used [0x0000000080000000,0x0000000080f694f0,0x0000000084300000)
 Metaspace       used 32070K, committed 33024K, reserved 1114112K
  class space    used 3226K, committed 3648K, reserved 1048576K
}
Event: 9.079 GC heap after
{Heap after GC invocations=13 (full 1):
 PSYoungGen      total 23552K, used 2018K [0x00000000d5580000, 0x00000000d7500000, 0x0000000100000000)
  eden space 21504K, 0% used [0x00000000d5580000,0x00000000d5580000,0x00000000d6a80000)
  from space 2048K, 98% used [0x00000000d6f80000,0x00000000d7178820,0x00000000d7180000)
  to   space 5120K, 0% used [0x00000000d6a80000,0x00000000d6a80000,0x00000000d6f80000)
 ParOldGen       total 68608K, used 18077K [0x0000000080000000, 0x0000000084300000, 0x00000000d5580000)
  object space 68608K, 26% used [0x0000000080000000,0x00000000811a74f0,0x0000000084300000)
 Metaspace       used 32070K, committed 33024K, reserved 1114112K
  class space    used 3226K, committed 3648K, reserved 1048576K
}
Event: 9.195 GC heap before
{Heap before GC invocations=14 (full 1):
 PSYoungGen      total 23552K, used 23522K [0x00000000d5580000, 0x00000000d7500000, 0x0000000100000000)
  eden space 21504K, 100% used [0x00000000d5580000,0x00000000d6a80000,0x00000000d6a80000)
  from space 2048K, 98% used [0x00000000d6f80000,0x00000000d7178820,0x00000000d7180000)
  to   space 5120K, 0% used [0x00000000d6a80000,0x00000000d6a80000,0x00000000d6f80000)
 ParOldGen       total 68608K, used 18077K [0x0000000080000000, 0x0000000084300000, 0x00000000d5580000)
  object space 68608K, 26% used [0x0000000080000000,0x00000000811a74f0,0x0000000084300000)
 Metaspace       used 32089K, committed 33024K, reserved 1114112K
  class space    used 3226K, committed 3648K, reserved 1048576K
}
Event: 9.201 GC heap after
{Heap after GC invocations=14 (full 1):
 PSYoungGen      total 24064K, used 2112K [0x00000000d5580000, 0x00000000d7080000, 0x0000000100000000)
  eden space 21504K, 0% used [0x00000000d5580000,0x00000000d5580000,0x00000000d6a80000)
  from space 2560K, 82% used [0x00000000d6a80000,0x00000000d6c90000,0x00000000d6d00000)
  to   space 3072K, 0% used [0x00000000d6d80000,0x00000000d6d80000,0x00000000d7080000)
 ParOldGen       total 68608K, used 20067K [0x0000000080000000, 0x0000000084300000, 0x00000000d5580000)
  object space 68608K, 29% used [0x0000000080000000,0x0000000081398d10,0x0000000084300000)
 Metaspace       used 32089K, committed 33024K, reserved 1114112K
  class space    used 3226K, committed 3648K, reserved 1048576K
}
Event: 9.303 GC heap before
{Heap before GC invocations=15 (full 1):
 PSYoungGen      total 24064K, used 23616K [0x00000000d5580000, 0x00000000d7080000, 0x0000000100000000)
  eden space 21504K, 100% used [0x00000000d5580000,0x00000000d6a80000,0x00000000d6a80000)
  from space 2560K, 82% used [0x00000000d6a80000,0x00000000d6c90000,0x00000000d6d00000)
  to   space 3072K, 0% used [0x00000000d6d80000,0x00000000d6d80000,0x00000000d7080000)
 ParOldGen       total 68608K, used 20067K [0x0000000080000000, 0x0000000084300000, 0x00000000d5580000)
  object space 68608K, 29% used [0x0000000080000000,0x0000000081398d10,0x0000000084300000)
 Metaspace       used 32097K, committed 33024K, reserved 1114112K
  class space    used 3226K, committed 3648K, reserved 1048576K
}
Event: 9.310 GC heap after
{Heap after GC invocations=15 (full 1):
 PSYoungGen      total 24064K, used 2052K [0x00000000d5580000, 0x00000000d7000000, 0x0000000100000000)
  eden space 21504K, 0% used [0x00000000d5580000,0x00000000d5580000,0x00000000d6a80000)
  from space 2560K, 80% used [0x00000000d6d80000,0x00000000d6f81000,0x00000000d7000000)
  to   space 2560K, 0% used [0x00000000d6a80000,0x00000000d6a80000,0x00000000d6d00000)
 ParOldGen       total 68608K, used 22033K [0x0000000080000000, 0x0000000084300000, 0x00000000d5580000)
  object space 68608K, 32% used [0x0000000080000000,0x00000000815846d8,0x0000000084300000)
 Metaspace       used 32097K, committed 33024K, reserved 1114112K
  class space    used 3226K, committed 3648K, reserved 1048576K
}
Event: 9.463 GC heap before
{Heap before GC invocations=16 (full 1):
 PSYoungGen      total 24064K, used 23556K [0x00000000d5580000, 0x00000000d7000000, 0x0000000100000000)
  eden space 21504K, 100% used [0x00000000d5580000,0x00000000d6a80000,0x00000000d6a80000)
  from space 2560K, 80% used [0x00000000d6d80000,0x00000000d6f81000,0x00000000d7000000)
  to   space 2560K, 0% used [0x00000000d6a80000,0x00000000d6a80000,0x00000000d6d00000)
 ParOldGen       total 68608K, used 22033K [0x0000000080000000, 0x0000000084300000, 0x00000000d5580000)
  object space 68608K, 32% used [0x0000000080000000,0x00000000815846d8,0x0000000084300000)
 Metaspace       used 32131K, committed 33088K, reserved 1114112K
  class space    used 3229K, committed 3712K, reserved 1048576K
}
Event: 9.468 GC heap after
{Heap after GC invocations=16 (full 1):
 PSYoungGen      total 24064K, used 2240K [0x00000000d5580000, 0x00000000d6f80000, 0x0000000100000000)
  eden space 21504K, 0% used [0x00000000d5580000,0x00000000d5580000,0x00000000d6a80000)
  from space 2560K, 87% used [0x00000000d6a80000,0x00000000d6cb0010,0x00000000d6d00000)
  to   space 2560K, 0% used [0x00000000d6d00000,0x00000000d6d00000,0x00000000d6f80000)
 ParOldGen       total 68608K, used 23927K [0x0000000080000000, 0x0000000084300000, 0x00000000d5580000)
  object space 68608K, 34% used [0x0000000080000000,0x000000008175def0,0x0000000084300000)
 Metaspace       used 32131K, committed 33088K, reserved 1114112K
  class space    used 3229K, committed 3712K, reserved 1048576K
}
Event: 9.621 GC heap before
{Heap before GC invocations=17 (full 1):
 PSYoungGen      total 24064K, used 23744K [0x00000000d5580000, 0x00000000d6f80000, 0x0000000100000000)
  eden space 21504K, 100% used [0x00000000d5580000,0x00000000d6a80000,0x00000000d6a80000)
  from space 2560K, 87% used [0x00000000d6a80000,0x00000000d6cb0010,0x00000000d6d00000)
  to   space 2560K, 0% used [0x00000000d6d00000,0x00000000d6d00000,0x00000000d6f80000)
 ParOldGen       total 68608K, used 23927K [0x0000000080000000, 0x0000000084300000, 0x00000000d5580000)
  object space 68608K, 34% used [0x0000000080000000,0x000000008175def0,0x0000000084300000)
 Metaspace       used 32232K, committed 33216K, reserved 1114112K
  class space    used 3233K, committed 3712K, reserved 1048576K
}
Event: 9.630 GC heap after
{Heap after GC invocations=17 (full 1):
 PSYoungGen      total 23552K, used 1912K [0x00000000d5580000, 0x00000000d6f00000, 0x0000000100000000)
  eden space 21504K, 0% used [0x00000000d5580000,0x00000000d5580000,0x00000000d6a80000)
  from space 2048K, 93% used [0x00000000d6d00000,0x00000000d6ede200,0x00000000d6f00000)
  to   space 2048K, 0% used [0x00000000d6b00000,0x00000000d6b00000,0x00000000d6d00000)
 ParOldGen       total 68608K, used 26007K [0x0000000080000000, 0x0000000084300000, 0x00000000d5580000)
  object space 68608K, 37% used [0x0000000080000000,0x0000000081965f10,0x0000000084300000)
 Metaspace       used 32232K, committed 33216K, reserved 1114112K
  class space    used 3233K, committed 3712K, reserved 1048576K
}
Event: 10.241 GC heap before
{Heap before GC invocations=18 (full 1):
 PSYoungGen      total 23552K, used 23416K [0x00000000d5580000, 0x00000000d6f00000, 0x0000000100000000)
  eden space 21504K, 100% used [0x00000000d5580000,0x00000000d6a80000,0x00000000d6a80000)
  from space 2048K, 93% used [0x00000000d6d00000,0x00000000d6ede200,0x00000000d6f00000)
  to   space 2048K, 0% used [0x00000000d6b00000,0x00000000d6b00000,0x00000000d6d00000)
 ParOldGen       total 68608K, used 26007K [0x0000000080000000, 0x0000000084300000, 0x00000000d5580000)
  object space 68608K, 37% used [0x0000000080000000,0x0000000081965f10,0x0000000084300000)
 Metaspace       used 34363K, committed 35328K, reserved 1114112K
  class space    used 3440K, committed 3904K, reserved 1048576K
}
Event: 10.246 GC heap after
{Heap after GC invocations=18 (full 1):
 PSYoungGen      total 23552K, used 1611K [0x00000000d5580000, 0x00000000d6e80000, 0x0000000100000000)
  eden space 21504K, 0% used [0x00000000d5580000,0x00000000d5580000,0x00000000d6a80000)
  from space 2048K, 78% used [0x00000000d6b00000,0x00000000d6c92e78,0x00000000d6d00000)
  to   space 1536K, 0% used [0x00000000d6d00000,0x00000000d6d00000,0x00000000d6e80000)
 ParOldGen       total 68608K, used 27808K [0x0000000080000000, 0x0000000084300000, 0x00000000d5580000)
  object space 68608K, 40% used [0x0000000080000000,0x0000000081b28110,0x0000000084300000)
 Metaspace       used 34363K, committed 35328K, reserved 1114112K
  class space    used 3440K, committed 3904K, reserved 1048576K
}
Event: 10.657 GC heap before
{Heap before GC invocations=19 (full 1):
 PSYoungGen      total 23552K, used 7350K [0x00000000d5580000, 0x00000000d6e80000, 0x0000000100000000)
  eden space 21504K, 26% used [0x00000000d5580000,0x00000000d5b1abd8,0x00000000d6a80000)
  from space 2048K, 78% used [0x00000000d6b00000,0x00000000d6c92e78,0x00000000d6d00000)
  to   space 1536K, 0% used [0x00000000d6d00000,0x00000000d6d00000,0x00000000d6e80000)
 ParOldGen       total 68608K, used 27808K [0x0000000080000000, 0x0000000084300000, 0x00000000d5580000)
  object space 68608K, 40% used [0x0000000080000000,0x0000000081b28110,0x0000000084300000)
 Metaspace       used 34963K, committed 35840K, reserved 1114112K
  class space    used 3513K, committed 3904K, reserved 1048576K
}
Event: 10.660 GC heap after
{Heap after GC invocations=19 (full 1):
 PSYoungGen      total 22016K, used 416K [0x00000000d5580000, 0x00000000d6d80000, 0x0000000100000000)
  eden space 21504K, 0% used [0x00000000d5580000,0x00000000d5580000,0x00000000d6a80000)
  from space 512K, 81% used [0x00000000d6d00000,0x00000000d6d68000,0x00000000d6d80000)
  to   space 1024K, 0% used [0x00000000d6b80000,0x00000000d6b80000,0x00000000d6c80000)
 ParOldGen       total 68608K, used 29227K [0x0000000080000000, 0x0000000084300000, 0x00000000d5580000)
  object space 68608K, 42% used [0x0000000080000000,0x0000000081c8ae28,0x0000000084300000)
 Metaspace       used 34963K, committed 35840K, reserved 1114112K
  class space    used 3513K, committed 3904K, reserved 1048576K
}
Event: 10.661 GC heap before
{Heap before GC invocations=20 (full 2):
 PSYoungGen      total 22016K, used 416K [0x00000000d5580000, 0x00000000d6d80000, 0x0000000100000000)
  eden space 21504K, 0% used [0x00000000d5580000,0x00000000d5580000,0x00000000d6a80000)
  from space 512K, 81% used [0x00000000d6d00000,0x00000000d6d68000,0x00000000d6d80000)
  to   space 1024K, 0% used [0x00000000d6b80000,0x00000000d6b80000,0x00000000d6c80000)
 ParOldGen       total 68608K, used 29227K [0x0000000080000000, 0x0000000084300000, 0x00000000d5580000)
  object space 68608K, 42% used [0x0000000080000000,0x0000000081c8ae28,0x0000000084300000)
 Metaspace       used 34963K, committed 35840K, reserved 1114112K
  class space    used 3513K, committed 3904K, reserved 1048576K
}
Event: 10.721 GC heap after
{Heap after GC invocations=20 (full 2):
 PSYoungGen      total 22016K, used 0K [0x00000000d5580000, 0x00000000d6d80000, 0x0000000100000000)
  eden space 21504K, 0% used [0x00000000d5580000,0x00000000d5580000,0x00000000d6a80000)
  from space 512K, 0% used [0x00000000d6d00000,0x00000000d6d00000,0x00000000d6d80000)
  to   space 1024K, 0% used [0x00000000d6b80000,0x00000000d6b80000,0x00000000d6c80000)
 ParOldGen       total 68608K, used 27962K [0x0000000080000000, 0x0000000084300000, 0x00000000d5580000)
  object space 68608K, 40% used [0x0000000080000000,0x0000000081b4e9e8,0x0000000084300000)
 Metaspace       used 34963K, committed 35840K, reserved 1114112K
  class space    used 3513K, committed 3904K, reserved 1048576K
}
Event: 11.689 GC heap before
{Heap before GC invocations=21 (full 2):
 PSYoungGen      total 22016K, used 21504K [0x00000000d5580000, 0x00000000d6d80000, 0x0000000100000000)
  eden space 21504K, 100% used [0x00000000d5580000,0x00000000d6a80000,0x00000000d6a80000)
  from space 512K, 0% used [0x00000000d6d00000,0x00000000d6d00000,0x00000000d6d80000)
  to   space 1024K, 0% used [0x00000000d6b80000,0x00000000d6b80000,0x00000000d6c80000)
 ParOldGen       total 68608K, used 27962K [0x0000000080000000, 0x0000000084300000, 0x00000000d5580000)
  object space 68608K, 40% used [0x0000000080000000,0x0000000081b4e9e8,0x0000000084300000)
 Metaspace       used 36343K, committed 37312K, reserved 1114112K
  class space    used 3680K, committed 4096K, reserved 1048576K
}
Event: 11.692 GC heap after
{Heap after GC invocations=21 (full 2):
 PSYoungGen      total 22528K, used 992K [0x00000000d5580000, 0x00000000d6e80000, 0x0000000100000000)
  eden space 21504K, 0% used [0x00000000d5580000,0x00000000d5580000,0x00000000d6a80000)
  from space 1024K, 96% used [0x00000000d6b80000,0x00000000d6c78090,0x00000000d6c80000)
  to   space 2048K, 0% used [0x00000000d6c80000,0x00000000d6c80000,0x00000000d6e80000)
 ParOldGen       total 68608K, used 28666K [0x0000000080000000, 0x0000000084300000, 0x00000000d5580000)
  object space 68608K, 41% used [0x0000000080000000,0x0000000081bfead8,0x0000000084300000)
 Metaspace       used 36343K, committed 37312K, reserved 1114112K
  class space    used 3680K, committed 4096K, reserved 1048576K
}
Event: 13.383 GC heap before
{Heap before GC invocations=22 (full 2):
 PSYoungGen      total 22528K, used 22496K [0x00000000d5580000, 0x00000000d6e80000, 0x0000000100000000)
  eden space 21504K, 100% used [0x00000000d5580000,0x00000000d6a80000,0x00000000d6a80000)
  from space 1024K, 96% used [0x00000000d6b80000,0x00000000d6c78090,0x00000000d6c80000)
  to   space 2048K, 0% used [0x00000000d6c80000,0x00000000d6c80000,0x00000000d6e80000)
 ParOldGen       total 68608K, used 28666K [0x0000000080000000, 0x0000000084300000, 0x00000000d5580000)
  object space 68608K, 41% used [0x0000000080000000,0x0000000081bfead8,0x0000000084300000)
 Metaspace       used 37867K, committed 38848K, reserved 1114112K
  class space    used 3828K, committed 4288K, reserved 1048576K
}
Event: 13.386 GC heap after
{Heap after GC invocations=22 (full 2):
 PSYoungGen      total 22528K, used 832K [0x00000000d5580000, 0x00000000d6d80000, 0x0000000100000000)
  eden space 21504K, 0% used [0x00000000d5580000,0x00000000d5580000,0x00000000d6a80000)
  from space 1024K, 81% used [0x00000000d6c80000,0x00000000d6d50000,0x00000000d6d80000)
  to   space 1536K, 0% used [0x00000000d6a80000,0x00000000d6a80000,0x00000000d6c00000)
 ParOldGen       total 68608K, used 29695K [0x0000000080000000, 0x0000000084300000, 0x00000000d5580000)
  object space 68608K, 43% used [0x0000000080000000,0x0000000081cffe80,0x0000000084300000)
 Metaspace       used 37867K, committed 38848K, reserved 1114112K
  class space    used 3828K, committed 4288K, reserved 1048576K
}

