# JRE version: OpenJDK Runtime Environment Temurin-21.0.10+7 (21.0.10+7) (build 21.0.10+7-LTS)
# Java VM: OpenJDK 64-Bit Server VM Temurin-21.0.10+7 (21.0.10+7-LTS, mixed mode, sharing, tiered, compressed oops, compressed class ptrs, parallel gc, windows-amd64)
GC Precious Log:
 CardTable entry size: 512
 CPUs: 12 total, 12 available
 Memory: 7501M
 Large Page Support: Disabled
 NUMA Support: Disabled
 Compressed Oops: Enabled (32-bit)
 Alignments: Space 512K, Generation 512K, Heap 2M
 Heap Min Capacity: 100M
 Heap Initial Capacity: 100M
 Heap Max Capacity: 2G
 Pre-touch: Disabled
 Parallel Workers: 10
Heap:
 PSYoungGen      total 4096K, used 2770K [0x00000000d5580000, 0x00000000d6000000, 0x0000000100000000)
  eden space 3584K, 67% used [0x00000000d5580000,0x00000000d57dca08,0x00000000d5900000)
  from space 512K, 68% used [0x00000000d5f80000,0x00000000d5fd8000,0x00000000d6000000)
  to   space 512K, 0% used [0x00000000d5f00000,0x00000000d5f00000,0x00000000d5f80000)
 ParOldGen       total 196096K, used 196017K [0x0000000080000000, 0x000000008bf80000, 0x00000000d5580000)
  object space 196096K, 99% used [0x0000000080000000,0x000000008bf6c588,0x000000008bf80000)
 Metaspace       used 70469K, committed 72128K, reserved 1114112K
  class space    used 7416K, committed 8128K, reserved 1048576K
GC Heap History (20 events):
Event: 1423.511 GC heap before
{Heap before GC invocations=108 (full 3):
 PSYoungGen      total 4608K, used 4427K [0x00000000d5580000, 0x00000000d6280000, 0x0000000100000000)
  eden space 3584K, 99% used [0x00000000d5580000,0x00000000d58fd540,0x00000000d5900000)
  from space 1024K, 83% used [0x00000000d6180000,0x00000000d6255728,0x00000000d6280000)
  to   space 2048K, 0% used [0x00000000d5e80000,0x00000000d5e80000,0x00000000d6080000)
 ParOldGen       total 192512K, used 192313K [0x0000000080000000, 0x000000008bc00000, 0x00000000d5580000)
  object space 192512K, 99% used [0x0000000080000000,0x000000008bbce578,0x000000008bc00000)
 Metaspace       used 68638K, committed 70272K, reserved 1114112K
  class space    used 7258K, committed 7936K, reserved 1048576K
}
Event: 1423.513 GC heap after
{Heap after GC invocations=108 (full 3):
 PSYoungGen      total 5632K, used 315K [0x00000000d5580000, 0x00000000d6200000, 0x0000000100000000)
  eden space 3584K, 0% used [0x00000000d5580000,0x00000000d5580000,0x00000000d5900000)
  from space 2048K, 15% used [0x00000000d5e80000,0x00000000d5ecec60,0x00000000d6080000)
  to   space 1024K, 0% used [0x00000000d6100000,0x00000000d6100000,0x00000000d6200000)
 ParOldGen       total 193024K, used 192937K [0x0000000080000000, 0x000000008bc80000, 0x00000000d5580000)
  object space 193024K, 99% used [0x0000000080000000,0x000000008bc6a578,0x000000008bc80000)
 Metaspace       used 68638K, committed 70272K, reserved 1114112K
  class space    used 7258K, committed 7936K, reserved 1048576K
}
Event: 1423.539 GC heap before
{Heap before GC invocations=109 (full 3):
 PSYoungGen      total 5632K, used 3899K [0x00000000d5580000, 0x00000000d6200000, 0x0000000100000000)
  eden space 3584K, 100% used [0x00000000d5580000,0x00000000d5900000,0x00000000d5900000)
  from space 2048K, 15% used [0x00000000d5e80000,0x00000000d5ecec60,0x00000000d6080000)
  to   space 1024K, 0% used [0x00000000d6100000,0x00000000d6100000,0x00000000d6200000)
 ParOldGen       total 193024K, used 192937K [0x0000000080000000, 0x000000008bc80000, 0x00000000d5580000)
  object space 193024K, 99% used [0x0000000080000000,0x000000008bc6a578,0x000000008bc80000)
 Metaspace       used 68668K, committed 70336K, reserved 1114112K
  class space    used 7260K, committed 7936K, reserved 1048576K
}
Event: 1423.542 GC heap after
{Heap after GC invocations=109 (full 3):
 PSYoungGen      total 4608K, used 968K [0x00000000d5580000, 0x00000000d6200000, 0x0000000100000000)
  eden space 3584K, 0% used [0x00000000d5580000,0x00000000d5580000,0x00000000d5900000)
  from space 1024K, 94% used [0x00000000d6100000,0x00000000d61f2358,0x00000000d6200000)
  to   space 1536K, 0% used [0x00000000d5f00000,0x00000000d5f00000,0x00000000d6080000)
 ParOldGen       total 193536K, used 193065K [0x0000000080000000, 0x000000008bd00000, 0x00000000d5580000)
  object space 193536K, 99% used [0x0000000080000000,0x000000008bc8a578,0x000000008bd00000)
 Metaspace       used 68668K, committed 70336K, reserved 1114112K
  class space    used 7260K, committed 7936K, reserved 1048576K
}
Event: 1423.565 GC heap before
{Heap before GC invocations=110 (full 3):
 PSYoungGen      total 4608K, used 4552K [0x00000000d5580000, 0x00000000d6200000, 0x0000000100000000)
  eden space 3584K, 99% used [0x00000000d5580000,0x00000000d58fffc0,0x00000000d5900000)
  from space 1024K, 94% used [0x00000000d6100000,0x00000000d61f2358,0x00000000d6200000)
  to   space 1536K, 0% used [0x00000000d5f00000,0x00000000d5f00000,0x00000000d6080000)
 ParOldGen       total 193536K, used 193065K [0x0000000080000000, 0x000000008bd00000, 0x00000000d5580000)
  object space 193536K, 99% used [0x0000000080000000,0x000000008bc8a578,0x000000008bd00000)
 Metaspace       used 68678K, committed 70336K, reserved 1114112K
  class space    used 7261K, committed 7936K, reserved 1048576K
}
Event: 1423.567 GC heap after
{Heap after GC invocations=110 (full 3):
 PSYoungGen      total 5120K, used 763K [0x00000000d5580000, 0x00000000d6180000, 0x0000000100000000)
  eden space 3584K, 0% used [0x00000000d5580000,0x00000000d5580000,0x00000000d5900000)
  from space 1536K, 49% used [0x00000000d5f00000,0x00000000d5fbedf0,0x00000000d6080000)
  to   space 1024K, 0% used [0x00000000d6080000,0x00000000d6080000,0x00000000d6180000)
 ParOldGen       total 193536K, used 193470K [0x0000000080000000, 0x000000008bd00000, 0x00000000d5580000)
  object space 193536K, 99% used [0x0000000080000000,0x000000008bcef958,0x000000008bd00000)
 Metaspace       used 68678K, committed 70336K, reserved 1114112K
  class space    used 7261K, committed 7936K, reserved 1048576K
}
Event: 1423.592 GC heap before
{Heap before GC invocations=111 (full 3):
 PSYoungGen      total 5120K, used 4347K [0x00000000d5580000, 0x00000000d6180000, 0x0000000100000000)
  eden space 3584K, 100% used [0x00000000d5580000,0x00000000d5900000,0x00000000d5900000)
  from space 1536K, 49% used [0x00000000d5f00000,0x00000000d5fbedf0,0x00000000d6080000)
  to   space 1024K, 0% used [0x00000000d6080000,0x00000000d6080000,0x00000000d6180000)
 ParOldGen       total 193536K, used 193470K [0x0000000080000000, 0x000000008bd00000, 0x00000000d5580000)
  object space 193536K, 99% used [0x0000000080000000,0x000000008bcef958,0x000000008bd00000)
 Metaspace       used 68902K, committed 70528K, reserved 1114112K
  class space    used 7271K, committed 7936K, reserved 1048576K
}
Event: 1423.594 GC heap after
{Heap after GC invocations=111 (full 3):
 PSYoungGen      total 4096K, used 320K [0x00000000d5580000, 0x00000000d6100000, 0x0000000100000000)
  eden space 3584K, 0% used [0x00000000d5580000,0x00000000d5580000,0x00000000d5900000)
  from space 512K, 62% used [0x00000000d6080000,0x00000000d60d0000,0x00000000d6100000)
  to   space 512K, 0% used [0x00000000d6000000,0x00000000d6000000,0x00000000d6080000)
 ParOldGen       total 193536K, used 193526K [0x0000000080000000, 0x000000008bd00000, 0x00000000d5580000)
  object space 193536K, 99% used [0x0000000080000000,0x000000008bcfd958,0x000000008bd00000)
 Metaspace       used 68902K, committed 70528K, reserved 1114112K
  class space    used 7271K, committed 7936K, reserved 1048576K
}
Event: 1423.616 GC heap before
{Heap before GC invocations=112 (full 3):
 PSYoungGen      total 4096K, used 3904K [0x00000000d5580000, 0x00000000d6100000, 0x0000000100000000)
  eden space 3584K, 100% used [0x00000000d5580000,0x00000000d5900000,0x00000000d5900000)
  from space 512K, 62% used [0x00000000d6080000,0x00000000d60d0000,0x00000000d6100000)
  to   space 512K, 0% used [0x00000000d6000000,0x00000000d6000000,0x00000000d6080000)
 ParOldGen       total 193536K, used 193526K [0x0000000080000000, 0x000000008bd00000, 0x00000000d5580000)
  object space 193536K, 99% used [0x0000000080000000,0x000000008bcfd958,0x000000008bd00000)
 Metaspace       used 68979K, committed 70592K, reserved 1114112K
  class space    used 7277K, committed 7936K, reserved 1048576K
}
Event: 1423.618 GC heap after
{Heap after GC invocations=112 (full 3):
 PSYoungGen      total 4096K, used 500K [0x00000000d5580000, 0x00000000d6100000, 0x0000000100000000)
  eden space 3584K, 0% used [0x00000000d5580000,0x00000000d5580000,0x00000000d5900000)
  from space 512K, 97% used [0x00000000d6000000,0x00000000d607d220,0x00000000d6080000)
  to   space 512K, 0% used [0x00000000d6080000,0x00000000d6080000,0x00000000d6100000)
 ParOldGen       total 194048K, used 193678K [0x0000000080000000, 0x000000008bd80000, 0x00000000d5580000)
  object space 194048K, 99% used [0x0000000080000000,0x000000008bd23958,0x000000008bd80000)
 Metaspace       used 68979K, committed 70592K, reserved 1114112K
  class space    used 7277K, committed 7936K, reserved 1048576K
}
Event: 1423.691 GC heap before
{Heap before GC invocations=113 (full 3):
 PSYoungGen      total 4096K, used 4084K [0x00000000d5580000, 0x00000000d6100000, 0x0000000100000000)
  eden space 3584K, 99% used [0x00000000d5580000,0x00000000d58ffff8,0x00000000d5900000)
  from space 512K, 97% used [0x00000000d6000000,0x00000000d607d220,0x00000000d6080000)
  to   space 512K, 0% used [0x00000000d6080000,0x00000000d6080000,0x00000000d6100000)
 ParOldGen       total 194048K, used 193678K [0x0000000080000000, 0x000000008bd80000, 0x00000000d5580000)
  object space 194048K, 99% used [0x0000000080000000,0x000000008bd23958,0x000000008bd80000)
 Metaspace       used 69212K, committed 70848K, reserved 1114112K
  class space    used 7291K, committed 7936K, reserved 1048576K
}
Event: 1423.694 GC heap after
{Heap after GC invocations=113 (full 3):
 PSYoungGen      total 4096K, used 512K [0x00000000d5580000, 0x00000000d6100000, 0x0000000100000000)
  eden space 3584K, 0% used [0x00000000d5580000,0x00000000d5580000,0x00000000d5900000)
  from space 512K, 100% used [0x00000000d6080000,0x00000000d6100000,0x00000000d6100000)
  to   space 1536K, 0% used [0x00000000d5e00000,0x00000000d5e00000,0x00000000d5f80000)
 ParOldGen       total 194560K, used 194546K [0x0000000080000000, 0x000000008be00000, 0x00000000d5580000)
  object space 194560K, 99% used [0x0000000080000000,0x000000008bdfcbf0,0x000000008be00000)
 Metaspace       used 69212K, committed 70848K, reserved 1114112K
  class space    used 7291K, committed 7936K, reserved 1048576K
}
Event: 1423.838 GC heap before
{Heap before GC invocations=114 (full 3):
 PSYoungGen      total 4096K, used 4096K [0x00000000d5580000, 0x00000000d6100000, 0x0000000100000000)
  eden space 3584K, 100% used [0x00000000d5580000,0x00000000d5900000,0x00000000d5900000)
  from space 512K, 100% used [0x00000000d6080000,0x00000000d6100000,0x00000000d6100000)
  to   space 1536K, 0% used [0x00000000d5e00000,0x00000000d5e00000,0x00000000d5f80000)
 ParOldGen       total 194560K, used 194546K [0x0000000080000000, 0x000000008be00000, 0x00000000d5580000)
  object space 194560K, 99% used [0x0000000080000000,0x000000008bdfcbf0,0x000000008be00000)
 Metaspace       used 69484K, committed 71104K, reserved 1114112K
  class space    used 7312K, committed 8000K, reserved 1048576K
}
Event: 1423.843 GC heap after
{Heap after GC invocations=114 (full 3):
 PSYoungGen      total 5120K, used 1046K [0x00000000d5580000, 0x00000000d6100000, 0x0000000100000000)
  eden space 3584K, 0% used [0x00000000d5580000,0x00000000d5580000,0x00000000d5900000)
  from space 1536K, 68% used [0x00000000d5e00000,0x00000000d5f059a8,0x00000000d5f80000)
  to   space 1536K, 0% used [0x00000000d5f80000,0x00000000d5f80000,0x00000000d6100000)
 ParOldGen       total 195072K, used 195018K [0x0000000080000000, 0x000000008be80000, 0x00000000d5580000)
  object space 195072K, 99% used [0x0000000080000000,0x000000008be72bf0,0x000000008be80000)
 Metaspace       used 69484K, committed 71104K, reserved 1114112K
  class space    used 7312K, committed 8000K, reserved 1048576K
}
Event: 1424.171 GC heap before
{Heap before GC invocations=115 (full 3):
 PSYoungGen      total 5120K, used 4630K [0x00000000d5580000, 0x00000000d6100000, 0x0000000100000000)
  eden space 3584K, 100% used [0x00000000d5580000,0x00000000d5900000,0x00000000d5900000)
  from space 1536K, 68% used [0x00000000d5e00000,0x00000000d5f059a8,0x00000000d5f80000)
  to   space 1536K, 0% used [0x00000000d5f80000,0x00000000d5f80000,0x00000000d6100000)
 ParOldGen       total 195072K, used 195018K [0x0000000080000000, 0x000000008be80000, 0x00000000d5580000)
  object space 195072K, 99% used [0x0000000080000000,0x000000008be72bf0,0x000000008be80000)
 Metaspace       used 69810K, committed 71424K, reserved 1114112K
  class space    used 7344K, committed 8000K, reserved 1048576K
}
Event: 1424.177 GC heap after
{Heap after GC invocations=115 (full 3):
 PSYoungGen      total 4608K, used 640K [0x00000000d5580000, 0x00000000d6080000, 0x0000000100000000)
  eden space 3584K, 0% used [0x00000000d5580000,0x00000000d5580000,0x00000000d5900000)
  from space 1024K, 62% used [0x00000000d5f80000,0x00000000d6020000,0x00000000d6080000)
  to   space 1024K, 0% used [0x00000000d5e80000,0x00000000d5e80000,0x00000000d5f80000)
 ParOldGen       total 195584K, used 195425K [0x0000000080000000, 0x000000008bf00000, 0x00000000d5580000)
  object space 195584K, 99% used [0x0000000080000000,0x000000008bed8588,0x000000008bf00000)
 Metaspace       used 69810K, committed 71424K, reserved 1114112K
  class space    used 7344K, committed 8000K, reserved 1048576K
}
Event: 1424.319 GC heap before
{Heap before GC invocations=116 (full 3):
 PSYoungGen      total 4608K, used 4219K [0x00000000d5580000, 0x00000000d6080000, 0x0000000100000000)
  eden space 3584K, 99% used [0x00000000d5580000,0x00000000d58fecf0,0x00000000d5900000)
  from space 1024K, 62% used [0x00000000d5f80000,0x00000000d6020000,0x00000000d6080000)
  to   space 1024K, 0% used [0x00000000d5e80000,0x00000000d5e80000,0x00000000d5f80000)
 ParOldGen       total 195584K, used 195425K [0x0000000080000000, 0x000000008bf00000, 0x00000000d5580000)
  object space 195584K, 99% used [0x0000000080000000,0x000000008bed8588,0x000000008bf00000)
 Metaspace       used 70205K, committed 71872K, reserved 1114112K
  class space    used 7383K, committed 8064K, reserved 1048576K
}
Event: 1424.321 GC heap after
{Heap after GC invocations=116 (full 3):
 PSYoungGen      total 4608K, used 288K [0x00000000d5580000, 0x00000000d6000000, 0x0000000100000000)
  eden space 3584K, 0% used [0x00000000d5580000,0x00000000d5580000,0x00000000d5900000)
  from space 1024K, 28% used [0x00000000d5e80000,0x00000000d5ec8000,0x00000000d5f80000)
  to   space 512K, 0% used [0x00000000d5f80000,0x00000000d5f80000,0x00000000d6000000)
 ParOldGen       total 196096K, used 195921K [0x0000000080000000, 0x000000008bf80000, 0x00000000d5580000)
  object space 196096K, 99% used [0x0000000080000000,0x000000008bf54588,0x000000008bf80000)
 Metaspace       used 70205K, committed 71872K, reserved 1114112K
  class space    used 7383K, committed 8064K, reserved 1048576K
}
Event: 1425.504 GC heap before
{Heap before GC invocations=117 (full 3):
 PSYoungGen      total 4608K, used 3872K [0x00000000d5580000, 0x00000000d6000000, 0x0000000100000000)
  eden space 3584K, 100% used [0x00000000d5580000,0x00000000d5900000,0x00000000d5900000)
  from space 1024K, 28% used [0x00000000d5e80000,0x00000000d5ec8000,0x00000000d5f80000)
  to   space 512K, 0% used [0x00000000d5f80000,0x00000000d5f80000,0x00000000d6000000)
 ParOldGen       total 196096K, used 195921K [0x0000000080000000, 0x000000008bf80000, 0x00000000d5580000)
  object space 196096K, 99% used [0x0000000080000000,0x000000008bf54588,0x000000008bf80000)
 Metaspace       used 70419K, committed 72064K, reserved 1114112K
  class space    used 7415K, committed 8128K, reserved 1048576K
}
Event: 1425.506 GC heap after
{Heap after GC invocations=117 (full 3):
 PSYoungGen      total 4096K, used 352K [0x00000000d5580000, 0x00000000d6000000, 0x0000000100000000)
  eden space 3584K, 0% used [0x00000000d5580000,0x00000000d5580000,0x00000000d5900000)
  from space 512K, 68% used [0x00000000d5f80000,0x00000000d5fd8000,0x00000000d6000000)
  to   space 512K, 0% used [0x00000000d5f00000,0x00000000d5f00000,0x00000000d5f80000)
 ParOldGen       total 196096K, used 196017K [0x0000000080000000, 0x000000008bf80000, 0x00000000d5580000)
  object space 196096K, 99% used [0x0000000080000000,0x000000008bf6c588,0x000000008bf80000)
 Metaspace       used 70419K, committed 72064K, reserved 1114112K
  class space    used 7415K, committed 8128K, reserved 1048576K
}

