# JRE version: OpenJDK Runtime Environment Temurin-21.0.10+7 (21.0.10+7) (build 21.0.10+7-LTS)
# Java VM: OpenJDK 64-Bit Server VM Temurin-21.0.10+7 (21.0.10+7-LTS, mixed mode, sharing, tiered, compressed oops, compressed class ptrs, parallel gc, windows-amd64)
GC Precious Log:
 CardTable entry size: 512
 CPUs: 12 total, 12 available
 Memory: 7501M
 Large Page Support: Disabled
 NUMA Support: Disabled
 Compressed Oops: Enabled (32-bit)
 Alignments: Space 512K, Generation 512K, Heap 2M
 Heap Min Capacity: 100M
 Heap Initial Capacity: 100M
 Heap Max Capacity: 2G
 Pre-touch: Disabled
 Parallel Workers: 10
Heap:
 PSYoungGen      total 6144K, used 3197K [0x00000000d5580000, 0x00000000d5c80000, 0x0000000100000000)
  eden space 5120K, 49% used [0x00000000d5580000,0x00000000d57fa298,0x00000000d5a80000)
  from space 1024K, 64% used [0x00000000d5a80000,0x00000000d5b25220,0x00000000d5b80000)
  to   space 1024K, 0% used [0x00000000d5b80000,0x00000000d5b80000,0x00000000d5c80000)
 ParOldGen       total 188416K, used 188150K [0x0000000080000000, 0x000000008b800000, 0x00000000d5580000)
  object space 188416K, 99% used [0x0000000080000000,0x000000008b7bd818,0x000000008b800000)
 Metaspace       used 69967K, committed 71424K, reserved 1114112K
  class space    used 7513K, committed 8128K, reserved 1048576K
GC Heap History (20 events):
Event: 68.172 GC heap before
{Heap before GC invocations=207 (full 3):
 PSYoungGen      total 6656K, used 6211K [0x00000000d5580000, 0x00000000d5d80000, 0x0000000100000000)
  eden space 5120K, 100% used [0x00000000d5580000,0x00000000d5a80000,0x00000000d5a80000)
  from space 1536K, 71% used [0x00000000d5a80000,0x00000000d5b90e58,0x00000000d5c00000)
  to   space 1536K, 0% used [0x00000000d5c00000,0x00000000d5c00000,0x00000000d5d80000)
 ParOldGen       total 182272K, used 181766K [0x0000000080000000, 0x000000008b200000, 0x00000000d5580000)
  object space 182272K, 99% used [0x0000000080000000,0x000000008b181848,0x000000008b200000)
 Metaspace       used 67013K, committed 68416K, reserved 1114112K
  class space    used 7186K, committed 7744K, reserved 1048576K
}
Event: 68.176 GC heap after
{Heap after GC invocations=207 (full 3):
 PSYoungGen      total 6144K, used 704K [0x00000000d5580000, 0x00000000d5d00000, 0x0000000100000000)
  eden space 5120K, 0% used [0x00000000d5580000,0x00000000d5580000,0x00000000d5a80000)
  from space 1024K, 68% used [0x00000000d5c00000,0x00000000d5cb0000,0x00000000d5d00000)
  to   space 1024K, 0% used [0x00000000d5b00000,0x00000000d5b00000,0x00000000d5c00000)
 ParOldGen       total 182784K, used 182639K [0x0000000080000000, 0x000000008b280000, 0x00000000d5580000)
  object space 182784K, 99% used [0x0000000080000000,0x000000008b25bdb0,0x000000008b280000)
 Metaspace       used 67013K, committed 68416K, reserved 1114112K
  class space    used 7186K, committed 7744K, reserved 1048576K
}
Event: 68.261 GC heap before
{Heap before GC invocations=208 (full 3):
 PSYoungGen      total 6144K, used 5824K [0x00000000d5580000, 0x00000000d5d00000, 0x0000000100000000)
  eden space 5120K, 100% used [0x00000000d5580000,0x00000000d5a80000,0x00000000d5a80000)
  from space 1024K, 68% used [0x00000000d5c00000,0x00000000d5cb0000,0x00000000d5d00000)
  to   space 1024K, 0% used [0x00000000d5b00000,0x00000000d5b00000,0x00000000d5c00000)
 ParOldGen       total 182784K, used 182639K [0x0000000080000000, 0x000000008b280000, 0x00000000d5580000)
  object space 182784K, 99% used [0x0000000080000000,0x000000008b25bdb0,0x000000008b280000)
 Metaspace       used 67252K, committed 68608K, reserved 1114112K
  class space    used 7213K, committed 7744K, reserved 1048576K
}
Event: 68.264 GC heap after
{Heap after GC invocations=208 (full 3):
 PSYoungGen      total 5632K, used 512K [0x00000000d5580000, 0x00000000d5c80000, 0x0000000100000000)
  eden space 5120K, 0% used [0x00000000d5580000,0x00000000d5580000,0x00000000d5a80000)
  from space 512K, 100% used [0x00000000d5b00000,0x00000000d5b80000,0x00000000d5b80000)
  to   space 1024K, 0% used [0x00000000d5b80000,0x00000000d5b80000,0x00000000d5c80000)
 ParOldGen       total 183296K, used 183011K [0x0000000080000000, 0x000000008b300000, 0x00000000d5580000)
  object space 183296K, 99% used [0x0000000080000000,0x000000008b2b8f58,0x000000008b300000)
 Metaspace       used 67252K, committed 68608K, reserved 1114112K
  class space    used 7213K, committed 7744K, reserved 1048576K
}
Event: 68.317 GC heap before
{Heap before GC invocations=209 (full 3):
 PSYoungGen      total 5632K, used 5619K [0x00000000d5580000, 0x00000000d5c80000, 0x0000000100000000)
  eden space 5120K, 99% used [0x00000000d5580000,0x00000000d5a7cfa8,0x00000000d5a80000)
  from space 512K, 100% used [0x00000000d5b00000,0x00000000d5b80000,0x00000000d5b80000)
  to   space 1024K, 0% used [0x00000000d5b80000,0x00000000d5b80000,0x00000000d5c80000)
 ParOldGen       total 183296K, used 183011K [0x0000000080000000, 0x000000008b300000, 0x00000000d5580000)
  object space 183296K, 99% used [0x0000000080000000,0x000000008b2b8f58,0x000000008b300000)
 Metaspace       used 67292K, committed 68672K, reserved 1114112K
  class space    used 7215K, committed 7744K, reserved 1048576K
}
Event: 68.319 GC heap after
{Heap after GC invocations=209 (full 3):
 PSYoungGen      total 5632K, used 480K [0x00000000d5580000, 0x00000000d5c00000, 0x0000000100000000)
  eden space 5120K, 0% used [0x00000000d5580000,0x00000000d5580000,0x00000000d5a80000)
  from space 512K, 93% used [0x00000000d5b80000,0x00000000d5bf8000,0x00000000d5c00000)
  to   space 512K, 0% used [0x00000000d5b00000,0x00000000d5b00000,0x00000000d5b80000)
 ParOldGen       total 183808K, used 183399K [0x0000000080000000, 0x000000008b380000, 0x00000000d5580000)
  object space 183808K, 99% used [0x0000000080000000,0x000000008b319f68,0x000000008b380000)
 Metaspace       used 67292K, committed 68672K, reserved 1114112K
  class space    used 7215K, committed 7744K, reserved 1048576K
}
Event: 68.488 GC heap before
{Heap before GC invocations=210 (full 3):
 PSYoungGen      total 5632K, used 5600K [0x00000000d5580000, 0x00000000d5c00000, 0x0000000100000000)
  eden space 5120K, 100% used [0x00000000d5580000,0x00000000d5a80000,0x00000000d5a80000)
  from space 512K, 93% used [0x00000000d5b80000,0x00000000d5bf8000,0x00000000d5c00000)
  to   space 512K, 0% used [0x00000000d5b00000,0x00000000d5b00000,0x00000000d5b80000)
 ParOldGen       total 183808K, used 183399K [0x0000000080000000, 0x000000008b380000, 0x00000000d5580000)
  object space 183808K, 99% used [0x0000000080000000,0x000000008b319f68,0x000000008b380000)
 Metaspace       used 67713K, committed 69056K, reserved 1114112K
  class space    used 7293K, committed 7808K, reserved 1048576K
}
Event: 68.490 GC heap after
{Heap after GC invocations=210 (full 3):
 PSYoungGen      total 5632K, used 503K [0x00000000d5580000, 0x00000000d5d80000, 0x0000000100000000)
  eden space 5120K, 0% used [0x00000000d5580000,0x00000000d5580000,0x00000000d5a80000)
  from space 512K, 98% used [0x00000000d5b00000,0x00000000d5b7dc68,0x00000000d5b80000)
  to   space 1536K, 0% used [0x00000000d5c00000,0x00000000d5c00000,0x00000000d5d80000)
 ParOldGen       total 184320K, used 183941K [0x0000000080000000, 0x000000008b400000, 0x00000000d5580000)
  object space 184320K, 99% used [0x0000000080000000,0x000000008b3a1608,0x000000008b400000)
 Metaspace       used 67713K, committed 69056K, reserved 1114112K
  class space    used 7293K, committed 7808K, reserved 1048576K
}
Event: 68.717 GC heap before
{Heap before GC invocations=211 (full 3):
 PSYoungGen      total 5632K, used 5606K [0x00000000d5580000, 0x00000000d5d80000, 0x0000000100000000)
  eden space 5120K, 99% used [0x00000000d5580000,0x00000000d5a7bc38,0x00000000d5a80000)
  from space 512K, 98% used [0x00000000d5b00000,0x00000000d5b7dc68,0x00000000d5b80000)
  to   space 1536K, 0% used [0x00000000d5c00000,0x00000000d5c00000,0x00000000d5d80000)
 ParOldGen       total 184320K, used 183941K [0x0000000080000000, 0x000000008b400000, 0x00000000d5580000)
  object space 184320K, 99% used [0x0000000080000000,0x000000008b3a1608,0x000000008b400000)
 Metaspace       used 68345K, committed 69824K, reserved 1114112K
  class space    used 7348K, committed 7936K, reserved 1048576K
}
Event: 68.720 GC heap after
{Heap after GC invocations=211 (full 3):
 PSYoungGen      total 5632K, used 473K [0x00000000d5580000, 0x00000000d5c80000, 0x0000000100000000)
  eden space 5120K, 0% used [0x00000000d5580000,0x00000000d5580000,0x00000000d5a80000)
  from space 512K, 92% used [0x00000000d5c00000,0x00000000d5c76470,0x00000000d5c80000)
  to   space 1024K, 0% used [0x00000000d5a80000,0x00000000d5a80000,0x00000000d5b80000)
 ParOldGen       total 184832K, used 184429K [0x0000000080000000, 0x000000008b480000, 0x00000000d5580000)
  object space 184832K, 99% used [0x0000000080000000,0x000000008b41b4d8,0x000000008b480000)
 Metaspace       used 68345K, committed 69824K, reserved 1114112K
  class space    used 7348K, committed 7936K, reserved 1048576K
}
Event: 68.940 GC heap before
{Heap before GC invocations=212 (full 3):
 PSYoungGen      total 5632K, used 5105K [0x00000000d5580000, 0x00000000d5c80000, 0x0000000100000000)
  eden space 5120K, 90% used [0x00000000d5580000,0x00000000d5a05fb8,0x00000000d5a80000)
  from space 512K, 92% used [0x00000000d5c00000,0x00000000d5c76470,0x00000000d5c80000)
  to   space 1024K, 0% used [0x00000000d5a80000,0x00000000d5a80000,0x00000000d5b80000)
 ParOldGen       total 186880K, used 186191K [0x0000000080000000, 0x000000008b680000, 0x00000000d5580000)
  object space 186880K, 99% used [0x0000000080000000,0x000000008b5d3f28,0x000000008b680000)
 Metaspace       used 68824K, committed 70272K, reserved 1114112K
  class space    used 7394K, committed 7936K, reserved 1048576K
}
Event: 68.943 GC heap after
{Heap after GC invocations=212 (full 3):
 PSYoungGen      total 6144K, used 544K [0x00000000d5580000, 0x00000000d5c80000, 0x0000000100000000)
  eden space 5120K, 0% used [0x00000000d5580000,0x00000000d5580000,0x00000000d5a80000)
  from space 1024K, 53% used [0x00000000d5a80000,0x00000000d5b08020,0x00000000d5b80000)
  to   space 1024K, 0% used [0x00000000d5b80000,0x00000000d5b80000,0x00000000d5c80000)
 ParOldGen       total 186880K, used 186476K [0x0000000080000000, 0x000000008b680000, 0x00000000d5580000)
  object space 186880K, 99% used [0x0000000080000000,0x000000008b61b2a8,0x000000008b680000)
 Metaspace       used 68824K, committed 70272K, reserved 1114112K
  class space    used 7394K, committed 7936K, reserved 1048576K
}
Event: 69.022 GC heap before
{Heap before GC invocations=213 (full 3):
 PSYoungGen      total 6144K, used 5664K [0x00000000d5580000, 0x00000000d5c80000, 0x0000000100000000)
  eden space 5120K, 100% used [0x00000000d5580000,0x00000000d5a80000,0x00000000d5a80000)
  from space 1024K, 53% used [0x00000000d5a80000,0x00000000d5b08020,0x00000000d5b80000)
  to   space 1024K, 0% used [0x00000000d5b80000,0x00000000d5b80000,0x00000000d5c80000)
 ParOldGen       total 186880K, used 186486K [0x0000000080000000, 0x000000008b680000, 0x00000000d5580000)
  object space 186880K, 99% used [0x0000000080000000,0x000000008b61da60,0x000000008b680000)
 Metaspace       used 69008K, committed 70400K, reserved 1114112K
  class space    used 7412K, committed 7936K, reserved 1048576K
}
Event: 69.024 GC heap after
{Heap after GC invocations=213 (full 3):
 PSYoungGen      total 6144K, used 730K [0x00000000d5580000, 0x00000000d5c80000, 0x0000000100000000)
  eden space 5120K, 0% used [0x00000000d5580000,0x00000000d5580000,0x00000000d5a80000)
  from space 1024K, 71% used [0x00000000d5b80000,0x00000000d5c36900,0x00000000d5c80000)
  to   space 1024K, 0% used [0x00000000d5a80000,0x00000000d5a80000,0x00000000d5b80000)
 ParOldGen       total 186880K, used 186860K [0x0000000080000000, 0x000000008b680000, 0x00000000d5580000)
  object space 186880K, 99% used [0x0000000080000000,0x000000008b67b230,0x000000008b680000)
 Metaspace       used 69008K, committed 70400K, reserved 1114112K
  class space    used 7412K, committed 7936K, reserved 1048576K
}
Event: 69.089 GC heap before
{Heap before GC invocations=214 (full 3):
 PSYoungGen      total 6144K, used 5850K [0x00000000d5580000, 0x00000000d5c80000, 0x0000000100000000)
  eden space 5120K, 99% used [0x00000000d5580000,0x00000000d5a7fff8,0x00000000d5a80000)
  from space 1024K, 71% used [0x00000000d5b80000,0x00000000d5c36900,0x00000000d5c80000)
  to   space 1024K, 0% used [0x00000000d5a80000,0x00000000d5a80000,0x00000000d5b80000)
 ParOldGen       total 186880K, used 186860K [0x0000000080000000, 0x000000008b680000, 0x00000000d5580000)
  object space 186880K, 99% used [0x0000000080000000,0x000000008b67b230,0x000000008b680000)
 Metaspace       used 69184K, committed 70592K, reserved 1114112K
  class space    used 7429K, committed 8000K, reserved 1048576K
}
Event: 69.090 GC heap after
{Heap after GC invocations=214 (full 3):
 PSYoungGen      total 6144K, used 672K [0x00000000d5580000, 0x00000000d5c80000, 0x0000000100000000)
  eden space 5120K, 0% used [0x00000000d5580000,0x00000000d5580000,0x00000000d5a80000)
  from space 1024K, 65% used [0x00000000d5a80000,0x00000000d5b28000,0x00000000d5b80000)
  to   space 1024K, 0% used [0x00000000d5b80000,0x00000000d5b80000,0x00000000d5c80000)
 ParOldGen       total 187904K, used 187437K [0x0000000080000000, 0x000000008b780000, 0x00000000d5580000)
  object space 187904K, 99% used [0x0000000080000000,0x000000008b70b6a8,0x000000008b780000)
 Metaspace       used 69184K, committed 70592K, reserved 1114112K
  class space    used 7429K, committed 8000K, reserved 1048576K
}
Event: 92.631 GC heap before
{Heap before GC invocations=215 (full 3):
 PSYoungGen      total 6144K, used 5792K [0x00000000d5580000, 0x00000000d5c80000, 0x0000000100000000)
  eden space 5120K, 100% used [0x00000000d5580000,0x00000000d5a80000,0x00000000d5a80000)
  from space 1024K, 65% used [0x00000000d5a80000,0x00000000d5b28000,0x00000000d5b80000)
  to   space 1024K, 0% used [0x00000000d5b80000,0x00000000d5b80000,0x00000000d5c80000)
 ParOldGen       total 187904K, used 187437K [0x0000000080000000, 0x000000008b780000, 0x00000000d5580000)
  object space 187904K, 99% used [0x0000000080000000,0x000000008b70b6a8,0x000000008b780000)
 Metaspace       used 69581K, committed 71040K, reserved 1114112K
  class space    used 7459K, committed 8064K, reserved 1048576K
}
Event: 92.634 GC heap after
{Heap after GC invocations=215 (full 3):
 PSYoungGen      total 6144K, used 448K [0x00000000d5580000, 0x00000000d5c80000, 0x0000000100000000)
  eden space 5120K, 0% used [0x00000000d5580000,0x00000000d5580000,0x00000000d5a80000)
  from space 1024K, 43% used [0x00000000d5b80000,0x00000000d5bf0000,0x00000000d5c80000)
  to   space 1024K, 0% used [0x00000000d5a80000,0x00000000d5a80000,0x00000000d5b80000)
 ParOldGen       total 187904K, used 187853K [0x0000000080000000, 0x000000008b780000, 0x00000000d5580000)
  object space 187904K, 99% used [0x0000000080000000,0x000000008b773618,0x000000008b780000)
 Metaspace       used 69581K, committed 71040K, reserved 1114112K
  class space    used 7459K, committed 8064K, reserved 1048576K
}
Event: 799.627 GC heap before
{Heap before GC invocations=216 (full 3):
 PSYoungGen      total 6144K, used 5567K [0x00000000d5580000, 0x00000000d5c80000, 0x0000000100000000)
  eden space 5120K, 99% used [0x00000000d5580000,0x00000000d5a7ffe0,0x00000000d5a80000)
  from space 1024K, 43% used [0x00000000d5b80000,0x00000000d5bf0000,0x00000000d5c80000)
  to   space 1024K, 0% used [0x00000000d5a80000,0x00000000d5a80000,0x00000000d5b80000)
 ParOldGen       total 187904K, used 187853K [0x0000000080000000, 0x000000008b780000, 0x00000000d5580000)
  object space 187904K, 99% used [0x0000000080000000,0x000000008b773618,0x000000008b780000)
 Metaspace       used 69881K, committed 71296K, reserved 1114112K
  class space    used 7513K, committed 8128K, reserved 1048576K
}
Event: 799.702 GC heap after
{Heap after GC invocations=216 (full 3):
 PSYoungGen      total 6144K, used 660K [0x00000000d5580000, 0x00000000d5c80000, 0x0000000100000000)
  eden space 5120K, 0% used [0x00000000d5580000,0x00000000d5580000,0x00000000d5a80000)
  from space 1024K, 64% used [0x00000000d5a80000,0x00000000d5b25220,0x00000000d5b80000)
  to   space 1024K, 0% used [0x00000000d5b80000,0x00000000d5b80000,0x00000000d5c80000)
 ParOldGen       total 188416K, used 188150K [0x0000000080000000, 0x000000008b800000, 0x00000000d5580000)
  object space 188416K, 99% used [0x0000000080000000,0x000000008b7bd818,0x000000008b800000)
 Metaspace       used 69881K, committed 71296K, reserved 1114112K
  class space    used 7513K, committed 8128K, reserved 1048576K
}

