# JRE version: OpenJDK Runtime Environment Temurin-21.0.10+7 (21.0.10+7) (build 21.0.10+7-LTS)
# Java VM: OpenJDK 64-Bit Server VM Temurin-21.0.10+7 (21.0.10+7-LTS, mixed mode, sharing, tiered, compressed oops, compressed class ptrs, parallel gc, windows-amd64)
GC Precious Log:
 CardTable entry size: 512
 CPUs: 12 total, 12 available
 Memory: 7501M
 Large Page Support: Disabled
 NUMA Support: Disabled
 Compressed Oops: Enabled (32-bit)
 Alignments: Space 512K, Generation 512K, Heap 2M
 Heap Min Capacity: 100M
 Heap Initial Capacity: 100M
 Heap Max Capacity: 2G
 Pre-touch: Disabled
 Parallel Workers: 10
Heap:
 PSYoungGen      total 5120K, used 3913K [0x00000000d5580000, 0x00000000d5b80000, 0x0000000100000000)
  eden space 4608K, 77% used [0x00000000d5580000,0x00000000d58fe748,0x00000000d5a00000)
  from space 512K, 65% used [0x00000000d5a80000,0x00000000d5ad4040,0x00000000d5b00000)
  to   space 512K, 0% used [0x00000000d5b00000,0x00000000d5b00000,0x00000000d5b80000)
 ParOldGen       total 548352K, used 548316K [0x0000000080000000, 0x00000000a1780000, 0x00000000d5580000)
  object space 548352K, 99% used [0x0000000080000000,0x00000000a1777300,0x00000000a1780000)
 Metaspace       used 88603K, committed 90560K, reserved 1179648K
  class space    used 9156K, committed 10048K, reserved 1048576K
GC Heap History (20 events):
Event: 876.660 GC heap before
{Heap before GC invocations=762 (full 4):
 PSYoungGen      total 5120K, used 4864K [0x00000000d5580000, 0x00000000d5b80000, 0x0000000100000000)
  eden space 4608K, 100% used [0x00000000d5580000,0x00000000d5a00000,0x00000000d5a00000)
  from space 512K, 50% used [0x00000000d5a80000,0x00000000d5ac0000,0x00000000d5b00000)
  to   space 512K, 0% used [0x00000000d5b00000,0x00000000d5b00000,0x00000000d5b80000)
 ParOldGen       total 548352K, used 547908K [0x0000000080000000, 0x00000000a1780000, 0x00000000d5580000)
  object space 548352K, 99% used [0x0000000080000000,0x00000000a1711300,0x00000000a1780000)
 Metaspace       used 88537K, committed 90496K, reserved 1179648K
  class space    used 9156K, committed 10048K, reserved 1048576K
}
Event: 876.662 GC heap after
{Heap after GC invocations=762 (full 4):
 PSYoungGen      total 5120K, used 320K [0x00000000d5580000, 0x00000000d5b80000, 0x0000000100000000)
  eden space 4608K, 0% used [0x00000000d5580000,0x00000000d5580000,0x00000000d5a00000)
  from space 512K, 62% used [0x00000000d5b00000,0x00000000d5b50000,0x00000000d5b80000)
  to   space 512K, 0% used [0x00000000d5a80000,0x00000000d5a80000,0x00000000d5b00000)
 ParOldGen       total 548352K, used 547988K [0x0000000080000000, 0x00000000a1780000, 0x00000000d5580000)
  object space 548352K, 99% used [0x0000000080000000,0x00000000a1725300,0x00000000a1780000)
 Metaspace       used 88537K, committed 90496K, reserved 1179648K
  class space    used 9156K, committed 10048K, reserved 1048576K
}
Event: 883.691 GC heap before
{Heap before GC invocations=763 (full 4):
 PSYoungGen      total 5120K, used 4928K [0x00000000d5580000, 0x00000000d5b80000, 0x0000000100000000)
  eden space 4608K, 100% used [0x00000000d5580000,0x00000000d5a00000,0x00000000d5a00000)
  from space 512K, 62% used [0x00000000d5b00000,0x00000000d5b50000,0x00000000d5b80000)
  to   space 512K, 0% used [0x00000000d5a80000,0x00000000d5a80000,0x00000000d5b00000)
 ParOldGen       total 548352K, used 547988K [0x0000000080000000, 0x00000000a1780000, 0x00000000d5580000)
  object space 548352K, 99% used [0x0000000080000000,0x00000000a1725300,0x00000000a1780000)
 Metaspace       used 88545K, committed 90496K, reserved 1179648K
  class space    used 9156K, committed 10048K, reserved 1048576K
}
Event: 883.694 GC heap after
{Heap after GC invocations=763 (full 4):
 PSYoungGen      total 5120K, used 208K [0x00000000d5580000, 0x00000000d5b80000, 0x0000000100000000)
  eden space 4608K, 0% used [0x00000000d5580000,0x00000000d5580000,0x00000000d5a00000)
  from space 512K, 40% used [0x00000000d5a80000,0x00000000d5ab4040,0x00000000d5b00000)
  to   space 512K, 0% used [0x00000000d5b00000,0x00000000d5b00000,0x00000000d5b80000)
 ParOldGen       total 548352K, used 548020K [0x0000000080000000, 0x00000000a1780000, 0x00000000d5580000)
  object space 548352K, 99% used [0x0000000080000000,0x00000000a172d300,0x00000000a1780000)
 Metaspace       used 88545K, committed 90496K, reserved 1179648K
  class space    used 9156K, committed 10048K, reserved 1048576K
}
Event: 883.805 GC heap before
{Heap before GC invocations=764 (full 4):
 PSYoungGen      total 5120K, used 4816K [0x00000000d5580000, 0x00000000d5b80000, 0x0000000100000000)
  eden space 4608K, 100% used [0x00000000d5580000,0x00000000d5a00000,0x00000000d5a00000)
  from space 512K, 40% used [0x00000000d5a80000,0x00000000d5ab4040,0x00000000d5b00000)
  to   space 512K, 0% used [0x00000000d5b00000,0x00000000d5b00000,0x00000000d5b80000)
 ParOldGen       total 548352K, used 548020K [0x0000000080000000, 0x00000000a1780000, 0x00000000d5580000)
  object space 548352K, 99% used [0x0000000080000000,0x00000000a172d300,0x00000000a1780000)
 Metaspace       used 88557K, committed 90496K, reserved 1179648K
  class space    used 9156K, committed 10048K, reserved 1048576K
}
Event: 883.808 GC heap after
{Heap after GC invocations=764 (full 4):
 PSYoungGen      total 5120K, used 160K [0x00000000d5580000, 0x00000000d5b80000, 0x0000000100000000)
  eden space 4608K, 0% used [0x00000000d5580000,0x00000000d5580000,0x00000000d5a00000)
  from space 512K, 31% used [0x00000000d5b00000,0x00000000d5b28000,0x00000000d5b80000)
  to   space 512K, 0% used [0x00000000d5a80000,0x00000000d5a80000,0x00000000d5b00000)
 ParOldGen       total 548352K, used 548100K [0x0000000080000000, 0x00000000a1780000, 0x00000000d5580000)
  object space 548352K, 99% used [0x0000000080000000,0x00000000a1741300,0x00000000a1780000)
 Metaspace       used 88557K, committed 90496K, reserved 1179648K
  class space    used 9156K, committed 10048K, reserved 1048576K
}
Event: 883.883 GC heap before
{Heap before GC invocations=765 (full 4):
 PSYoungGen      total 5120K, used 4768K [0x00000000d5580000, 0x00000000d5b80000, 0x0000000100000000)
  eden space 4608K, 100% used [0x00000000d5580000,0x00000000d5a00000,0x00000000d5a00000)
  from space 512K, 31% used [0x00000000d5b00000,0x00000000d5b28000,0x00000000d5b80000)
  to   space 512K, 0% used [0x00000000d5a80000,0x00000000d5a80000,0x00000000d5b00000)
 ParOldGen       total 548352K, used 548100K [0x0000000080000000, 0x00000000a1780000, 0x00000000d5580000)
  object space 548352K, 99% used [0x0000000080000000,0x00000000a1741300,0x00000000a1780000)
 Metaspace       used 88571K, committed 90560K, reserved 1179648K
  class space    used 9156K, committed 10048K, reserved 1048576K
}
Event: 883.887 GC heap after
{Heap after GC invocations=765 (full 4):
 PSYoungGen      total 5120K, used 352K [0x00000000d5580000, 0x00000000d5b80000, 0x0000000100000000)
  eden space 4608K, 0% used [0x00000000d5580000,0x00000000d5580000,0x00000000d5a00000)
  from space 512K, 68% used [0x00000000d5a80000,0x00000000d5ad8000,0x00000000d5b00000)
  to   space 512K, 0% used [0x00000000d5b00000,0x00000000d5b00000,0x00000000d5b80000)
 ParOldGen       total 548352K, used 548156K [0x0000000080000000, 0x00000000a1780000, 0x00000000d5580000)
  object space 548352K, 99% used [0x0000000080000000,0x00000000a174f300,0x00000000a1780000)
 Metaspace       used 88571K, committed 90560K, reserved 1179648K
  class space    used 9156K, committed 10048K, reserved 1048576K
}
Event: 884.540 GC heap before
{Heap before GC invocations=766 (full 4):
 PSYoungGen      total 5120K, used 4960K [0x00000000d5580000, 0x00000000d5b80000, 0x0000000100000000)
  eden space 4608K, 100% used [0x00000000d5580000,0x00000000d5a00000,0x00000000d5a00000)
  from space 512K, 68% used [0x00000000d5a80000,0x00000000d5ad8000,0x00000000d5b00000)
  to   space 512K, 0% used [0x00000000d5b00000,0x00000000d5b00000,0x00000000d5b80000)
 ParOldGen       total 548352K, used 548156K [0x0000000080000000, 0x00000000a1780000, 0x00000000d5580000)
  object space 548352K, 99% used [0x0000000080000000,0x00000000a174f300,0x00000000a1780000)
 Metaspace       used 88578K, committed 90560K, reserved 1179648K
  class space    used 9156K, committed 10048K, reserved 1048576K
}
Event: 884.544 GC heap after
{Heap after GC invocations=766 (full 4):
 PSYoungGen      total 5120K, used 474K [0x00000000d5580000, 0x00000000d5b80000, 0x0000000100000000)
  eden space 4608K, 0% used [0x00000000d5580000,0x00000000d5580000,0x00000000d5a00000)
  from space 512K, 92% used [0x00000000d5b00000,0x00000000d5b76900,0x00000000d5b80000)
  to   space 512K, 0% used [0x00000000d5a80000,0x00000000d5a80000,0x00000000d5b00000)
 ParOldGen       total 548352K, used 548220K [0x0000000080000000, 0x00000000a1780000, 0x00000000d5580000)
  object space 548352K, 99% used [0x0000000080000000,0x00000000a175f300,0x00000000a1780000)
 Metaspace       used 88578K, committed 90560K, reserved 1179648K
  class space    used 9156K, committed 10048K, reserved 1048576K
}
Event: 884.746 GC heap before
{Heap before GC invocations=767 (full 4):
 PSYoungGen      total 5120K, used 5082K [0x00000000d5580000, 0x00000000d5b80000, 0x0000000100000000)
  eden space 4608K, 100% used [0x00000000d5580000,0x00000000d5a00000,0x00000000d5a00000)
  from space 512K, 92% used [0x00000000d5b00000,0x00000000d5b76900,0x00000000d5b80000)
  to   space 512K, 0% used [0x00000000d5a80000,0x00000000d5a80000,0x00000000d5b00000)
 ParOldGen       total 548352K, used 548220K [0x0000000080000000, 0x00000000a1780000, 0x00000000d5580000)
  object space 548352K, 99% used [0x0000000080000000,0x00000000a175f300,0x00000000a1780000)
 Metaspace       used 88580K, committed 90560K, reserved 1179648K
  class space    used 9156K, committed 10048K, reserved 1048576K
}
Event: 884.751 GC heap after
{Heap after GC invocations=767 (full 4):
 PSYoungGen      total 5120K, used 378K [0x00000000d5580000, 0x00000000d5b80000, 0x0000000100000000)
  eden space 4608K, 0% used [0x00000000d5580000,0x00000000d5580000,0x00000000d5a00000)
  from space 512K, 73% used [0x00000000d5a80000,0x00000000d5ade900,0x00000000d5b00000)
  to   space 512K, 0% used [0x00000000d5b00000,0x00000000d5b00000,0x00000000d5b80000)
 ParOldGen       total 548352K, used 548236K [0x0000000080000000, 0x00000000a1780000, 0x00000000d5580000)
  object space 548352K, 99% used [0x0000000080000000,0x00000000a1763300,0x00000000a1780000)
 Metaspace       used 88580K, committed 90560K, reserved 1179648K
  class space    used 9156K, committed 10048K, reserved 1048576K
}
Event: 884.781 GC heap before
{Heap before GC invocations=768 (full 4):
 PSYoungGen      total 5120K, used 4986K [0x00000000d5580000, 0x00000000d5b80000, 0x0000000100000000)
  eden space 4608K, 100% used [0x00000000d5580000,0x00000000d5a00000,0x00000000d5a00000)
  from space 512K, 73% used [0x00000000d5a80000,0x00000000d5ade900,0x00000000d5b00000)
  to   space 512K, 0% used [0x00000000d5b00000,0x00000000d5b00000,0x00000000d5b80000)
 ParOldGen       total 548352K, used 548236K [0x0000000080000000, 0x00000000a1780000, 0x00000000d5580000)
  object space 548352K, 99% used [0x0000000080000000,0x00000000a1763300,0x00000000a1780000)
 Metaspace       used 88585K, committed 90560K, reserved 1179648K
  class space    used 9156K, committed 10048K, reserved 1048576K
}
Event: 884.785 GC heap after
{Heap after GC invocations=768 (full 4):
 PSYoungGen      total 5120K, used 128K [0x00000000d5580000, 0x00000000d5b80000, 0x0000000100000000)
  eden space 4608K, 0% used [0x00000000d5580000,0x00000000d5580000,0x00000000d5a00000)
  from space 512K, 25% used [0x00000000d5b00000,0x00000000d5b20000,0x00000000d5b80000)
  to   space 512K, 0% used [0x00000000d5a80000,0x00000000d5a80000,0x00000000d5b00000)
 ParOldGen       total 548352K, used 548236K [0x0000000080000000, 0x00000000a1780000, 0x00000000d5580000)
  object space 548352K, 99% used [0x0000000080000000,0x00000000a1763300,0x00000000a1780000)
 Metaspace       used 88585K, committed 90560K, reserved 1179648K
  class space    used 9156K, committed 10048K, reserved 1048576K
}
Event: 886.392 GC heap before
{Heap before GC invocations=769 (full 4):
 PSYoungGen      total 5120K, used 4736K [0x00000000d5580000, 0x00000000d5b80000, 0x0000000100000000)
  eden space 4608K, 100% used [0x00000000d5580000,0x00000000d5a00000,0x00000000d5a00000)
  from space 512K, 25% used [0x00000000d5b00000,0x00000000d5b20000,0x00000000d5b80000)
  to   space 512K, 0% used [0x00000000d5a80000,0x00000000d5a80000,0x00000000d5b00000)
 ParOldGen       total 548352K, used 548236K [0x0000000080000000, 0x00000000a1780000, 0x00000000d5580000)
  object space 548352K, 99% used [0x0000000080000000,0x00000000a1763300,0x00000000a1780000)
 Metaspace       used 88589K, committed 90560K, reserved 1179648K
  class space    used 9156K, committed 10048K, reserved 1048576K
}
Event: 886.394 GC heap after
{Heap after GC invocations=769 (full 4):
 PSYoungGen      total 5120K, used 192K [0x00000000d5580000, 0x00000000d5b80000, 0x0000000100000000)
  eden space 4608K, 0% used [0x00000000d5580000,0x00000000d5580000,0x00000000d5a00000)
  from space 512K, 37% used [0x00000000d5a80000,0x00000000d5ab0000,0x00000000d5b00000)
  to   space 512K, 0% used [0x00000000d5b00000,0x00000000d5b00000,0x00000000d5b80000)
 ParOldGen       total 548352K, used 548260K [0x0000000080000000, 0x00000000a1780000, 0x00000000d5580000)
  object space 548352K, 99% used [0x0000000080000000,0x00000000a1769300,0x00000000a1780000)
 Metaspace       used 88589K, committed 90560K, reserved 1179648K
  class space    used 9156K, committed 10048K, reserved 1048576K
}
Event: 886.556 GC heap before
{Heap before GC invocations=770 (full 4):
 PSYoungGen      total 5120K, used 4800K [0x00000000d5580000, 0x00000000d5b80000, 0x0000000100000000)
  eden space 4608K, 100% used [0x00000000d5580000,0x00000000d5a00000,0x00000000d5a00000)
  from space 512K, 37% used [0x00000000d5a80000,0x00000000d5ab0000,0x00000000d5b00000)
  to   space 512K, 0% used [0x00000000d5b00000,0x00000000d5b00000,0x00000000d5b80000)
 ParOldGen       total 548352K, used 548260K [0x0000000080000000, 0x00000000a1780000, 0x00000000d5580000)
  object space 548352K, 99% used [0x0000000080000000,0x00000000a1769300,0x00000000a1780000)
 Metaspace       used 88596K, committed 90560K, reserved 1179648K
  class space    used 9156K, committed 10048K, reserved 1048576K
}
Event: 886.559 GC heap after
{Heap after GC invocations=770 (full 4):
 PSYoungGen      total 5120K, used 224K [0x00000000d5580000, 0x00000000d5b80000, 0x0000000100000000)
  eden space 4608K, 0% used [0x00000000d5580000,0x00000000d5580000,0x00000000d5a00000)
  from space 512K, 43% used [0x00000000d5b00000,0x00000000d5b38000,0x00000000d5b80000)
  to   space 512K, 0% used [0x00000000d5a80000,0x00000000d5a80000,0x00000000d5b00000)
 ParOldGen       total 548352K, used 548284K [0x0000000080000000, 0x00000000a1780000, 0x00000000d5580000)
  object space 548352K, 99% used [0x0000000080000000,0x00000000a176f300,0x00000000a1780000)
 Metaspace       used 88596K, committed 90560K, reserved 1179648K
  class space    used 9156K, committed 10048K, reserved 1048576K
}
Event: 886.672 GC heap before
{Heap before GC invocations=771 (full 4):
 PSYoungGen      total 5120K, used 4832K [0x00000000d5580000, 0x00000000d5b80000, 0x0000000100000000)
  eden space 4608K, 100% used [0x00000000d5580000,0x00000000d5a00000,0x00000000d5a00000)
  from space 512K, 43% used [0x00000000d5b00000,0x00000000d5b38000,0x00000000d5b80000)
  to   space 512K, 0% used [0x00000000d5a80000,0x00000000d5a80000,0x00000000d5b00000)
 ParOldGen       total 548352K, used 548284K [0x0000000080000000, 0x00000000a1780000, 0x00000000d5580000)
  object space 548352K, 99% used [0x0000000080000000,0x00000000a176f300,0x00000000a1780000)
 Metaspace       used 88603K, committed 90560K, reserved 1179648K
  class space    used 9156K, committed 10048K, reserved 1048576K
}
Event: 886.675 GC heap after
{Heap after GC invocations=771 (full 4):
 PSYoungGen      total 5120K, used 336K [0x00000000d5580000, 0x00000000d5b80000, 0x0000000100000000)
  eden space 4608K, 0% used [0x00000000d5580000,0x00000000d5580000,0x00000000d5a00000)
  from space 512K, 65% used [0x00000000d5a80000,0x00000000d5ad4040,0x00000000d5b00000)
  to   space 512K, 0% used [0x00000000d5b00000,0x00000000d5b00000,0x00000000d5b80000)
 ParOldGen       total 548352K, used 548316K [0x0000000080000000, 0x00000000a1780000, 0x00000000d5580000)
  object space 548352K, 99% used [0x0000000080000000,0x00000000a1777300,0x00000000a1780000)
 Metaspace       used 88603K, committed 90560K, reserved 1179648K
  class space    used 9156K, committed 10048K, reserved 1048576K
}

