# JRE version: OpenJDK Runtime Environment Temurin-21.0.10+7 (21.0.10+7) (build 21.0.10+7-LTS)
# Java VM: OpenJDK 64-Bit Server VM Temurin-21.0.10+7 (21.0.10+7-LTS, mixed mode, sharing, tiered, compressed oops, compressed class ptrs, parallel gc, windows-amd64)
GC Precious Log:
 CardTable entry size: 512
 CPUs: 12 total, 12 available
 Memory: 7501M
 Large Page Support: Disabled
 NUMA Support: Disabled
 Compressed Oops: Enabled (32-bit)
 Alignments: Space 512K, Generation 512K, Heap 2M
 Heap Min Capacity: 100M
 Heap Initial Capacity: 100M
 Heap Max Capacity: 2G
 Pre-touch: Disabled
 Parallel Workers: 10
Heap:
 PSYoungGen      total 30208K, used 29872K [0x00000000d5580000, 0x00000000d7c80000, 0x0000000100000000)
  eden space 24064K, 100% used [0x00000000d5580000,0x00000000d6d00000,0x00000000d6d00000)
  from space 6144K, 94% used [0x00000000d7680000,0x00000000d7c2c210,0x00000000d7c80000)
  to   space 7168K, 4% used [0x00000000d6e80000,0x00000000d6ec8000,0x00000000d7580000)
 ParOldGen       total 113664K, used 112916K [0x0000000080000000, 0x0000000086f00000, 0x00000000d5580000)
  object space 113664K, 99% used [0x0000000080000000,0x0000000086e51998,0x0000000086f00000)
 Metaspace       used 59790K, committed 61248K, reserved 1114112K
  class space    used 6411K, committed 6976K, reserved 1048576K
GC Heap History (20 events):
Event: 46.759 GC heap before
{Heap before GC invocations=56 (full 3):
 PSYoungGen      total 16896K, used 16791K [0x00000000d5580000, 0x00000000d6700000, 0x0000000100000000)
  eden space 16384K, 100% used [0x00000000d5580000,0x00000000d6580000,0x00000000d6580000)
  from space 512K, 79% used [0x00000000d6680000,0x00000000d66e5e20,0x00000000d6700000)
  to   space 512K, 0% used [0x00000000d6600000,0x00000000d6600000,0x00000000d6680000)
 ParOldGen       total 68608K, used 66750K [0x0000000080000000, 0x0000000084300000, 0x00000000d5580000)
  object space 68608K, 97% used [0x0000000080000000,0x000000008412fbd0,0x0000000084300000)
 Metaspace       used 59503K, committed 60864K, reserved 1114112K
  class space    used 6388K, committed 6912K, reserved 1048576K
}
Event: 46.766 GC heap after
{Heap after GC invocations=56 (full 3):
 PSYoungGen      total 16896K, used 481K [0x00000000d5580000, 0x00000000d7880000, 0x0000000100000000)
  eden space 16384K, 0% used [0x00000000d5580000,0x00000000d5580000,0x00000000d6580000)
  from space 512K, 94% used [0x00000000d6600000,0x00000000d6678658,0x00000000d6680000)
  to   space 9728K, 0% used [0x00000000d6f00000,0x00000000d6f00000,0x00000000d7880000)
 ParOldGen       total 76288K, used 74591K [0x0000000080000000, 0x0000000084a80000, 0x00000000d5580000)
  object space 76288K, 97% used [0x0000000080000000,0x00000000848d7ed0,0x0000000084a80000)
 Metaspace       used 59503K, committed 60864K, reserved 1114112K
  class space    used 6388K, committed 6912K, reserved 1048576K
}
Event: 46.779 GC heap before
{Heap before GC invocations=57 (full 3):
 PSYoungGen      total 16896K, used 6939K [0x00000000d5580000, 0x00000000d7880000, 0x0000000100000000)
  eden space 16384K, 39% used [0x00000000d5580000,0x00000000d5bce5f8,0x00000000d6580000)
  from space 512K, 94% used [0x00000000d6600000,0x00000000d6678658,0x00000000d6680000)
  to   space 9728K, 0% used [0x00000000d6f00000,0x00000000d6f00000,0x00000000d7880000)
 ParOldGen       total 76288K, used 74591K [0x0000000080000000, 0x0000000084a80000, 0x00000000d5580000)
  object space 76288K, 97% used [0x0000000080000000,0x00000000848d7ed0,0x0000000084a80000)
 Metaspace       used 59551K, committed 60928K, reserved 1114112K
  class space    used 6391K, committed 6912K, reserved 1048576K
}
Event: 46.781 GC heap after
{Heap after GC invocations=57 (full 3):
 PSYoungGen      total 16896K, used 288K [0x00000000d5580000, 0x00000000d6f80000, 0x0000000100000000)
  eden space 16384K, 0% used [0x00000000d5580000,0x00000000d5580000,0x00000000d6580000)
  from space 512K, 56% used [0x00000000d6f00000,0x00000000d6f48000,0x00000000d6f80000)
  to   space 3584K, 0% used [0x00000000d6880000,0x00000000d6880000,0x00000000d6c00000)
 ParOldGen       total 76288K, used 74877K [0x0000000080000000, 0x0000000084a80000, 0x00000000d5580000)
  object space 76288K, 98% used [0x0000000080000000,0x000000008491f4a0,0x0000000084a80000)
 Metaspace       used 59551K, committed 60928K, reserved 1114112K
  class space    used 6391K, committed 6912K, reserved 1048576K
}
Event: 46.846 GC heap before
{Heap before GC invocations=58 (full 3):
 PSYoungGen      total 16896K, used 16672K [0x00000000d5580000, 0x00000000d6f80000, 0x0000000100000000)
  eden space 16384K, 100% used [0x00000000d5580000,0x00000000d6580000,0x00000000d6580000)
  from space 512K, 56% used [0x00000000d6f00000,0x00000000d6f48000,0x00000000d6f80000)
  to   space 3584K, 0% used [0x00000000d6880000,0x00000000d6880000,0x00000000d6c00000)
 ParOldGen       total 76288K, used 74877K [0x0000000080000000, 0x0000000084a80000, 0x00000000d5580000)
  object space 76288K, 98% used [0x0000000080000000,0x000000008491f4c8,0x0000000084a80000)
 Metaspace       used 59555K, committed 60928K, reserved 1114112K
  class space    used 6391K, committed 6912K, reserved 1048576K
}
Event: 46.848 GC heap after
{Heap after GC invocations=58 (full 3):
 PSYoungGen      total 16896K, used 16672K [0x00000000d5580000, 0x00000000d6f80000, 0x0000000100000000)
  eden space 16384K, 100% used [0x00000000d5580000,0x00000000d6580000,0x00000000d6580000)
  from space 512K, 56% used [0x00000000d6f00000,0x00000000d6f48000,0x00000000d6f80000)
  to   space 3584K, 9% used [0x00000000d6880000,0x00000000d68d34e0,0x00000000d6c00000)
 ParOldGen       total 76288K, used 75013K [0x0000000080000000, 0x0000000084a80000, 0x00000000d5580000)
  object space 76288K, 98% used [0x0000000080000000,0x00000000849414c8,0x0000000084a80000)
 Metaspace       used 59555K, committed 60928K, reserved 1114112K
  class space    used 6391K, committed 6912K, reserved 1048576K
}
Event: 46.848 GC heap before
{Heap before GC invocations=59 (full 4):
 PSYoungGen      total 16896K, used 16672K [0x00000000d5580000, 0x00000000d6f80000, 0x0000000100000000)
  eden space 16384K, 100% used [0x00000000d5580000,0x00000000d6580000,0x00000000d6580000)
  from space 512K, 56% used [0x00000000d6f00000,0x00000000d6f48000,0x00000000d6f80000)
  to   space 3584K, 9% used [0x00000000d6880000,0x00000000d68d34e0,0x00000000d6c00000)
 ParOldGen       total 76288K, used 75013K [0x0000000080000000, 0x0000000084a80000, 0x00000000d5580000)
  object space 76288K, 98% used [0x0000000080000000,0x00000000849414c8,0x0000000084a80000)
 Metaspace       used 59555K, committed 60928K, reserved 1114112K
  class space    used 6391K, committed 6912K, reserved 1048576K
}
Event: 46.942 GC heap after
{Heap after GC invocations=59 (full 4):
 PSYoungGen      total 22016K, used 0K [0x00000000d5580000, 0x00000000d6f80000, 0x0000000100000000)
  eden space 18432K, 0% used [0x00000000d5580000,0x00000000d5580000,0x00000000d6780000)
  from space 3584K, 0% used [0x00000000d6880000,0x00000000d6880000,0x00000000d6c00000)
  to   space 3584K, 0% used [0x00000000d6c00000,0x00000000d6c00000,0x00000000d6f80000)
 ParOldGen       total 113664K, used 70207K [0x0000000080000000, 0x0000000086f00000, 0x00000000d5580000)
  object space 113664K, 61% used [0x0000000080000000,0x000000008448fd20,0x0000000086f00000)
 Metaspace       used 59555K, committed 60928K, reserved 1114112K
  class space    used 6391K, committed 6912K, reserved 1048576K
}
Event: 47.019 GC heap before
{Heap before GC invocations=60 (full 4):
 PSYoungGen      total 22016K, used 18432K [0x00000000d5580000, 0x00000000d6f80000, 0x0000000100000000)
  eden space 18432K, 100% used [0x00000000d5580000,0x00000000d6780000,0x00000000d6780000)
  from space 3584K, 0% used [0x00000000d6880000,0x00000000d6880000,0x00000000d6c00000)
  to   space 3584K, 0% used [0x00000000d6c00000,0x00000000d6c00000,0x00000000d6f80000)
 ParOldGen       total 113664K, used 92228K [0x0000000080000000, 0x0000000086f00000, 0x00000000d5580000)
  object space 113664K, 81% used [0x0000000080000000,0x0000000085a11238,0x0000000086f00000)
 Metaspace       used 59615K, committed 61120K, reserved 1114112K
  class space    used 6399K, committed 6976K, reserved 1048576K
}
Event: 47.022 GC heap after
{Heap after GC invocations=60 (full 4):
 PSYoungGen      total 22016K, used 1091K [0x00000000d5580000, 0x00000000d6d80000, 0x0000000100000000)
  eden space 20480K, 0% used [0x00000000d5580000,0x00000000d5580000,0x00000000d6980000)
  from space 1536K, 71% used [0x00000000d6c00000,0x00000000d6d10d60,0x00000000d6d80000)
  to   space 1536K, 0% used [0x00000000d6a80000,0x00000000d6a80000,0x00000000d6c00000)
 ParOldGen       total 113664K, used 92236K [0x0000000080000000, 0x0000000086f00000, 0x00000000d5580000)
  object space 113664K, 81% used [0x0000000080000000,0x0000000085a13238,0x0000000086f00000)
 Metaspace       used 59615K, committed 61120K, reserved 1114112K
  class space    used 6399K, committed 6976K, reserved 1048576K
}
Event: 47.071 GC heap before
{Heap before GC invocations=61 (full 4):
 PSYoungGen      total 22016K, used 21571K [0x00000000d5580000, 0x00000000d6d80000, 0x0000000100000000)
  eden space 20480K, 100% used [0x00000000d5580000,0x00000000d6980000,0x00000000d6980000)
  from space 1536K, 71% used [0x00000000d6c00000,0x00000000d6d10d60,0x00000000d6d80000)
  to   space 1536K, 0% used [0x00000000d6a80000,0x00000000d6a80000,0x00000000d6c00000)
 ParOldGen       total 113664K, used 92236K [0x0000000080000000, 0x0000000086f00000, 0x00000000d5580000)
  object space 113664K, 81% used [0x0000000080000000,0x0000000085a13238,0x0000000086f00000)
 Metaspace       used 59675K, committed 61184K, reserved 1114112K
  class space    used 6403K, committed 6976K, reserved 1048576K
}
Event: 47.077 GC heap after
{Heap after GC invocations=61 (full 4):
 PSYoungGen      total 23040K, used 1508K [0x00000000d5580000, 0x00000000d7480000, 0x0000000100000000)
  eden space 21504K, 0% used [0x00000000d5580000,0x00000000d5580000,0x00000000d6a80000)
  from space 1536K, 98% used [0x00000000d6a80000,0x00000000d6bf9078,0x00000000d6c00000)
  to   space 4608K, 0% used [0x00000000d7000000,0x00000000d7000000,0x00000000d7480000)
 ParOldGen       total 113664K, used 94740K [0x0000000080000000, 0x0000000086f00000, 0x00000000d5580000)
  object space 113664K, 83% used [0x0000000080000000,0x0000000085c85238,0x0000000086f00000)
 Metaspace       used 59675K, committed 61184K, reserved 1114112K
  class space    used 6403K, committed 6976K, reserved 1048576K
}
Event: 47.112 GC heap before
{Heap before GC invocations=62 (full 4):
 PSYoungGen      total 23040K, used 23012K [0x00000000d5580000, 0x00000000d7480000, 0x0000000100000000)
  eden space 21504K, 100% used [0x00000000d5580000,0x00000000d6a80000,0x00000000d6a80000)
  from space 1536K, 98% used [0x00000000d6a80000,0x00000000d6bf9078,0x00000000d6c00000)
  to   space 4608K, 0% used [0x00000000d7000000,0x00000000d7000000,0x00000000d7480000)
 ParOldGen       total 113664K, used 94740K [0x0000000080000000, 0x0000000086f00000, 0x00000000d5580000)
  object space 113664K, 83% used [0x0000000080000000,0x0000000085c85238,0x0000000086f00000)
 Metaspace       used 59693K, committed 61184K, reserved 1114112K
  class space    used 6405K, committed 6976K, reserved 1048576K
}
Event: 47.119 GC heap after
{Heap after GC invocations=62 (full 4):
 PSYoungGen      total 27648K, used 3334K [0x00000000d5580000, 0x00000000d7400000, 0x0000000100000000)
  eden space 23552K, 0% used [0x00000000d5580000,0x00000000d5580000,0x00000000d6c80000)
  from space 4096K, 81% used [0x00000000d7000000,0x00000000d73419a0,0x00000000d7400000)
  to   space 3584K, 0% used [0x00000000d6c80000,0x00000000d6c80000,0x00000000d7000000)
 ParOldGen       total 113664K, used 96139K [0x0000000080000000, 0x0000000086f00000, 0x00000000d5580000)
  object space 113664K, 84% used [0x0000000080000000,0x0000000085de2fa8,0x0000000086f00000)
 Metaspace       used 59693K, committed 61184K, reserved 1114112K
  class space    used 6405K, committed 6976K, reserved 1048576K
}
Event: 47.172 GC heap before
{Heap before GC invocations=63 (full 4):
 PSYoungGen      total 27648K, used 26886K [0x00000000d5580000, 0x00000000d7400000, 0x0000000100000000)
  eden space 23552K, 100% used [0x00000000d5580000,0x00000000d6c80000,0x00000000d6c80000)
  from space 4096K, 81% used [0x00000000d7000000,0x00000000d73419a0,0x00000000d7400000)
  to   space 3584K, 0% used [0x00000000d6c80000,0x00000000d6c80000,0x00000000d7000000)
 ParOldGen       total 113664K, used 96139K [0x0000000080000000, 0x0000000086f00000, 0x00000000d5580000)
  object space 113664K, 84% used [0x0000000080000000,0x0000000085de2fa8,0x0000000086f00000)
 Metaspace       used 59758K, committed 61248K, reserved 1114112K
  class space    used 6411K, committed 6976K, reserved 1048576K
}
Event: 47.181 GC heap after
{Heap after GC invocations=63 (full 4):
 PSYoungGen      total 27136K, used 3558K [0x00000000d5580000, 0x00000000d7400000, 0x0000000100000000)
  eden space 23552K, 0% used [0x00000000d5580000,0x00000000d5580000,0x00000000d6c80000)
  from space 3584K, 99% used [0x00000000d6c80000,0x00000000d6ff9a18,0x00000000d7000000)
  to   space 4096K, 0% used [0x00000000d7000000,0x00000000d7000000,0x00000000d7400000)
 ParOldGen       total 113664K, used 100664K [0x0000000080000000, 0x0000000086f00000, 0x00000000d5580000)
  object space 113664K, 88% used [0x0000000080000000,0x000000008624e1a8,0x0000000086f00000)
 Metaspace       used 59758K, committed 61248K, reserved 1114112K
  class space    used 6411K, committed 6976K, reserved 1048576K
}
Event: 47.236 GC heap before
{Heap before GC invocations=64 (full 4):
 PSYoungGen      total 27136K, used 27110K [0x00000000d5580000, 0x00000000d7400000, 0x0000000100000000)
  eden space 23552K, 100% used [0x00000000d5580000,0x00000000d6c80000,0x00000000d6c80000)
  from space 3584K, 99% used [0x00000000d6c80000,0x00000000d6ff9a18,0x00000000d7000000)
  to   space 4096K, 0% used [0x00000000d7000000,0x00000000d7000000,0x00000000d7400000)
 ParOldGen       total 113664K, used 100664K [0x0000000080000000, 0x0000000086f00000, 0x00000000d5580000)
  object space 113664K, 88% used [0x0000000080000000,0x000000008624e1a8,0x0000000086f00000)
 Metaspace       used 59768K, committed 61248K, reserved 1114112K
  class space    used 6411K, committed 6976K, reserved 1048576K
}
Event: 47.242 GC heap after
{Heap after GC invocations=64 (full 4):
 PSYoungGen      total 25600K, used 3823K [0x00000000d5580000, 0x00000000d7a00000, 0x0000000100000000)
  eden space 21504K, 0% used [0x00000000d5580000,0x00000000d5580000,0x00000000d6a80000)
  from space 4096K, 93% used [0x00000000d7000000,0x00000000d73bbcc8,0x00000000d7400000)
  to   space 5632K, 0% used [0x00000000d6a80000,0x00000000d6a80000,0x00000000d7000000)
 ParOldGen       total 113664K, used 104159K [0x0000000080000000, 0x0000000086f00000, 0x00000000d5580000)
  object space 113664K, 91% used [0x0000000080000000,0x00000000865b7e10,0x0000000086f00000)
 Metaspace       used 59768K, committed 61248K, reserved 1114112K
  class space    used 6411K, committed 6976K, reserved 1048576K
}
Event: 47.286 GC heap before
{Heap before GC invocations=65 (full 4):
 PSYoungGen      total 25600K, used 25327K [0x00000000d5580000, 0x00000000d7a00000, 0x0000000100000000)
  eden space 21504K, 100% used [0x00000000d5580000,0x00000000d6a80000,0x00000000d6a80000)
  from space 4096K, 93% used [0x00000000d7000000,0x00000000d73bbcc8,0x00000000d7400000)
  to   space 5632K, 0% used [0x00000000d6a80000,0x00000000d6a80000,0x00000000d7000000)
 ParOldGen       total 113664K, used 104159K [0x0000000080000000, 0x0000000086f00000, 0x00000000d5580000)
  object space 113664K, 91% used [0x0000000080000000,0x00000000865b7e10,0x0000000086f00000)
 Metaspace       used 59775K, committed 61248K, reserved 1114112K
  class space    used 6411K, committed 6976K, reserved 1048576K
}
Event: 47.294 GC heap after
{Heap after GC invocations=65 (full 4):
 PSYoungGen      total 27136K, used 5615K [0x00000000d5580000, 0x00000000d8000000, 0x0000000100000000)
  eden space 21504K, 0% used [0x00000000d5580000,0x00000000d5580000,0x00000000d6a80000)
  from space 5632K, 99% used [0x00000000d6a80000,0x00000000d6ffbed8,0x00000000d7000000)
  to   space 9728K, 0% used [0x00000000d7680000,0x00000000d7680000,0x00000000d8000000)
 ParOldGen       total 113664K, used 107095K [0x0000000080000000, 0x0000000086f00000, 0x00000000d5580000)
  object space 113664K, 94% used [0x0000000080000000,0x0000000086895e10,0x0000000086f00000)
 Metaspace       used 59775K, committed 61248K, reserved 1114112K
  class space    used 6411K, committed 6976K, reserved 1048576K
}

