# JRE version: OpenJDK Runtime Environment Temurin-21.0.10+7 (21.0.10+7) (build 21.0.10+7-LTS)
# Java VM: OpenJDK 64-Bit Server VM Temurin-21.0.10+7 (21.0.10+7-LTS, mixed mode, sharing, tiered, compressed oops, compressed class ptrs, parallel gc, windows-amd64)
GC Precious Log:
 CardTable entry size: 512
 CPUs: 12 total, 12 available
 Memory: 7501M
 Large Page Support: Disabled
 NUMA Support: Disabled
 Compressed Oops: Enabled (32-bit)
 Alignments: Space 512K, Generation 512K, Heap 2M
 Heap Min Capacity: 100M
 Heap Initial Capacity: 100M
 Heap Max Capacity: 2G
 Pre-touch: Disabled
 Parallel Workers: 10
Heap:
 PSYoungGen      total 12800K, used 9008K [0x00000000d5580000, 0x00000000d6380000, 0x0000000100000000)
  eden space 11264K, 68% used [0x00000000d5580000,0x00000000d5d02f28,0x00000000d6080000)
  from space 1536K, 85% used [0x00000000d6100000,0x00000000d6249210,0x00000000d6280000)
  to   space 1024K, 0% used [0x00000000d6280000,0x00000000d6280000,0x00000000d6380000)
 ParOldGen       total 132608K, used 132494K [0x0000000080000000, 0x0000000088180000, 0x00000000d5580000)
  object space 132608K, 99% used [0x0000000080000000,0x0000000088163b58,0x0000000088180000)
 Metaspace       used 74846K, committed 76544K, reserved 1179648K
  class space    used 7853K, committed 8576K, reserved 1048576K
GC Heap History (20 events):
Event: 62.431 GC heap before
{Heap before GC invocations=99 (full 3):
 PSYoungGen      total 16896K, used 16384K [0x00000000d5580000, 0x00000000d6980000, 0x0000000100000000)
  eden space 15872K, 100% used [0x00000000d5580000,0x00000000d6500000,0x00000000d6500000)
  from space 1024K, 50% used [0x00000000d6780000,0x00000000d6800020,0x00000000d6880000)
  to   space 1024K, 0% used [0x00000000d6880000,0x00000000d6880000,0x00000000d6980000)
 ParOldGen       total 88064K, used 87737K [0x0000000080000000, 0x0000000085600000, 0x00000000d5580000)
  object space 88064K, 99% used [0x0000000080000000,0x00000000855ae400,0x0000000085600000)
 Metaspace       used 71717K, committed 73280K, reserved 1179648K
  class space    used 7518K, committed 8192K, reserved 1048576K
}
Event: 62.434 GC heap after
{Heap after GC invocations=99 (full 3):
 PSYoungGen      total 16896K, used 1024K [0x00000000d5580000, 0x00000000d6a00000, 0x0000000100000000)
  eden space 15872K, 0% used [0x00000000d5580000,0x00000000d5580000,0x00000000d6500000)
  from space 1024K, 100% used [0x00000000d6880000,0x00000000d6980000,0x00000000d6980000)
  to   space 2560K, 0% used [0x00000000d6500000,0x00000000d6500000,0x00000000d6780000)
 ParOldGen       total 88576K, used 88534K [0x0000000080000000, 0x0000000085680000, 0x00000000d5580000)
  object space 88576K, 99% used [0x0000000080000000,0x0000000085675b28,0x0000000085680000)
 Metaspace       used 71717K, committed 73280K, reserved 1179648K
  class space    used 7518K, committed 8192K, reserved 1048576K
}
Event: 63.078 GC heap before
{Heap before GC invocations=100 (full 3):
 PSYoungGen      total 16896K, used 16895K [0x00000000d5580000, 0x00000000d6a00000, 0x0000000100000000)
  eden space 15872K, 99% used [0x00000000d5580000,0x00000000d64ffff0,0x00000000d6500000)
  from space 1024K, 100% used [0x00000000d6880000,0x00000000d6980000,0x00000000d6980000)
  to   space 2560K, 0% used [0x00000000d6500000,0x00000000d6500000,0x00000000d6780000)
 ParOldGen       total 88576K, used 88534K [0x0000000080000000, 0x0000000085680000, 0x00000000d5580000)
  object space 88576K, 99% used [0x0000000080000000,0x0000000085675b28,0x0000000085680000)
 Metaspace       used 72400K, committed 74048K, reserved 1179648K
  class space    used 7593K, committed 8256K, reserved 1048576K
}
Event: 63.081 GC heap after
{Heap after GC invocations=100 (full 3):
 PSYoungGen      total 18432K, used 1970K [0x00000000d5580000, 0x00000000d6a00000, 0x0000000100000000)
  eden space 15872K, 0% used [0x00000000d5580000,0x00000000d5580000,0x00000000d6500000)
  from space 2560K, 76% used [0x00000000d6500000,0x00000000d66ecb10,0x00000000d6780000)
  to   space 2560K, 0% used [0x00000000d6780000,0x00000000d6780000,0x00000000d6a00000)
 ParOldGen       total 89600K, used 89424K [0x0000000080000000, 0x0000000085780000, 0x00000000d5580000)
  object space 89600K, 99% used [0x0000000080000000,0x0000000085754250,0x0000000085780000)
 Metaspace       used 72400K, committed 74048K, reserved 1179648K
  class space    used 7593K, committed 8256K, reserved 1048576K
}
Event: 63.155 GC heap before
{Heap before GC invocations=101 (full 3):
 PSYoungGen      total 18432K, used 17842K [0x00000000d5580000, 0x00000000d6a00000, 0x0000000100000000)
  eden space 15872K, 100% used [0x00000000d5580000,0x00000000d6500000,0x00000000d6500000)
  from space 2560K, 76% used [0x00000000d6500000,0x00000000d66ecb10,0x00000000d6780000)
  to   space 2560K, 0% used [0x00000000d6780000,0x00000000d6780000,0x00000000d6a00000)
 ParOldGen       total 89600K, used 89424K [0x0000000080000000, 0x0000000085780000, 0x00000000d5580000)
  object space 89600K, 99% used [0x0000000080000000,0x0000000085754250,0x0000000085780000)
 Metaspace       used 72626K, committed 74240K, reserved 1179648K
  class space    used 7609K, committed 8256K, reserved 1048576K
}
Event: 63.160 GC heap after
{Heap after GC invocations=101 (full 3):
 PSYoungGen      total 13824K, used 2558K [0x00000000d5580000, 0x00000000d7300000, 0x0000000100000000)
  eden space 11264K, 0% used [0x00000000d5580000,0x00000000d5580000,0x00000000d6080000)
  from space 2560K, 99% used [0x00000000d6780000,0x00000000d69ff9d0,0x00000000d6a00000)
  to   space 7168K, 0% used [0x00000000d6080000,0x00000000d6080000,0x00000000d6780000)
 ParOldGen       total 93696K, used 93232K [0x0000000080000000, 0x0000000085b80000, 0x00000000d5580000)
  object space 93696K, 99% used [0x0000000080000000,0x0000000085b0c3f0,0x0000000085b80000)
 Metaspace       used 72626K, committed 74240K, reserved 1179648K
  class space    used 7609K, committed 8256K, reserved 1048576K
}
Event: 63.254 GC heap before
{Heap before GC invocations=102 (full 3):
 PSYoungGen      total 13824K, used 13822K [0x00000000d5580000, 0x00000000d7300000, 0x0000000100000000)
  eden space 11264K, 99% used [0x00000000d5580000,0x00000000d607fff8,0x00000000d6080000)
  from space 2560K, 99% used [0x00000000d6780000,0x00000000d69ff9d0,0x00000000d6a00000)
  to   space 7168K, 0% used [0x00000000d6080000,0x00000000d6080000,0x00000000d6780000)
 ParOldGen       total 93696K, used 93232K [0x0000000080000000, 0x0000000085b80000, 0x00000000d5580000)
  object space 93696K, 99% used [0x0000000080000000,0x0000000085b0c3f0,0x0000000085b80000)
 Metaspace       used 72952K, committed 74560K, reserved 1179648K
  class space    used 7647K, committed 8320K, reserved 1048576K
}
Event: 63.259 GC heap after
{Heap after GC invocations=102 (full 3):
 PSYoungGen      total 12800K, used 1488K [0x00000000d5580000, 0x00000000d6800000, 0x0000000100000000)
  eden space 11264K, 0% used [0x00000000d5580000,0x00000000d5580000,0x00000000d6080000)
  from space 1536K, 96% used [0x00000000d6080000,0x00000000d61f4050,0x00000000d6200000)
  to   space 3584K, 0% used [0x00000000d6480000,0x00000000d6480000,0x00000000d6800000)
 ParOldGen       total 96256K, used 95752K [0x0000000080000000, 0x0000000085e00000, 0x00000000d5580000)
  object space 96256K, 99% used [0x0000000080000000,0x0000000085d823d8,0x0000000085e00000)
 Metaspace       used 72952K, committed 74560K, reserved 1179648K
  class space    used 7647K, committed 8320K, reserved 1048576K
}
Event: 63.543 GC heap before
{Heap before GC invocations=103 (full 3):
 PSYoungGen      total 12800K, used 12752K [0x00000000d5580000, 0x00000000d6800000, 0x0000000100000000)
  eden space 11264K, 100% used [0x00000000d5580000,0x00000000d6080000,0x00000000d6080000)
  from space 1536K, 96% used [0x00000000d6080000,0x00000000d61f4050,0x00000000d6200000)
  to   space 3584K, 0% used [0x00000000d6480000,0x00000000d6480000,0x00000000d6800000)
 ParOldGen       total 96256K, used 95752K [0x0000000080000000, 0x0000000085e00000, 0x00000000d5580000)
  object space 96256K, 99% used [0x0000000080000000,0x0000000085d823d8,0x0000000085e00000)
 Metaspace       used 73349K, committed 74944K, reserved 1179648K
  class space    used 7682K, committed 8320K, reserved 1048576K
}
Event: 63.548 GC heap after
{Heap after GC invocations=103 (full 3):
 PSYoungGen      total 13312K, used 2016K [0x00000000d5580000, 0x00000000d6680000, 0x0000000100000000)
  eden space 11264K, 0% used [0x00000000d5580000,0x00000000d5580000,0x00000000d6080000)
  from space 2048K, 98% used [0x00000000d6480000,0x00000000d6678020,0x00000000d6680000)
  to   space 2560K, 0% used [0x00000000d6180000,0x00000000d6180000,0x00000000d6400000)
 ParOldGen       total 97280K, used 96944K [0x0000000080000000, 0x0000000085f00000, 0x00000000d5580000)
  object space 97280K, 99% used [0x0000000080000000,0x0000000085eac290,0x0000000085f00000)
 Metaspace       used 73349K, committed 74944K, reserved 1179648K
  class space    used 7682K, committed 8320K, reserved 1048576K
}
Event: 63.950 GC heap before
{Heap before GC invocations=104 (full 3):
 PSYoungGen      total 13312K, used 13280K [0x00000000d5580000, 0x00000000d6680000, 0x0000000100000000)
  eden space 11264K, 100% used [0x00000000d5580000,0x00000000d6080000,0x00000000d6080000)
  from space 2048K, 98% used [0x00000000d6480000,0x00000000d6678020,0x00000000d6680000)
  to   space 2560K, 0% used [0x00000000d6180000,0x00000000d6180000,0x00000000d6400000)
 ParOldGen       total 97280K, used 96944K [0x0000000080000000, 0x0000000085f00000, 0x00000000d5580000)
  object space 97280K, 99% used [0x0000000080000000,0x0000000085eac290,0x0000000085f00000)
 Metaspace       used 73831K, committed 75456K, reserved 1179648K
  class space    used 7757K, committed 8448K, reserved 1048576K
}
Event: 63.955 GC heap after
{Heap after GC invocations=104 (full 3):
 PSYoungGen      total 12288K, used 992K [0x00000000d5580000, 0x00000000d6500000, 0x0000000100000000)
  eden space 11264K, 0% used [0x00000000d5580000,0x00000000d5580000,0x00000000d6080000)
  from space 1024K, 96% used [0x00000000d6180000,0x00000000d6278000,0x00000000d6280000)
  to   space 1536K, 0% used [0x00000000d6380000,0x00000000d6380000,0x00000000d6500000)
 ParOldGen       total 98816K, used 98726K [0x0000000080000000, 0x0000000086080000, 0x00000000d5580000)
  object space 98816K, 99% used [0x0000000080000000,0x0000000086069930,0x0000000086080000)
 Metaspace       used 73831K, committed 75456K, reserved 1179648K
  class space    used 7757K, committed 8448K, reserved 1048576K
}
Event: 64.097 GC heap before
{Heap before GC invocations=105 (full 3):
 PSYoungGen      total 12288K, used 12256K [0x00000000d5580000, 0x00000000d6500000, 0x0000000100000000)
  eden space 11264K, 100% used [0x00000000d5580000,0x00000000d6080000,0x00000000d6080000)
  from space 1024K, 96% used [0x00000000d6180000,0x00000000d6278000,0x00000000d6280000)
  to   space 1536K, 0% used [0x00000000d6380000,0x00000000d6380000,0x00000000d6500000)
 ParOldGen       total 98816K, used 98726K [0x0000000080000000, 0x0000000086080000, 0x00000000d5580000)
  object space 98816K, 99% used [0x0000000080000000,0x0000000086069930,0x0000000086080000)
 Metaspace       used 74075K, committed 75776K, reserved 1179648K
  class space    used 7787K, committed 8512K, reserved 1048576K
}
Event: 64.102 GC heap after
{Heap after GC invocations=105 (full 3):
 PSYoungGen      total 12288K, used 736K [0x00000000d5580000, 0x00000000d6480000, 0x0000000100000000)
  eden space 11264K, 0% used [0x00000000d5580000,0x00000000d5580000,0x00000000d6080000)
  from space 1024K, 71% used [0x00000000d6380000,0x00000000d6438000,0x00000000d6480000)
  to   space 1024K, 0% used [0x00000000d6180000,0x00000000d6180000,0x00000000d6280000)
 ParOldGen       total 99840K, used 99554K [0x0000000080000000, 0x0000000086180000, 0x00000000d5580000)
  object space 99840K, 99% used [0x0000000080000000,0x0000000086138bd0,0x0000000086180000)
 Metaspace       used 74075K, committed 75776K, reserved 1179648K
  class space    used 7787K, committed 8512K, reserved 1048576K
}
Event: 64.302 GC heap before
{Heap before GC invocations=106 (full 3):
 PSYoungGen      total 12288K, used 12000K [0x00000000d5580000, 0x00000000d6480000, 0x0000000100000000)
  eden space 11264K, 100% used [0x00000000d5580000,0x00000000d6080000,0x00000000d6080000)
  from space 1024K, 71% used [0x00000000d6380000,0x00000000d6438000,0x00000000d6480000)
  to   space 1024K, 0% used [0x00000000d6180000,0x00000000d6180000,0x00000000d6280000)
 ParOldGen       total 131584K, used 130275K [0x0000000080000000, 0x0000000088080000, 0x00000000d5580000)
  object space 131584K, 99% used [0x0000000080000000,0x0000000087f38c00,0x0000000088080000)
 Metaspace       used 74628K, committed 76288K, reserved 1179648K
  class space    used 7847K, committed 8512K, reserved 1048576K
}
Event: 64.304 GC heap after
{Heap after GC invocations=106 (full 3):
 PSYoungGen      total 12288K, used 1006K [0x00000000d5580000, 0x00000000d6480000, 0x0000000100000000)
  eden space 11264K, 0% used [0x00000000d5580000,0x00000000d5580000,0x00000000d6080000)
  from space 1024K, 98% used [0x00000000d6180000,0x00000000d627bae8,0x00000000d6280000)
  to   space 2048K, 0% used [0x00000000d6280000,0x00000000d6280000,0x00000000d6480000)
 ParOldGen       total 131584K, used 130920K [0x0000000080000000, 0x0000000088080000, 0x00000000d5580000)
  object space 131584K, 99% used [0x0000000080000000,0x0000000087fda338,0x0000000088080000)
 Metaspace       used 74628K, committed 76288K, reserved 1179648K
  class space    used 7847K, committed 8512K, reserved 1048576K
}
Event: 66.773 GC heap before
{Heap before GC invocations=107 (full 3):
 PSYoungGen      total 12288K, used 12270K [0x00000000d5580000, 0x00000000d6480000, 0x0000000100000000)
  eden space 11264K, 100% used [0x00000000d5580000,0x00000000d6080000,0x00000000d6080000)
  from space 1024K, 98% used [0x00000000d6180000,0x00000000d627bae8,0x00000000d6280000)
  to   space 2048K, 0% used [0x00000000d6280000,0x00000000d6280000,0x00000000d6480000)
 ParOldGen       total 131584K, used 130920K [0x0000000080000000, 0x0000000088080000, 0x00000000d5580000)
  object space 131584K, 99% used [0x0000000080000000,0x0000000087fda338,0x0000000088080000)
 Metaspace       used 74742K, committed 76416K, reserved 1179648K
  class space    used 7851K, committed 8512K, reserved 1048576K
}
Event: 66.776 GC heap after
{Heap after GC invocations=107 (full 3):
 PSYoungGen      total 12800K, used 1092K [0x00000000d5580000, 0x00000000d6400000, 0x0000000100000000)
  eden space 11264K, 0% used [0x00000000d5580000,0x00000000d5580000,0x00000000d6080000)
  from space 1536K, 71% used [0x00000000d6280000,0x00000000d6391210,0x00000000d6400000)
  to   space 1536K, 0% used [0x00000000d6100000,0x00000000d6100000,0x00000000d6280000)
 ParOldGen       total 132096K, used 131839K [0x0000000080000000, 0x0000000088100000, 0x00000000d5580000)
  object space 132096K, 99% used [0x0000000080000000,0x00000000880bfe50,0x0000000088100000)
 Metaspace       used 74742K, committed 76416K, reserved 1179648K
  class space    used 7851K, committed 8512K, reserved 1048576K
}
Event: 66.942 GC heap before
{Heap before GC invocations=108 (full 3):
 PSYoungGen      total 12800K, used 12356K [0x00000000d5580000, 0x00000000d6400000, 0x0000000100000000)
  eden space 11264K, 100% used [0x00000000d5580000,0x00000000d6080000,0x00000000d6080000)
  from space 1536K, 71% used [0x00000000d6280000,0x00000000d6391210,0x00000000d6400000)
  to   space 1536K, 0% used [0x00000000d6100000,0x00000000d6100000,0x00000000d6280000)
 ParOldGen       total 132096K, used 131839K [0x0000000080000000, 0x0000000088100000, 0x00000000d5580000)
  object space 132096K, 99% used [0x0000000080000000,0x00000000880bfe50,0x0000000088100000)
 Metaspace       used 74816K, committed 76480K, reserved 1179648K
  class space    used 7852K, committed 8512K, reserved 1048576K
}
Event: 66.946 GC heap after
{Heap after GC invocations=108 (full 3):
 PSYoungGen      total 12800K, used 1316K [0x00000000d5580000, 0x00000000d6380000, 0x0000000100000000)
  eden space 11264K, 0% used [0x00000000d5580000,0x00000000d5580000,0x00000000d6080000)
  from space 1536K, 85% used [0x00000000d6100000,0x00000000d6249210,0x00000000d6280000)
  to   space 1024K, 0% used [0x00000000d6280000,0x00000000d6280000,0x00000000d6380000)
 ParOldGen       total 132608K, used 132494K [0x0000000080000000, 0x0000000088180000, 0x00000000d5580000)
  object space 132608K, 99% used [0x0000000080000000,0x0000000088163b58,0x0000000088180000)
 Metaspace       used 74816K, committed 76480K, reserved 1179648K
  class space    used 7852K, committed 8512K, reserved 1048576K
}

