# JRE version: OpenJDK Runtime Environment Temurin-21.0.10+7 (21.0.10+7) (build 21.0.10+7-LTS)
# Java VM: OpenJDK 64-Bit Server VM Temurin-21.0.10+7 (21.0.10+7-LTS, mixed mode, sharing, tiered, compressed oops, compressed class ptrs, parallel gc, windows-amd64)
GC Precious Log:
 CardTable entry size: 512
 CPUs: 12 total, 12 available
 Memory: 7501M
 Large Page Support: Disabled
 NUMA Support: Disabled
 Compressed Oops: Enabled (32-bit)
 Alignments: Space 512K, Generation 512K, Heap 2M
 Heap Min Capacity: 100M
 Heap Initial Capacity: 100M
 Heap Max Capacity: 2G
 Pre-touch: Disabled
 Parallel Workers: 10
Heap:
 PSYoungGen      total 11776K, used 3141K [0x00000000d5580000, 0x00000000d6200000, 0x0000000100000000)
  eden space 10752K, 25% used [0x00000000d5580000,0x00000000d58296c0,0x00000000d6000000)
  from space 1024K, 40% used [0x00000000d6000000,0x00000000d6068010,0x00000000d6100000)
  to   space 512K, 0% used [0x00000000d6180000,0x00000000d6180000,0x00000000d6200000)
 ParOldGen       total 68608K, used 51172K [0x0000000080000000, 0x0000000084300000, 0x00000000d5580000)
  object space 68608K, 74% used [0x0000000080000000,0x00000000831f9150,0x0000000084300000)
 Metaspace       used 52022K, committed 53376K, reserved 1114112K
  class space    used 5686K, committed 6272K, reserved 1048576K
GC Heap History (20 events):
Event: 14.843 GC heap before
{Heap before GC invocations=30 (full 2):
 PSYoungGen      total 14848K, used 14449K [0x00000000d5580000, 0x00000000d6680000, 0x0000000100000000)
  eden space 12800K, 100% used [0x00000000d5580000,0x00000000d6200000,0x00000000d6200000)
  from space 2048K, 80% used [0x00000000d6200000,0x00000000d639c410,0x00000000d6400000)
  to   space 2048K, 0% used [0x00000000d6480000,0x00000000d6480000,0x00000000d6680000)
 ParOldGen       total 68608K, used 39844K [0x0000000080000000, 0x0000000084300000, 0x00000000d5580000)
  object space 68608K, 58% used [0x0000000080000000,0x00000000826e9200,0x0000000084300000)
 Metaspace       used 48961K, committed 50304K, reserved 1114112K
  class space    used 5334K, committed 5888K, reserved 1048576K
}
Event: 14.848 GC heap after
{Heap after GC invocations=30 (full 2):
 PSYoungGen      total 14848K, used 1568K [0x00000000d5580000, 0x00000000d6680000, 0x0000000100000000)
  eden space 12800K, 0% used [0x00000000d5580000,0x00000000d5580000,0x00000000d6200000)
  from space 2048K, 76% used [0x00000000d6480000,0x00000000d6608010,0x00000000d6680000)
  to   space 2048K, 0% used [0x00000000d6200000,0x00000000d6200000,0x00000000d6400000)
 ParOldGen       total 68608K, used 41408K [0x0000000080000000, 0x0000000084300000, 0x00000000d5580000)
  object space 68608K, 60% used [0x0000000080000000,0x00000000828702f8,0x0000000084300000)
 Metaspace       used 48961K, committed 50304K, reserved 1114112K
  class space    used 5334K, committed 5888K, reserved 1048576K
}
Event: 14.962 GC heap before
{Heap before GC invocations=31 (full 2):
 PSYoungGen      total 14848K, used 14368K [0x00000000d5580000, 0x00000000d6680000, 0x0000000100000000)
  eden space 12800K, 100% used [0x00000000d5580000,0x00000000d6200000,0x00000000d6200000)
  from space 2048K, 76% used [0x00000000d6480000,0x00000000d6608010,0x00000000d6680000)
  to   space 2048K, 0% used [0x00000000d6200000,0x00000000d6200000,0x00000000d6400000)
 ParOldGen       total 68608K, used 41408K [0x0000000080000000, 0x0000000084300000, 0x00000000d5580000)
  object space 68608K, 60% used [0x0000000080000000,0x00000000828702f8,0x0000000084300000)
 Metaspace       used 48973K, committed 50304K, reserved 1114112K
  class space    used 5334K, committed 5888K, reserved 1048576K
}
Event: 14.966 GC heap after
{Heap after GC invocations=31 (full 2):
 PSYoungGen      total 14848K, used 1634K [0x00000000d5580000, 0x00000000d6600000, 0x0000000100000000)
  eden space 12800K, 0% used [0x00000000d5580000,0x00000000d5580000,0x00000000d6200000)
  from space 2048K, 79% used [0x00000000d6200000,0x00000000d6398800,0x00000000d6400000)
  to   space 2048K, 0% used [0x00000000d6400000,0x00000000d6400000,0x00000000d6600000)
 ParOldGen       total 68608K, used 42856K [0x0000000080000000, 0x0000000084300000, 0x00000000d5580000)
  object space 68608K, 62% used [0x0000000080000000,0x00000000829da308,0x0000000084300000)
 Metaspace       used 48973K, committed 50304K, reserved 1114112K
  class space    used 5334K, committed 5888K, reserved 1048576K
}
Event: 15.059 GC heap before
{Heap before GC invocations=32 (full 2):
 PSYoungGen      total 14848K, used 14434K [0x00000000d5580000, 0x00000000d6600000, 0x0000000100000000)
  eden space 12800K, 100% used [0x00000000d5580000,0x00000000d6200000,0x00000000d6200000)
  from space 2048K, 79% used [0x00000000d6200000,0x00000000d6398800,0x00000000d6400000)
  to   space 2048K, 0% used [0x00000000d6400000,0x00000000d6400000,0x00000000d6600000)
 ParOldGen       total 68608K, used 42856K [0x0000000080000000, 0x0000000084300000, 0x00000000d5580000)
  object space 68608K, 62% used [0x0000000080000000,0x00000000829da308,0x0000000084300000)
 Metaspace       used 48981K, committed 50304K, reserved 1114112K
  class space    used 5334K, committed 5888K, reserved 1048576K
}
Event: 15.064 GC heap after
{Heap after GC invocations=32 (full 2):
 PSYoungGen      total 14848K, used 1540K [0x00000000d5580000, 0x00000000d6600000, 0x0000000100000000)
  eden space 12800K, 0% used [0x00000000d5580000,0x00000000d5580000,0x00000000d6200000)
  from space 2048K, 75% used [0x00000000d6400000,0x00000000d6581000,0x00000000d6600000)
  to   space 2048K, 0% used [0x00000000d6200000,0x00000000d6200000,0x00000000d6400000)
 ParOldGen       total 68608K, used 44271K [0x0000000080000000, 0x0000000084300000, 0x00000000d5580000)
  object space 68608K, 64% used [0x0000000080000000,0x0000000082b3bcb8,0x0000000084300000)
 Metaspace       used 48981K, committed 50304K, reserved 1114112K
  class space    used 5334K, committed 5888K, reserved 1048576K
}
Event: 15.146 GC heap before
{Heap before GC invocations=33 (full 2):
 PSYoungGen      total 14848K, used 14340K [0x00000000d5580000, 0x00000000d6600000, 0x0000000100000000)
  eden space 12800K, 100% used [0x00000000d5580000,0x00000000d6200000,0x00000000d6200000)
  from space 2048K, 75% used [0x00000000d6400000,0x00000000d6581000,0x00000000d6600000)
  to   space 2048K, 0% used [0x00000000d6200000,0x00000000d6200000,0x00000000d6400000)
 ParOldGen       total 68608K, used 44271K [0x0000000080000000, 0x0000000084300000, 0x00000000d5580000)
  object space 68608K, 64% used [0x0000000080000000,0x0000000082b3bcb8,0x0000000084300000)
 Metaspace       used 48990K, committed 50304K, reserved 1114112K
  class space    used 5334K, committed 5888K, reserved 1048576K
}
Event: 15.150 GC heap after
{Heap after GC invocations=33 (full 2):
 PSYoungGen      total 14336K, used 1440K [0x00000000d5580000, 0x00000000d6500000, 0x0000000100000000)
  eden space 12800K, 0% used [0x00000000d5580000,0x00000000d5580000,0x00000000d6200000)
  from space 1536K, 93% used [0x00000000d6200000,0x00000000d6368000,0x00000000d6380000)
  to   space 1536K, 0% used [0x00000000d6380000,0x00000000d6380000,0x00000000d6500000)
 ParOldGen       total 68608K, used 45703K [0x0000000080000000, 0x0000000084300000, 0x00000000d5580000)
  object space 68608K, 66% used [0x0000000080000000,0x0000000082ca1db8,0x0000000084300000)
 Metaspace       used 48990K, committed 50304K, reserved 1114112K
  class space    used 5334K, committed 5888K, reserved 1048576K
}
Event: 15.353 GC heap before
{Heap before GC invocations=34 (full 2):
 PSYoungGen      total 14336K, used 14240K [0x00000000d5580000, 0x00000000d6500000, 0x0000000100000000)
  eden space 12800K, 100% used [0x00000000d5580000,0x00000000d6200000,0x00000000d6200000)
  from space 1536K, 93% used [0x00000000d6200000,0x00000000d6368000,0x00000000d6380000)
  to   space 1536K, 0% used [0x00000000d6380000,0x00000000d6380000,0x00000000d6500000)
 ParOldGen       total 68608K, used 45703K [0x0000000080000000, 0x0000000084300000, 0x00000000d5580000)
  object space 68608K, 66% used [0x0000000080000000,0x0000000082ca1db8,0x0000000084300000)
 Metaspace       used 49017K, committed 50368K, reserved 1114112K
  class space    used 5335K, committed 5888K, reserved 1048576K
}
Event: 15.358 GC heap after
{Heap after GC invocations=34 (full 2):
 PSYoungGen      total 12288K, used 1504K [0x00000000d5580000, 0x00000000d6900000, 0x0000000100000000)
  eden space 10752K, 0% used [0x00000000d5580000,0x00000000d5580000,0x00000000d6000000)
  from space 1536K, 97% used [0x00000000d6380000,0x00000000d64f8010,0x00000000d6500000)
  to   space 3584K, 0% used [0x00000000d6000000,0x00000000d6000000,0x00000000d6380000)
 ParOldGen       total 68608K, used 47039K [0x0000000080000000, 0x0000000084300000, 0x00000000d5580000)
  object space 68608K, 68% used [0x0000000080000000,0x0000000082defdb8,0x0000000084300000)
 Metaspace       used 49017K, committed 50368K, reserved 1114112K
  class space    used 5335K, committed 5888K, reserved 1048576K
}
Event: 15.585 GC heap before
{Heap before GC invocations=35 (full 2):
 PSYoungGen      total 12288K, used 12256K [0x00000000d5580000, 0x00000000d6900000, 0x0000000100000000)
  eden space 10752K, 100% used [0x00000000d5580000,0x00000000d6000000,0x00000000d6000000)
  from space 1536K, 97% used [0x00000000d6380000,0x00000000d64f8010,0x00000000d6500000)
  to   space 3584K, 0% used [0x00000000d6000000,0x00000000d6000000,0x00000000d6380000)
 ParOldGen       total 68608K, used 47039K [0x0000000080000000, 0x0000000084300000, 0x00000000d5580000)
  object space 68608K, 68% used [0x0000000080000000,0x0000000082defdb8,0x0000000084300000)
 Metaspace       used 49022K, committed 50368K, reserved 1114112K
  class space    used 5335K, committed 5888K, reserved 1048576K
}
Event: 15.592 GC heap after
{Heap after GC invocations=35 (full 2):
 PSYoungGen      total 12288K, used 1208K [0x00000000d5580000, 0x00000000d6400000, 0x0000000100000000)
  eden space 10752K, 0% used [0x00000000d5580000,0x00000000d5580000,0x00000000d6000000)
  from space 1536K, 78% used [0x00000000d6000000,0x00000000d612e200,0x00000000d6180000)
  to   space 2048K, 0% used [0x00000000d6200000,0x00000000d6200000,0x00000000d6400000)
 ParOldGen       total 68608K, used 48463K [0x0000000080000000, 0x0000000084300000, 0x00000000d5580000)
  object space 68608K, 70% used [0x0000000080000000,0x0000000082f53dc8,0x0000000084300000)
 Metaspace       used 49022K, committed 50368K, reserved 1114112K
  class space    used 5335K, committed 5888K, reserved 1048576K
}
Event: 15.835 GC heap before
{Heap before GC invocations=36 (full 2):
 PSYoungGen      total 12288K, used 11909K [0x00000000d5580000, 0x00000000d6400000, 0x0000000100000000)
  eden space 10752K, 99% used [0x00000000d5580000,0x00000000d5ff3250,0x00000000d6000000)
  from space 1536K, 78% used [0x00000000d6000000,0x00000000d612e200,0x00000000d6180000)
  to   space 2048K, 0% used [0x00000000d6200000,0x00000000d6200000,0x00000000d6400000)
 ParOldGen       total 68608K, used 48463K [0x0000000080000000, 0x0000000084300000, 0x00000000d5580000)
  object space 68608K, 70% used [0x0000000080000000,0x0000000082f53dc8,0x0000000084300000)
 Metaspace       used 49097K, committed 50432K, reserved 1114112K
  class space    used 5346K, committed 5888K, reserved 1048576K
}
Event: 15.840 GC heap after
{Heap after GC invocations=36 (full 2):
 PSYoungGen      total 12288K, used 1317K [0x00000000d5580000, 0x00000000d6380000, 0x0000000100000000)
  eden space 10752K, 0% used [0x00000000d5580000,0x00000000d5580000,0x00000000d6000000)
  from space 1536K, 85% used [0x00000000d6200000,0x00000000d6349470,0x00000000d6380000)
  to   space 1536K, 0% used [0x00000000d6000000,0x00000000d6000000,0x00000000d6180000)
 ParOldGen       total 68608K, used 49551K [0x0000000080000000, 0x0000000084300000, 0x00000000d5580000)
  object space 68608K, 72% used [0x0000000080000000,0x0000000083063fc8,0x0000000084300000)
 Metaspace       used 49097K, committed 50432K, reserved 1114112K
  class space    used 5346K, committed 5888K, reserved 1048576K
}
Event: 16.633 GC heap before
{Heap before GC invocations=37 (full 2):
 PSYoungGen      total 12288K, used 12069K [0x00000000d5580000, 0x00000000d6380000, 0x0000000100000000)
  eden space 10752K, 100% used [0x00000000d5580000,0x00000000d6000000,0x00000000d6000000)
  from space 1536K, 85% used [0x00000000d6200000,0x00000000d6349470,0x00000000d6380000)
  to   space 1536K, 0% used [0x00000000d6000000,0x00000000d6000000,0x00000000d6180000)
 ParOldGen       total 68608K, used 49551K [0x0000000080000000, 0x0000000084300000, 0x00000000d5580000)
  object space 68608K, 72% used [0x0000000080000000,0x0000000083063fc8,0x0000000084300000)
 Metaspace       used 50351K, committed 51648K, reserved 1114112K
  class space    used 5517K, committed 6080K, reserved 1048576K
}
Event: 16.640 GC heap after
{Heap after GC invocations=37 (full 2):
 PSYoungGen      total 12288K, used 1011K [0x00000000d5580000, 0x00000000d6300000, 0x0000000100000000)
  eden space 10752K, 0% used [0x00000000d5580000,0x00000000d5580000,0x00000000d6000000)
  from space 1536K, 65% used [0x00000000d6000000,0x00000000d60fcde8,0x00000000d6180000)
  to   space 1536K, 0% used [0x00000000d6180000,0x00000000d6180000,0x00000000d6300000)
 ParOldGen       total 68608K, used 50466K [0x0000000080000000, 0x0000000084300000, 0x00000000d5580000)
  object space 68608K, 73% used [0x0000000080000000,0x0000000083148928,0x0000000084300000)
 Metaspace       used 50351K, committed 51648K, reserved 1114112K
  class space    used 5517K, committed 6080K, reserved 1048576K
}
Event: 17.297 GC heap before
{Heap before GC invocations=38 (full 2):
 PSYoungGen      total 12288K, used 11763K [0x00000000d5580000, 0x00000000d6300000, 0x0000000100000000)
  eden space 10752K, 100% used [0x00000000d5580000,0x00000000d6000000,0x00000000d6000000)
  from space 1536K, 65% used [0x00000000d6000000,0x00000000d60fcde8,0x00000000d6180000)
  to   space 1536K, 0% used [0x00000000d6180000,0x00000000d6180000,0x00000000d6300000)
 ParOldGen       total 68608K, used 50466K [0x0000000080000000, 0x0000000084300000, 0x00000000d5580000)
  object space 68608K, 73% used [0x0000000080000000,0x0000000083148928,0x0000000084300000)
 Metaspace       used 51300K, committed 52672K, reserved 1114112K
  class space    used 5617K, committed 6208K, reserved 1048576K
}
Event: 17.300 GC heap after
{Heap after GC invocations=38 (full 2):
 PSYoungGen      total 11264K, used 384K [0x00000000d5580000, 0x00000000d6200000, 0x0000000100000000)
  eden space 10752K, 0% used [0x00000000d5580000,0x00000000d5580000,0x00000000d6000000)
  from space 512K, 75% used [0x00000000d6180000,0x00000000d61e0010,0x00000000d6200000)
  to   space 1024K, 0% used [0x00000000d6000000,0x00000000d6000000,0x00000000d6100000)
 ParOldGen       total 68608K, used 51036K [0x0000000080000000, 0x0000000084300000, 0x00000000d5580000)
  object space 68608K, 74% used [0x0000000080000000,0x00000000831d7150,0x0000000084300000)
 Metaspace       used 51300K, committed 52672K, reserved 1114112K
  class space    used 5617K, committed 6208K, reserved 1048576K
}
Event: 17.991 GC heap before
{Heap before GC invocations=39 (full 2):
 PSYoungGen      total 11264K, used 11136K [0x00000000d5580000, 0x00000000d6200000, 0x0000000100000000)
  eden space 10752K, 100% used [0x00000000d5580000,0x00000000d6000000,0x00000000d6000000)
  from space 512K, 75% used [0x00000000d6180000,0x00000000d61e0010,0x00000000d6200000)
  to   space 1024K, 0% used [0x00000000d6000000,0x00000000d6000000,0x00000000d6100000)
 ParOldGen       total 68608K, used 51036K [0x0000000080000000, 0x0000000084300000, 0x00000000d5580000)
  object space 68608K, 74% used [0x0000000080000000,0x00000000831d7150,0x0000000084300000)
 Metaspace       used 51919K, committed 53312K, reserved 1114112K
  class space    used 5675K, committed 6272K, reserved 1048576K
}
Event: 17.993 GC heap after
{Heap after GC invocations=39 (full 2):
 PSYoungGen      total 11776K, used 416K [0x00000000d5580000, 0x00000000d6200000, 0x0000000100000000)
  eden space 10752K, 0% used [0x00000000d5580000,0x00000000d5580000,0x00000000d6000000)
  from space 1024K, 40% used [0x00000000d6000000,0x00000000d6068010,0x00000000d6100000)
  to   space 512K, 0% used [0x00000000d6180000,0x00000000d6180000,0x00000000d6200000)
 ParOldGen       total 68608K, used 51172K [0x0000000080000000, 0x0000000084300000, 0x00000000d5580000)
  object space 68608K, 74% used [0x0000000080000000,0x00000000831f9150,0x0000000084300000)
 Metaspace       used 51919K, committed 53312K, reserved 1114112K
  class space    used 5675K, committed 6272K, reserved 1048576K
}

