# JRE version: OpenJDK Runtime Environment Temurin-21.0.10+7 (21.0.10+7) (build 21.0.10+7-LTS)
# Java VM: OpenJDK 64-Bit Server VM Temurin-21.0.10+7 (21.0.10+7-LTS, mixed mode, sharing, tiered, compressed oops, compressed class ptrs, parallel gc, windows-amd64)
GC Precious Log:
 CardTable entry size: 512
 CPUs: 12 total, 12 available
 Memory: 7501M
 Large Page Support: Disabled
 NUMA Support: Disabled
 Compressed Oops: Enabled (32-bit)
 Alignments: Space 512K, Generation 512K, Heap 2M
 Heap Min Capacity: 100M
 Heap Initial Capacity: 100M
 Heap Max Capacity: 2G
 Pre-touch: Disabled
 Parallel Workers: 10
Heap:
 PSYoungGen      total 3072K, used 1891K [0x00000000d5580000, 0x00000000d5b80000, 0x0000000100000000)
  eden space 2048K, 47% used [0x00000000d5580000,0x00000000d5670ff0,0x00000000d5780000)
  from space 1024K, 90% used [0x00000000d5a80000,0x00000000d5b67f70,0x00000000d5b80000)
  to   space 1536K, 0% used [0x00000000d5880000,0x00000000d5880000,0x00000000d5a00000)
 ParOldGen       total 189440K, used 189301K [0x0000000080000000, 0x000000008b900000, 0x00000000d5580000)
  object space 189440K, 99% used [0x0000000080000000,0x000000008b8dd5d8,0x000000008b900000)
 Metaspace       used 67943K, committed 69568K, reserved 1114112K
  class space    used 7090K, committed 7808K, reserved 1048576K
GC Heap History (20 events):
Event: 30.732 GC heap before
{Heap before GC invocations=135 (full 3):
 PSYoungGen      total 3584K, used 2879K [0x00000000d5580000, 0x00000000d5980000, 0x0000000100000000)
  eden space 2560K, 99% used [0x00000000d5580000,0x00000000d57ffc10,0x00000000d5800000)
  from space 1024K, 31% used [0x00000000d5800000,0x00000000d5850000,0x00000000d5900000)
  to   space 512K, 0% used [0x00000000d5900000,0x00000000d5900000,0x00000000d5980000)
 ParOldGen       total 182272K, used 182188K [0x0000000080000000, 0x000000008b200000, 0x00000000d5580000)
  object space 182272K, 99% used [0x0000000080000000,0x000000008b1eb120,0x000000008b200000)
 Metaspace       used 67157K, committed 68672K, reserved 1114112K
  class space    used 7000K, committed 7680K, reserved 1048576K
}
Event: 30.734 GC heap after
{Heap after GC invocations=135 (full 3):
 PSYoungGen      total 3072K, used 320K [0x00000000d5580000, 0x00000000d5980000, 0x0000000100000000)
  eden space 2560K, 0% used [0x00000000d5580000,0x00000000d5580000,0x00000000d5800000)
  from space 512K, 62% used [0x00000000d5900000,0x00000000d5950000,0x00000000d5980000)
  to   space 512K, 0% used [0x00000000d5880000,0x00000000d5880000,0x00000000d5900000)
 ParOldGen       total 182784K, used 182308K [0x0000000080000000, 0x000000008b280000, 0x00000000d5580000)
  object space 182784K, 99% used [0x0000000080000000,0x000000008b209120,0x000000008b280000)
 Metaspace       used 67157K, committed 68672K, reserved 1114112K
  class space    used 7000K, committed 7680K, reserved 1048576K
}
Event: 30.813 GC heap before
{Heap before GC invocations=136 (full 3):
 PSYoungGen      total 3072K, used 2755K [0x00000000d5580000, 0x00000000d5980000, 0x0000000100000000)
  eden space 2560K, 95% used [0x00000000d5580000,0x00000000d57e0c18,0x00000000d5800000)
  from space 512K, 62% used [0x00000000d5900000,0x00000000d5950000,0x00000000d5980000)
  to   space 512K, 0% used [0x00000000d5880000,0x00000000d5880000,0x00000000d5900000)
 ParOldGen       total 182784K, used 182308K [0x0000000080000000, 0x000000008b280000, 0x00000000d5580000)
  object space 182784K, 99% used [0x0000000080000000,0x000000008b209120,0x000000008b280000)
 Metaspace       used 67481K, committed 69056K, reserved 1114112K
  class space    used 7028K, committed 7744K, reserved 1048576K
}
Event: 30.815 GC heap after
{Heap after GC invocations=136 (full 3):
 PSYoungGen      total 3072K, used 288K [0x00000000d5580000, 0x00000000d5980000, 0x0000000100000000)
  eden space 2560K, 0% used [0x00000000d5580000,0x00000000d5580000,0x00000000d5800000)
  from space 512K, 56% used [0x00000000d5880000,0x00000000d58c8000,0x00000000d5900000)
  to   space 512K, 0% used [0x00000000d5900000,0x00000000d5900000,0x00000000d5980000)
 ParOldGen       total 182784K, used 182500K [0x0000000080000000, 0x000000008b280000, 0x00000000d5580000)
  object space 182784K, 99% used [0x0000000080000000,0x000000008b239120,0x000000008b280000)
 Metaspace       used 67481K, committed 69056K, reserved 1114112K
  class space    used 7028K, committed 7744K, reserved 1048576K
}
Event: 30.851 GC heap before
{Heap before GC invocations=137 (full 3):
 PSYoungGen      total 3072K, used 2848K [0x00000000d5580000, 0x00000000d5980000, 0x0000000100000000)
  eden space 2560K, 100% used [0x00000000d5580000,0x00000000d5800000,0x00000000d5800000)
  from space 512K, 56% used [0x00000000d5880000,0x00000000d58c8000,0x00000000d5900000)
  to   space 512K, 0% used [0x00000000d5900000,0x00000000d5900000,0x00000000d5980000)
 ParOldGen       total 182784K, used 182500K [0x0000000080000000, 0x000000008b280000, 0x00000000d5580000)
  object space 182784K, 99% used [0x0000000080000000,0x000000008b239120,0x000000008b280000)
 Metaspace       used 67488K, committed 69056K, reserved 1114112K
  class space    used 7029K, committed 7744K, reserved 1048576K
}
Event: 30.853 GC heap after
{Heap after GC invocations=137 (full 3):
 PSYoungGen      total 3072K, used 288K [0x00000000d5580000, 0x00000000d5980000, 0x0000000100000000)
  eden space 2560K, 0% used [0x00000000d5580000,0x00000000d5580000,0x00000000d5800000)
  from space 512K, 56% used [0x00000000d5900000,0x00000000d5948020,0x00000000d5980000)
  to   space 512K, 0% used [0x00000000d5880000,0x00000000d5880000,0x00000000d5900000)
 ParOldGen       total 182784K, used 182644K [0x0000000080000000, 0x000000008b280000, 0x00000000d5580000)
  object space 182784K, 99% used [0x0000000080000000,0x000000008b25d120,0x000000008b280000)
 Metaspace       used 67488K, committed 69056K, reserved 1114112K
  class space    used 7029K, committed 7744K, reserved 1048576K
}
Event: 30.874 GC heap before
{Heap before GC invocations=138 (full 3):
 PSYoungGen      total 3072K, used 2729K [0x00000000d5580000, 0x00000000d5980000, 0x0000000100000000)
  eden space 2560K, 95% used [0x00000000d5580000,0x00000000d57e25b8,0x00000000d5800000)
  from space 512K, 56% used [0x00000000d5900000,0x00000000d5948020,0x00000000d5980000)
  to   space 512K, 0% used [0x00000000d5880000,0x00000000d5880000,0x00000000d5900000)
 ParOldGen       total 182784K, used 182644K [0x0000000080000000, 0x000000008b280000, 0x00000000d5580000)
  object space 182784K, 99% used [0x0000000080000000,0x000000008b25d120,0x000000008b280000)
 Metaspace       used 67517K, committed 69120K, reserved 1114112K
  class space    used 7032K, committed 7744K, reserved 1048576K
}
Event: 30.876 GC heap after
{Heap after GC invocations=138 (full 3):
 PSYoungGen      total 3072K, used 504K [0x00000000d5580000, 0x00000000d5a00000, 0x0000000100000000)
  eden space 2560K, 0% used [0x00000000d5580000,0x00000000d5580000,0x00000000d5800000)
  from space 512K, 98% used [0x00000000d5880000,0x00000000d58fe358,0x00000000d5900000)
  to   space 1024K, 0% used [0x00000000d5900000,0x00000000d5900000,0x00000000d5a00000)
 ParOldGen       total 183808K, used 183631K [0x0000000080000000, 0x000000008b380000, 0x00000000d5580000)
  object space 183808K, 99% used [0x0000000080000000,0x000000008b353fe8,0x000000008b380000)
 Metaspace       used 67517K, committed 69120K, reserved 1114112K
  class space    used 7032K, committed 7744K, reserved 1048576K
}
Event: 30.903 GC heap before
{Heap before GC invocations=139 (full 3):
 PSYoungGen      total 3072K, used 3064K [0x00000000d5580000, 0x00000000d5a00000, 0x0000000100000000)
  eden space 2560K, 99% used [0x00000000d5580000,0x00000000d57ffd90,0x00000000d5800000)
  from space 512K, 98% used [0x00000000d5880000,0x00000000d58fe358,0x00000000d5900000)
  to   space 1024K, 0% used [0x00000000d5900000,0x00000000d5900000,0x00000000d5a00000)
 ParOldGen       total 183808K, used 183631K [0x0000000080000000, 0x000000008b380000, 0x00000000d5580000)
  object space 183808K, 99% used [0x0000000080000000,0x000000008b353fe8,0x000000008b380000)
 Metaspace       used 67615K, committed 69184K, reserved 1114112K
  class space    used 7047K, committed 7744K, reserved 1048576K
}
Event: 30.904 GC heap after
{Heap after GC invocations=139 (full 3):
 PSYoungGen      total 3072K, used 283K [0x00000000d5580000, 0x00000000d5980000, 0x0000000100000000)
  eden space 2560K, 0% used [0x00000000d5580000,0x00000000d5580000,0x00000000d5800000)
  from space 512K, 55% used [0x00000000d5900000,0x00000000d5946c18,0x00000000d5980000)
  to   space 512K, 0% used [0x00000000d5880000,0x00000000d5880000,0x00000000d5900000)
 ParOldGen       total 183808K, used 183687K [0x0000000080000000, 0x000000008b380000, 0x00000000d5580000)
  object space 183808K, 99% used [0x0000000080000000,0x000000008b361fe8,0x000000008b380000)
 Metaspace       used 67615K, committed 69184K, reserved 1114112K
  class space    used 7047K, committed 7744K, reserved 1048576K
}
Event: 30.944 GC heap before
{Heap before GC invocations=140 (full 3):
 PSYoungGen      total 3072K, used 2843K [0x00000000d5580000, 0x00000000d5980000, 0x0000000100000000)
  eden space 2560K, 99% used [0x00000000d5580000,0x00000000d57ffff0,0x00000000d5800000)
  from space 512K, 55% used [0x00000000d5900000,0x00000000d5946c18,0x00000000d5980000)
  to   space 512K, 0% used [0x00000000d5880000,0x00000000d5880000,0x00000000d5900000)
 ParOldGen       total 183808K, used 183687K [0x0000000080000000, 0x000000008b380000, 0x00000000d5580000)
  object space 183808K, 99% used [0x0000000080000000,0x000000008b361fe8,0x000000008b380000)
 Metaspace       used 67820K, committed 69376K, reserved 1114112K
  class space    used 7069K, committed 7744K, reserved 1048576K
}
Event: 30.946 GC heap after
{Heap after GC invocations=140 (full 3):
 PSYoungGen      total 3072K, used 372K [0x00000000d5580000, 0x00000000d5980000, 0x0000000100000000)
  eden space 2560K, 0% used [0x00000000d5580000,0x00000000d5580000,0x00000000d5800000)
  from space 512K, 72% used [0x00000000d5880000,0x00000000d58dd200,0x00000000d5900000)
  to   space 512K, 0% used [0x00000000d5900000,0x00000000d5900000,0x00000000d5980000)
 ParOldGen       total 183808K, used 183767K [0x0000000080000000, 0x000000008b380000, 0x00000000d5580000)
  object space 183808K, 99% used [0x0000000080000000,0x000000008b375fe8,0x000000008b380000)
 Metaspace       used 67820K, committed 69376K, reserved 1114112K
  class space    used 7069K, committed 7744K, reserved 1048576K
}
Event: 30.992 GC heap before
{Heap before GC invocations=141 (full 3):
 PSYoungGen      total 3072K, used 2867K [0x00000000d5580000, 0x00000000d5980000, 0x0000000100000000)
  eden space 2560K, 97% used [0x00000000d5580000,0x00000000d57efad8,0x00000000d5800000)
  from space 512K, 72% used [0x00000000d5880000,0x00000000d58dd200,0x00000000d5900000)
  to   space 512K, 0% used [0x00000000d5900000,0x00000000d5900000,0x00000000d5980000)
 ParOldGen       total 183808K, used 183767K [0x0000000080000000, 0x000000008b380000, 0x00000000d5580000)
  object space 183808K, 99% used [0x0000000080000000,0x000000008b375fe8,0x000000008b380000)
 Metaspace       used 67826K, committed 69376K, reserved 1114112K
  class space    used 7069K, committed 7744K, reserved 1048576K
}
Event: 30.995 GC heap after
{Heap after GC invocations=141 (full 3):
 PSYoungGen      total 2560K, used 484K [0x00000000d5580000, 0x00000000d5b00000, 0x0000000100000000)
  eden space 2048K, 0% used [0x00000000d5580000,0x00000000d5580000,0x00000000d5780000)
  from space 512K, 94% used [0x00000000d5900000,0x00000000d5979010,0x00000000d5980000)
  to   space 1536K, 0% used [0x00000000d5780000,0x00000000d5780000,0x00000000d5900000)
 ParOldGen       total 184832K, used 184342K [0x0000000080000000, 0x000000008b480000, 0x00000000d5580000)
  object space 184832K, 99% used [0x0000000080000000,0x000000008b405a80,0x000000008b480000)
 Metaspace       used 67826K, committed 69376K, reserved 1114112K
  class space    used 7069K, committed 7744K, reserved 1048576K
}
Event: 31.062 GC heap before
{Heap before GC invocations=142 (full 3):
 PSYoungGen      total 2560K, used 2042K [0x00000000d5580000, 0x00000000d5b00000, 0x0000000100000000)
  eden space 2048K, 76% used [0x00000000d5580000,0x00000000d5705890,0x00000000d5780000)
  from space 512K, 94% used [0x00000000d5900000,0x00000000d5979010,0x00000000d5980000)
  to   space 1536K, 0% used [0x00000000d5780000,0x00000000d5780000,0x00000000d5900000)
 ParOldGen       total 184832K, used 184342K [0x0000000080000000, 0x000000008b480000, 0x00000000d5580000)
  object space 184832K, 99% used [0x0000000080000000,0x000000008b405a80,0x000000008b480000)
 Metaspace       used 67829K, committed 69376K, reserved 1114112K
  class space    used 7069K, committed 7744K, reserved 1048576K
}
Event: 31.064 GC heap after
{Heap after GC invocations=142 (full 3):
 PSYoungGen      total 3584K, used 1372K [0x00000000d5580000, 0x00000000d5a80000, 0x0000000100000000)
  eden space 2048K, 0% used [0x00000000d5580000,0x00000000d5580000,0x00000000d5780000)
  from space 1536K, 89% used [0x00000000d5780000,0x00000000d58d7250,0x00000000d5900000)
  to   space 1536K, 0% used [0x00000000d5900000,0x00000000d5900000,0x00000000d5a80000)
 ParOldGen       total 185344K, used 184865K [0x0000000080000000, 0x000000008b500000, 0x00000000d5580000)
  object space 185344K, 99% used [0x0000000080000000,0x000000008b488560,0x000000008b500000)
 Metaspace       used 67829K, committed 69376K, reserved 1114112K
  class space    used 7069K, committed 7744K, reserved 1048576K
}
Event: 31.083 GC heap before
{Heap before GC invocations=143 (full 3):
 PSYoungGen      total 3584K, used 3336K [0x00000000d5580000, 0x00000000d5a80000, 0x0000000100000000)
  eden space 2048K, 95% used [0x00000000d5580000,0x00000000d576ae08,0x00000000d5780000)
  from space 1536K, 89% used [0x00000000d5780000,0x00000000d58d7250,0x00000000d5900000)
  to   space 1536K, 0% used [0x00000000d5900000,0x00000000d5900000,0x00000000d5a80000)
 ParOldGen       total 185344K, used 184865K [0x0000000080000000, 0x000000008b500000, 0x00000000d5580000)
  object space 185344K, 99% used [0x0000000080000000,0x000000008b488560,0x000000008b500000)
 Metaspace       used 67838K, committed 69376K, reserved 1114112K
  class space    used 7069K, committed 7744K, reserved 1048576K
}
Event: 31.086 GC heap after
{Heap after GC invocations=143 (full 3):
 PSYoungGen      total 3584K, used 1085K [0x00000000d5580000, 0x00000000d5a80000, 0x0000000100000000)
  eden space 2048K, 0% used [0x00000000d5580000,0x00000000d5580000,0x00000000d5780000)
  from space 1536K, 70% used [0x00000000d5900000,0x00000000d5a0f670,0x00000000d5a80000)
  to   space 1536K, 0% used [0x00000000d5780000,0x00000000d5780000,0x00000000d5900000)
 ParOldGen       total 186880K, used 186862K [0x0000000080000000, 0x000000008b680000, 0x00000000d5580000)
  object space 186880K, 99% used [0x0000000080000000,0x000000008b67bb80,0x000000008b680000)
 Metaspace       used 67838K, committed 69376K, reserved 1114112K
  class space    used 7069K, committed 7744K, reserved 1048576K
}
Event: 31.249 GC heap before
{Heap before GC invocations=144 (full 3):
 PSYoungGen      total 3584K, used 3133K [0x00000000d5580000, 0x00000000d5a80000, 0x0000000100000000)
  eden space 2048K, 100% used [0x00000000d5580000,0x00000000d5780000,0x00000000d5780000)
  from space 1536K, 70% used [0x00000000d5900000,0x00000000d5a0f670,0x00000000d5a80000)
  to   space 1536K, 0% used [0x00000000d5780000,0x00000000d5780000,0x00000000d5900000)
 ParOldGen       total 186880K, used 186862K [0x0000000080000000, 0x000000008b680000, 0x00000000d5580000)
  object space 186880K, 99% used [0x0000000080000000,0x000000008b67bb80,0x000000008b680000)
 Metaspace       used 67851K, committed 69440K, reserved 1114112K
  class space    used 7069K, committed 7744K, reserved 1048576K
}
Event: 31.251 GC heap after
{Heap after GC invocations=144 (full 3):
 PSYoungGen      total 3584K, used 1529K [0x00000000d5580000, 0x00000000d5d80000, 0x0000000100000000)
  eden space 2048K, 0% used [0x00000000d5580000,0x00000000d5580000,0x00000000d5780000)
  from space 1536K, 99% used [0x00000000d5780000,0x00000000d58fe518,0x00000000d5900000)
  to   space 3072K, 0% used [0x00000000d5a80000,0x00000000d5a80000,0x00000000d5d80000)
 ParOldGen       total 187904K, used 187820K [0x0000000080000000, 0x000000008b780000, 0x00000000d5580000)
  object space 187904K, 99% used [0x0000000080000000,0x000000008b76b318,0x000000008b780000)
 Metaspace       used 67851K, committed 69440K, reserved 1114112K
  class space    used 7069K, committed 7744K, reserved 1048576K
}

