# JRE version: OpenJDK Runtime Environment Temurin-21.0.10+7 (21.0.10+7) (build 21.0.10+7-LTS)
# Java VM: OpenJDK 64-Bit Server VM Temurin-21.0.10+7 (21.0.10+7-LTS, mixed mode, sharing, tiered, compressed oops, compressed class ptrs, parallel gc, windows-amd64)
GC Precious Log:
 CardTable entry size: 512
 CPUs: 12 total, 12 available
 Memory: 7501M
 Large Page Support: Disabled
 NUMA Support: Disabled
 Compressed Oops: Enabled (32-bit)
 Alignments: Space 512K, Generation 512K, Heap 2M
 Heap Min Capacity: 100M
 Heap Initial Capacity: 100M
 Heap Max Capacity: 2G
 Pre-touch: Disabled
 Parallel Workers: 10
Heap:
 PSYoungGen      total 5120K, used 4699K [0x00000000d5580000, 0x00000000d5d00000, 0x0000000100000000)
  eden space 2560K, 97% used [0x00000000d5580000,0x00000000d57eef40,0x00000000d5800000)
  from space 2560K, 86% used [0x00000000d5800000,0x00000000d5a28000,0x00000000d5a80000)
  to   space 2560K, 58% used [0x00000000d5a80000,0x00000000d5bf39f8,0x00000000d5d00000)
 ParOldGen       total 134656K, used 134313K [0x0000000080000000, 0x0000000088380000, 0x00000000d5580000)
  object space 134656K, 99% used [0x0000000080000000,0x000000008832a430,0x0000000088380000)
 Metaspace       used 69395K, committed 71040K, reserved 1114112K
  class space    used 7305K, committed 8000K, reserved 1048576K
GC Heap History (20 events):
Event: 16.367 GC heap after
{Heap after GC invocations=208 (full 3):
 PSYoungGen      total 4096K, used 1920K [0x00000000d5580000, 0x00000000d5c00000, 0x0000000100000000)
  eden space 2048K, 0% used [0x00000000d5580000,0x00000000d5580000,0x00000000d5780000)
  from space 2048K, 93% used [0x00000000d5780000,0x00000000d5960000,0x00000000d5980000)
  to   space 2048K, 0% used [0x00000000d5a00000,0x00000000d5a00000,0x00000000d5c00000)
 ParOldGen       total 119296K, used 119009K [0x0000000080000000, 0x0000000087480000, 0x00000000d5580000)
  object space 119296K, 99% used [0x0000000080000000,0x00000000874387b8,0x0000000087480000)
 Metaspace       used 69342K, committed 70976K, reserved 1114112K
  class space    used 7298K, committed 8000K, reserved 1048576K
}
Event: 16.390 GC heap before
{Heap before GC invocations=209 (full 3):
 PSYoungGen      total 4096K, used 3832K [0x00000000d5580000, 0x00000000d5c00000, 0x0000000100000000)
  eden space 2048K, 93% used [0x00000000d5580000,0x00000000d575e160,0x00000000d5780000)
  from space 2048K, 93% used [0x00000000d5780000,0x00000000d5960000,0x00000000d5980000)
  to   space 2048K, 0% used [0x00000000d5a00000,0x00000000d5a00000,0x00000000d5c00000)
 ParOldGen       total 119296K, used 119009K [0x0000000080000000, 0x0000000087480000, 0x00000000d5580000)
  object space 119296K, 99% used [0x0000000080000000,0x00000000874387b8,0x0000000087480000)
 Metaspace       used 69366K, committed 70976K, reserved 1114112K
  class space    used 7301K, committed 8000K, reserved 1048576K
}
Event: 16.393 GC heap after
{Heap after GC invocations=209 (full 3):
 PSYoungGen      total 3584K, used 1273K [0x00000000d5580000, 0x00000000d5b80000, 0x0000000100000000)
  eden space 2048K, 0% used [0x00000000d5580000,0x00000000d5580000,0x00000000d5780000)
  from space 1536K, 82% used [0x00000000d5a00000,0x00000000d5b3e400,0x00000000d5b80000)
  to   space 1536K, 0% used [0x00000000d5880000,0x00000000d5880000,0x00000000d5a00000)
 ParOldGen       total 120832K, used 120809K [0x0000000080000000, 0x0000000087600000, 0x00000000d5580000)
  object space 120832K, 99% used [0x0000000080000000,0x00000000875fa620,0x0000000087600000)
 Metaspace       used 69366K, committed 70976K, reserved 1114112K
  class space    used 7301K, committed 8000K, reserved 1048576K
}
Event: 16.429 GC heap before
{Heap before GC invocations=210 (full 3):
 PSYoungGen      total 3584K, used 3321K [0x00000000d5580000, 0x00000000d5b80000, 0x0000000100000000)
  eden space 2048K, 100% used [0x00000000d5580000,0x00000000d5780000,0x00000000d5780000)
  from space 1536K, 82% used [0x00000000d5a00000,0x00000000d5b3e400,0x00000000d5b80000)
  to   space 1536K, 0% used [0x00000000d5880000,0x00000000d5880000,0x00000000d5a00000)
 ParOldGen       total 120832K, used 120809K [0x0000000080000000, 0x0000000087600000, 0x00000000d5580000)
  object space 120832K, 99% used [0x0000000080000000,0x00000000875fa620,0x0000000087600000)
 Metaspace       used 69374K, committed 70976K, reserved 1114112K
  class space    used 7304K, committed 8000K, reserved 1048576K
}
Event: 16.433 GC heap after
{Heap after GC invocations=210 (full 3):
 PSYoungGen      total 3584K, used 1508K [0x00000000d5580000, 0x00000000d5d80000, 0x0000000100000000)
  eden space 2048K, 0% used [0x00000000d5580000,0x00000000d5580000,0x00000000d5780000)
  from space 1536K, 98% used [0x00000000d5880000,0x00000000d59f9000,0x00000000d5a00000)
  to   space 3072K, 0% used [0x00000000d5a80000,0x00000000d5a80000,0x00000000d5d80000)
 ParOldGen       total 122368K, used 121873K [0x0000000080000000, 0x0000000087780000, 0x00000000d5580000)
  object space 122368K, 99% used [0x0000000080000000,0x0000000087704620,0x0000000087780000)
 Metaspace       used 69374K, committed 70976K, reserved 1114112K
  class space    used 7304K, committed 8000K, reserved 1048576K
}
Event: 16.445 GC heap before
{Heap before GC invocations=211 (full 3):
 PSYoungGen      total 3584K, used 2827K [0x00000000d5580000, 0x00000000d5d80000, 0x0000000100000000)
  eden space 2048K, 64% used [0x00000000d5580000,0x00000000d56c9f38,0x00000000d5780000)
  from space 1536K, 98% used [0x00000000d5880000,0x00000000d59f9000,0x00000000d5a00000)
  to   space 3072K, 0% used [0x00000000d5a80000,0x00000000d5a80000,0x00000000d5d80000)
 ParOldGen       total 122368K, used 121873K [0x0000000080000000, 0x0000000087780000, 0x00000000d5580000)
  object space 122368K, 99% used [0x0000000080000000,0x0000000087704620,0x0000000087780000)
 Metaspace       used 69374K, committed 70976K, reserved 1114112K
  class space    used 7304K, committed 8000K, reserved 1048576K
}
Event: 16.449 GC heap after
{Heap after GC invocations=211 (full 3):
 PSYoungGen      total 3584K, used 1508K [0x00000000d5580000, 0x00000000d5c00000, 0x0000000100000000)
  eden space 2048K, 0% used [0x00000000d5580000,0x00000000d5580000,0x00000000d5780000)
  from space 1536K, 98% used [0x00000000d5a80000,0x00000000d5bf9000,0x00000000d5c00000)
  to   space 2048K, 0% used [0x00000000d5800000,0x00000000d5800000,0x00000000d5a00000)
 ParOldGen       total 123904K, used 123405K [0x0000000080000000, 0x0000000087900000, 0x00000000d5580000)
  object space 123904K, 99% used [0x0000000080000000,0x0000000087883620,0x0000000087900000)
 Metaspace       used 69374K, committed 70976K, reserved 1114112K
  class space    used 7304K, committed 8000K, reserved 1048576K
}
Event: 16.542 GC heap before
{Heap before GC invocations=212 (full 3):
 PSYoungGen      total 3584K, used 3556K [0x00000000d5580000, 0x00000000d5c00000, 0x0000000100000000)
  eden space 2048K, 100% used [0x00000000d5580000,0x00000000d5780000,0x00000000d5780000)
  from space 1536K, 98% used [0x00000000d5a80000,0x00000000d5bf9000,0x00000000d5c00000)
  to   space 2048K, 0% used [0x00000000d5800000,0x00000000d5800000,0x00000000d5a00000)
 ParOldGen       total 123904K, used 123405K [0x0000000080000000, 0x0000000087900000, 0x00000000d5580000)
  object space 123904K, 99% used [0x0000000080000000,0x0000000087883620,0x0000000087900000)
 Metaspace       used 69377K, committed 70976K, reserved 1114112K
  class space    used 7304K, committed 8000K, reserved 1048576K
}
Event: 16.547 GC heap after
{Heap after GC invocations=212 (full 3):
 PSYoungGen      total 4096K, used 2047K [0x00000000d5580000, 0x00000000d5f80000, 0x0000000100000000)
  eden space 2048K, 0% used [0x00000000d5580000,0x00000000d5580000,0x00000000d5780000)
  from space 2048K, 99% used [0x00000000d5800000,0x00000000d59ffe10,0x00000000d5a00000)
  to   space 4096K, 0% used [0x00000000d5b80000,0x00000000d5b80000,0x00000000d5f80000)
 ParOldGen       total 124928K, used 124801K [0x0000000080000000, 0x0000000087a00000, 0x00000000d5580000)
  object space 124928K, 99% used [0x0000000080000000,0x00000000879e0620,0x0000000087a00000)
 Metaspace       used 69377K, committed 70976K, reserved 1114112K
  class space    used 7304K, committed 8000K, reserved 1048576K
}
Event: 16.553 GC heap before
{Heap before GC invocations=213 (full 3):
 PSYoungGen      total 4096K, used 4095K [0x00000000d5580000, 0x00000000d5f80000, 0x0000000100000000)
  eden space 2048K, 100% used [0x00000000d5580000,0x00000000d5780000,0x00000000d5780000)
  from space 2048K, 99% used [0x00000000d5800000,0x00000000d59ffe10,0x00000000d5a00000)
  to   space 4096K, 0% used [0x00000000d5b80000,0x00000000d5b80000,0x00000000d5f80000)
 ParOldGen       total 124928K, used 124801K [0x0000000080000000, 0x0000000087a00000, 0x00000000d5580000)
  object space 124928K, 99% used [0x0000000080000000,0x00000000879e0620,0x0000000087a00000)
 Metaspace       used 69377K, committed 70976K, reserved 1114112K
  class space    used 7304K, committed 8000K, reserved 1048576K
}
Event: 16.557 GC heap after
{Heap after GC invocations=213 (full 3):
 PSYoungGen      total 4608K, used 2144K [0x00000000d5580000, 0x00000000d5e00000, 0x0000000100000000)
  eden space 2048K, 0% used [0x00000000d5580000,0x00000000d5580000,0x00000000d5780000)
  from space 2560K, 83% used [0x00000000d5b80000,0x00000000d5d98000,0x00000000d5e00000)
  to   space 3072K, 0% used [0x00000000d5800000,0x00000000d5800000,0x00000000d5b00000)
 ParOldGen       total 126976K, used 126849K [0x0000000080000000, 0x0000000087c00000, 0x00000000d5580000)
  object space 126976K, 99% used [0x0000000080000000,0x0000000087be0430,0x0000000087c00000)
 Metaspace       used 69377K, committed 70976K, reserved 1114112K
  class space    used 7304K, committed 8000K, reserved 1048576K
}
Event: 16.562 GC heap before
{Heap before GC invocations=214 (full 3):
 PSYoungGen      total 4608K, used 4192K [0x00000000d5580000, 0x00000000d5e00000, 0x0000000100000000)
  eden space 2048K, 100% used [0x00000000d5580000,0x00000000d5780000,0x00000000d5780000)
  from space 2560K, 83% used [0x00000000d5b80000,0x00000000d5d98000,0x00000000d5e00000)
  to   space 3072K, 0% used [0x00000000d5800000,0x00000000d5800000,0x00000000d5b00000)
 ParOldGen       total 126976K, used 126849K [0x0000000080000000, 0x0000000087c00000, 0x00000000d5580000)
  object space 126976K, 99% used [0x0000000080000000,0x0000000087be0430,0x0000000087c00000)
 Metaspace       used 69377K, committed 70976K, reserved 1114112K
  class space    used 7304K, committed 8000K, reserved 1048576K
}
Event: 16.566 GC heap after
{Heap after GC invocations=214 (full 3):
 PSYoungGen      total 5120K, used 2208K [0x00000000d5580000, 0x00000000d5d00000, 0x0000000100000000)
  eden space 2560K, 0% used [0x00000000d5580000,0x00000000d5580000,0x00000000d5800000)
  from space 2560K, 86% used [0x00000000d5800000,0x00000000d5a28000,0x00000000d5a80000)
  to   space 2560K, 0% used [0x00000000d5a80000,0x00000000d5a80000,0x00000000d5d00000)
 ParOldGen       total 129024K, used 128913K [0x0000000080000000, 0x0000000087e00000, 0x00000000d5580000)
  object space 129024K, 99% used [0x0000000080000000,0x0000000087de4430,0x0000000087e00000)
 Metaspace       used 69377K, committed 70976K, reserved 1114112K
  class space    used 7304K, committed 8000K, reserved 1048576K
}
Event: 16.574 GC heap before
{Heap before GC invocations=215 (full 3):
 PSYoungGen      total 5120K, used 4768K [0x00000000d5580000, 0x00000000d5d00000, 0x0000000100000000)
  eden space 2560K, 100% used [0x00000000d5580000,0x00000000d5800000,0x00000000d5800000)
  from space 2560K, 86% used [0x00000000d5800000,0x00000000d5a28000,0x00000000d5a80000)
  to   space 2560K, 0% used [0x00000000d5a80000,0x00000000d5a80000,0x00000000d5d00000)
 ParOldGen       total 129024K, used 128913K [0x0000000080000000, 0x0000000087e00000, 0x00000000d5580000)
  object space 129024K, 99% used [0x0000000080000000,0x0000000087de4430,0x0000000087e00000)
 Metaspace       used 69377K, committed 70976K, reserved 1114112K
  class space    used 7304K, committed 8000K, reserved 1048576K
}
Event: 16.579 GC heap after
{Heap after GC invocations=215 (full 3):
 PSYoungGen      total 5120K, used 2531K [0x00000000d5580000, 0x00000000d5d00000, 0x0000000100000000)
  eden space 2560K, 0% used [0x00000000d5580000,0x00000000d5580000,0x00000000d5800000)
  from space 2560K, 98% used [0x00000000d5a80000,0x00000000d5cf8c00,0x00000000d5d00000)
  to   space 2560K, 0% used [0x00000000d5800000,0x00000000d5800000,0x00000000d5a80000)
 ParOldGen       total 131072K, used 131017K [0x0000000080000000, 0x0000000088000000, 0x00000000d5580000)
  object space 131072K, 99% used [0x0000000080000000,0x0000000087ff2430,0x0000000088000000)
 Metaspace       used 69377K, committed 70976K, reserved 1114112K
  class space    used 7304K, committed 8000K, reserved 1048576K
}
Event: 16.601 GC heap before
{Heap before GC invocations=216 (full 3):
 PSYoungGen      total 5120K, used 5084K [0x00000000d5580000, 0x00000000d5d00000, 0x0000000100000000)
  eden space 2560K, 99% used [0x00000000d5580000,0x00000000d57fe7c0,0x00000000d5800000)
  from space 2560K, 98% used [0x00000000d5a80000,0x00000000d5cf8c00,0x00000000d5d00000)
  to   space 2560K, 0% used [0x00000000d5800000,0x00000000d5800000,0x00000000d5a80000)
 ParOldGen       total 131072K, used 131017K [0x0000000080000000, 0x0000000088000000, 0x00000000d5580000)
  object space 131072K, 99% used [0x0000000080000000,0x0000000087ff2430,0x0000000088000000)
 Metaspace       used 69377K, committed 70976K, reserved 1114112K
  class space    used 7304K, committed 8000K, reserved 1048576K
}
Event: 16.606 GC heap after
{Heap after GC invocations=216 (full 3):
 PSYoungGen      total 5120K, used 2208K [0x00000000d5580000, 0x00000000d5d00000, 0x0000000100000000)
  eden space 2560K, 0% used [0x00000000d5580000,0x00000000d5580000,0x00000000d5800000)
  from space 2560K, 86% used [0x00000000d5800000,0x00000000d5a28000,0x00000000d5a80000)
  to   space 2560K, 0% used [0x00000000d5a80000,0x00000000d5a80000,0x00000000d5d00000)
 ParOldGen       total 133632K, used 133505K [0x0000000080000000, 0x0000000088280000, 0x00000000d5580000)
  object space 133632K, 99% used [0x0000000080000000,0x0000000088260430,0x0000000088280000)
 Metaspace       used 69377K, committed 70976K, reserved 1114112K
  class space    used 7304K, committed 8000K, reserved 1048576K
}
Event: 16.671 GC heap before
{Heap before GC invocations=217 (full 3):
 PSYoungGen      total 5120K, used 4699K [0x00000000d5580000, 0x00000000d5d00000, 0x0000000100000000)
  eden space 2560K, 97% used [0x00000000d5580000,0x00000000d57eef40,0x00000000d5800000)
  from space 2560K, 86% used [0x00000000d5800000,0x00000000d5a28000,0x00000000d5a80000)
  to   space 2560K, 0% used [0x00000000d5a80000,0x00000000d5a80000,0x00000000d5d00000)
 ParOldGen       total 133632K, used 133505K [0x0000000080000000, 0x0000000088280000, 0x00000000d5580000)
  object space 133632K, 99% used [0x0000000080000000,0x0000000088260430,0x0000000088280000)
 Metaspace       used 69395K, committed 71040K, reserved 1114112K
  class space    used 7305K, committed 8000K, reserved 1048576K
}
Event: 16.676 GC heap after
{Heap after GC invocations=217 (full 3):
 PSYoungGen      total 5120K, used 4699K [0x00000000d5580000, 0x00000000d5d00000, 0x0000000100000000)
  eden space 2560K, 97% used [0x00000000d5580000,0x00000000d57eef40,0x00000000d5800000)
  from space 2560K, 86% used [0x00000000d5800000,0x00000000d5a28000,0x00000000d5a80000)
  to   space 2560K, 58% used [0x00000000d5a80000,0x00000000d5bf39f8,0x00000000d5d00000)
 ParOldGen       total 134656K, used 134313K [0x0000000080000000, 0x0000000088380000, 0x00000000d5580000)
  object space 134656K, 99% used [0x0000000080000000,0x000000008832a430,0x0000000088380000)
 Metaspace       used 69395K, committed 71040K, reserved 1114112K
  class space    used 7305K, committed 8000K, reserved 1048576K
}
Event: 16.676 GC heap before
{Heap before GC invocations=218 (full 4):
 PSYoungGen      total 5120K, used 4699K [0x00000000d5580000, 0x00000000d5d00000, 0x0000000100000000)
  eden space 2560K, 97% used [0x00000000d5580000,0x00000000d57eef40,0x00000000d5800000)
  from space 2560K, 86% used [0x00000000d5800000,0x00000000d5a28000,0x00000000d5a80000)
  to   space 2560K, 58% used [0x00000000d5a80000,0x00000000d5bf39f8,0x00000000d5d00000)
 ParOldGen       total 134656K, used 134313K [0x0000000080000000, 0x0000000088380000, 0x00000000d5580000)
  object space 134656K, 99% used [0x0000000080000000,0x000000008832a430,0x0000000088380000)
 Metaspace       used 69395K, committed 71040K, reserved 1114112K
  class space    used 7305K, committed 8000K, reserved 1048576K
}

