# JRE version: OpenJDK Runtime Environment Temurin-21.0.10+7 (21.0.10+7) (build 21.0.10+7-LTS)
# Java VM: OpenJDK 64-Bit Server VM Temurin-21.0.10+7 (21.0.10+7-LTS, mixed mode, sharing, tiered, compressed oops, compressed class ptrs, parallel gc, windows-amd64)
GC Precious Log:
 CardTable entry size: 512
 CPUs: 12 total, 12 available
 Memory: 7501M
 Large Page Support: Disabled
 NUMA Support: Disabled
 Compressed Oops: Enabled (32-bit)
 Alignments: Space 512K, Generation 512K, Heap 2M
 Heap Min Capacity: 100M
 Heap Initial Capacity: 100M
 Heap Max Capacity: 2G
 Pre-touch: Disabled
 Parallel Workers: 10
Heap:
 PSYoungGen      total 16384K, used 11799K [0x00000000d5580000, 0x00000000d6980000, 0x0000000100000000)
  eden space 15360K, 70% used [0x00000000d5580000,0x00000000d60108a0,0x00000000d6480000)
  from space 1024K, 95% used [0x00000000d6880000,0x00000000d6975510,0x00000000d6980000)
  to   space 1536K, 0% used [0x00000000d6680000,0x00000000d6680000,0x00000000d6800000)
 ParOldGen       total 68608K, used 36448K [0x0000000080000000, 0x0000000084300000, 0x00000000d5580000)
  object space 68608K, 53% used [0x0000000080000000,0x00000000823980d8,0x0000000084300000)
 Metaspace       used 48725K, committed 49984K, reserved 1114112K
  class space    used 5283K, committed 5824K, reserved 1048576K
GC Heap History (20 events):
Event: 12.761 GC heap before
{Heap before GC invocations=15 (full 2):
 PSYoungGen      total 23552K, used 1437K [0x00000000d5580000, 0x00000000d7080000, 0x0000000100000000)
  eden space 22016K, 0% used [0x00000000d5580000,0x00000000d5580000,0x00000000d6b00000)
  from space 1536K, 93% used [0x00000000d6e80000,0x00000000d6fe77e0,0x00000000d7000000)
  to   space 512K, 0% used [0x00000000d7000000,0x00000000d7000000,0x00000000d7080000)
 ParOldGen       total 68608K, used 19131K [0x0000000080000000, 0x0000000084300000, 0x00000000d5580000)
  object space 68608K, 27% used [0x0000000080000000,0x00000000812aec60,0x0000000084300000)
 Metaspace       used 34810K, committed 35840K, reserved 1114112K
  class space    used 3625K, committed 4096K, reserved 1048576K
}
Event: 12.825 GC heap after
{Heap after GC invocations=15 (full 2):
 PSYoungGen      total 23552K, used 0K [0x00000000d5580000, 0x00000000d7080000, 0x0000000100000000)
  eden space 22016K, 0% used [0x00000000d5580000,0x00000000d5580000,0x00000000d6b00000)
  from space 1536K, 0% used [0x00000000d6e80000,0x00000000d6e80000,0x00000000d7000000)
  to   space 512K, 0% used [0x00000000d7000000,0x00000000d7000000,0x00000000d7080000)
 ParOldGen       total 68608K, used 19083K [0x0000000080000000, 0x0000000084300000, 0x00000000d5580000)
  object space 68608K, 27% used [0x0000000080000000,0x00000000812a2f90,0x0000000084300000)
 Metaspace       used 34810K, committed 35840K, reserved 1114112K
  class space    used 3625K, committed 4096K, reserved 1048576K
}
Event: 13.448 GC heap before
{Heap before GC invocations=16 (full 2):
 PSYoungGen      total 23552K, used 22016K [0x00000000d5580000, 0x00000000d7080000, 0x0000000100000000)
  eden space 22016K, 100% used [0x00000000d5580000,0x00000000d6b00000,0x00000000d6b00000)
  from space 1536K, 0% used [0x00000000d6e80000,0x00000000d6e80000,0x00000000d7000000)
  to   space 512K, 0% used [0x00000000d7000000,0x00000000d7000000,0x00000000d7080000)
 ParOldGen       total 68608K, used 19083K [0x0000000080000000, 0x0000000084300000, 0x00000000d5580000)
  object space 68608K, 27% used [0x0000000080000000,0x00000000812a2f90,0x0000000084300000)
 Metaspace       used 37414K, committed 38592K, reserved 1114112K
  class space    used 3956K, committed 4480K, reserved 1048576K
}
Event: 13.454 GC heap after
{Heap after GC invocations=16 (full 2):
 PSYoungGen      total 22528K, used 496K [0x00000000d5580000, 0x00000000d7080000, 0x0000000100000000)
  eden space 22016K, 0% used [0x00000000d5580000,0x00000000d5580000,0x00000000d6b00000)
  from space 512K, 96% used [0x00000000d7000000,0x00000000d707c008,0x00000000d7080000)
  to   space 1536K, 0% used [0x00000000d6d80000,0x00000000d6d80000,0x00000000d6f00000)
 ParOldGen       total 68608K, used 19762K [0x0000000080000000, 0x0000000084300000, 0x00000000d5580000)
  object space 68608K, 28% used [0x0000000080000000,0x000000008134cae8,0x0000000084300000)
 Metaspace       used 37414K, committed 38592K, reserved 1114112K
  class space    used 3956K, committed 4480K, reserved 1048576K
}
Event: 14.128 GC heap before
{Heap before GC invocations=17 (full 2):
 PSYoungGen      total 22528K, used 22512K [0x00000000d5580000, 0x00000000d7080000, 0x0000000100000000)
  eden space 22016K, 100% used [0x00000000d5580000,0x00000000d6b00000,0x00000000d6b00000)
  from space 512K, 96% used [0x00000000d7000000,0x00000000d707c008,0x00000000d7080000)
  to   space 1536K, 0% used [0x00000000d6d80000,0x00000000d6d80000,0x00000000d6f00000)
 ParOldGen       total 68608K, used 19762K [0x0000000080000000, 0x0000000084300000, 0x00000000d5580000)
  object space 68608K, 28% used [0x0000000080000000,0x000000008134cae8,0x0000000084300000)
 Metaspace       used 39763K, committed 40896K, reserved 1114112K
  class space    used 4238K, committed 4736K, reserved 1048576K
}
Event: 14.132 GC heap after
{Heap after GC invocations=17 (full 2):
 PSYoungGen      total 23552K, used 1536K [0x00000000d5580000, 0x00000000d7200000, 0x0000000100000000)
  eden space 22016K, 0% used [0x00000000d5580000,0x00000000d5580000,0x00000000d6b00000)
  from space 1536K, 100% used [0x00000000d6d80000,0x00000000d6f00000,0x00000000d6f00000)
  to   space 3072K, 0% used [0x00000000d6f00000,0x00000000d6f00000,0x00000000d7200000)
 ParOldGen       total 68608K, used 21042K [0x0000000080000000, 0x0000000084300000, 0x00000000d5580000)
  object space 68608K, 30% used [0x0000000080000000,0x000000008148ca20,0x0000000084300000)
 Metaspace       used 39763K, committed 40896K, reserved 1114112K
  class space    used 4238K, committed 4736K, reserved 1048576K
}
Event: 14.638 GC heap before
{Heap before GC invocations=18 (full 2):
 PSYoungGen      total 23552K, used 23552K [0x00000000d5580000, 0x00000000d7200000, 0x0000000100000000)
  eden space 22016K, 100% used [0x00000000d5580000,0x00000000d6b00000,0x00000000d6b00000)
  from space 1536K, 100% used [0x00000000d6d80000,0x00000000d6f00000,0x00000000d6f00000)
  to   space 3072K, 0% used [0x00000000d6f00000,0x00000000d6f00000,0x00000000d7200000)
 ParOldGen       total 68608K, used 21042K [0x0000000080000000, 0x0000000084300000, 0x00000000d5580000)
  object space 68608K, 30% used [0x0000000080000000,0x000000008148ca20,0x0000000084300000)
 Metaspace       used 41314K, committed 42432K, reserved 1114112K
  class space    used 4438K, committed 4928K, reserved 1048576K
}
Event: 14.648 GC heap after
{Heap after GC invocations=18 (full 2):
 PSYoungGen      total 18432K, used 3049K [0x00000000d5580000, 0x00000000d8000000, 0x0000000100000000)
  eden space 15360K, 0% used [0x00000000d5580000,0x00000000d5580000,0x00000000d6480000)
  from space 3072K, 99% used [0x00000000d6f00000,0x00000000d71fa4d0,0x00000000d7200000)
  to   space 10752K, 0% used [0x00000000d6480000,0x00000000d6480000,0x00000000d6f00000)
 ParOldGen       total 68608K, used 27340K [0x0000000080000000, 0x0000000084300000, 0x00000000d5580000)
  object space 68608K, 39% used [0x0000000080000000,0x0000000081ab30b0,0x0000000084300000)
 Metaspace       used 41314K, committed 42432K, reserved 1114112K
  class space    used 4438K, committed 4928K, reserved 1048576K
}
Event: 15.089 GC heap before
{Heap before GC invocations=19 (full 2):
 PSYoungGen      total 18432K, used 18409K [0x00000000d5580000, 0x00000000d8000000, 0x0000000100000000)
  eden space 15360K, 100% used [0x00000000d5580000,0x00000000d6480000,0x00000000d6480000)
  from space 3072K, 99% used [0x00000000d6f00000,0x00000000d71fa4d0,0x00000000d7200000)
  to   space 10752K, 0% used [0x00000000d6480000,0x00000000d6480000,0x00000000d6f00000)
 ParOldGen       total 68608K, used 27340K [0x0000000080000000, 0x0000000084300000, 0x00000000d5580000)
  object space 68608K, 39% used [0x0000000080000000,0x0000000081ab30b0,0x0000000084300000)
 Metaspace       used 42975K, committed 44160K, reserved 1114112K
  class space    used 4640K, committed 5184K, reserved 1048576K
}
Event: 15.095 GC heap after
{Heap after GC invocations=19 (full 2):
 PSYoungGen      total 18432K, used 2832K [0x00000000d5580000, 0x00000000d6f80000, 0x0000000100000000)
  eden space 15360K, 0% used [0x00000000d5580000,0x00000000d5580000,0x00000000d6480000)
  from space 3072K, 92% used [0x00000000d6480000,0x00000000d6744010,0x00000000d6780000)
  to   space 5632K, 0% used [0x00000000d6a00000,0x00000000d6a00000,0x00000000d6f80000)
 ParOldGen       total 68608K, used 30402K [0x0000000080000000, 0x0000000084300000, 0x00000000d5580000)
  object space 68608K, 44% used [0x0000000080000000,0x0000000081db0bc8,0x0000000084300000)
 Metaspace       used 42975K, committed 44160K, reserved 1114112K
  class space    used 4640K, committed 5184K, reserved 1048576K
}
Event: 15.546 GC heap before
{Heap before GC invocations=20 (full 2):
 PSYoungGen      total 18432K, used 18192K [0x00000000d5580000, 0x00000000d6f80000, 0x0000000100000000)
  eden space 15360K, 100% used [0x00000000d5580000,0x00000000d6480000,0x00000000d6480000)
  from space 3072K, 92% used [0x00000000d6480000,0x00000000d6744010,0x00000000d6780000)
  to   space 5632K, 0% used [0x00000000d6a00000,0x00000000d6a00000,0x00000000d6f80000)
 ParOldGen       total 68608K, used 30402K [0x0000000080000000, 0x0000000084300000, 0x00000000d5580000)
  object space 68608K, 44% used [0x0000000080000000,0x0000000081db0bc8,0x0000000084300000)
 Metaspace       used 44093K, committed 45312K, reserved 1114112K
  class space    used 4788K, committed 5312K, reserved 1048576K
}
Event: 15.551 GC heap after
{Heap after GC invocations=20 (full 2):
 PSYoungGen      total 17408K, used 1552K [0x00000000d5580000, 0x00000000d6c00000, 0x0000000100000000)
  eden space 15360K, 0% used [0x00000000d5580000,0x00000000d5580000,0x00000000d6480000)
  from space 2048K, 75% used [0x00000000d6a00000,0x00000000d6b84010,0x00000000d6c00000)
  to   space 2560K, 0% used [0x00000000d6700000,0x00000000d6700000,0x00000000d6980000)
 ParOldGen       total 68608K, used 33074K [0x0000000080000000, 0x0000000084300000, 0x00000000d5580000)
  object space 68608K, 48% used [0x0000000080000000,0x000000008204cbf8,0x0000000084300000)
 Metaspace       used 44093K, committed 45312K, reserved 1114112K
  class space    used 4788K, committed 5312K, reserved 1048576K
}
Event: 15.954 GC heap before
{Heap before GC invocations=21 (full 2):
 PSYoungGen      total 17408K, used 16912K [0x00000000d5580000, 0x00000000d6c00000, 0x0000000100000000)
  eden space 15360K, 100% used [0x00000000d5580000,0x00000000d6480000,0x00000000d6480000)
  from space 2048K, 75% used [0x00000000d6a00000,0x00000000d6b84010,0x00000000d6c00000)
  to   space 2560K, 0% used [0x00000000d6700000,0x00000000d6700000,0x00000000d6980000)
 ParOldGen       total 68608K, used 33074K [0x0000000080000000, 0x0000000084300000, 0x00000000d5580000)
  object space 68608K, 48% used [0x0000000080000000,0x000000008204cbf8,0x0000000084300000)
 Metaspace       used 45161K, committed 46336K, reserved 1114112K
  class space    used 4923K, committed 5440K, reserved 1048576K
}
Event: 15.959 GC heap after
{Heap after GC invocations=21 (full 2):
 PSYoungGen      total 16896K, used 1176K [0x00000000d5580000, 0x00000000d6a80000, 0x0000000100000000)
  eden space 15360K, 0% used [0x00000000d5580000,0x00000000d5580000,0x00000000d6480000)
  from space 1536K, 76% used [0x00000000d6700000,0x00000000d68261a8,0x00000000d6880000)
  to   space 1536K, 0% used [0x00000000d6900000,0x00000000d6900000,0x00000000d6a80000)
 ParOldGen       total 68608K, used 34447K [0x0000000080000000, 0x0000000084300000, 0x00000000d5580000)
  object space 68608K, 50% used [0x0000000080000000,0x00000000821a3c18,0x0000000084300000)
 Metaspace       used 45161K, committed 46336K, reserved 1114112K
  class space    used 4923K, committed 5440K, reserved 1048576K
}
Event: 17.542 GC heap before
{Heap before GC invocations=22 (full 2):
 PSYoungGen      total 16896K, used 16536K [0x00000000d5580000, 0x00000000d6a80000, 0x0000000100000000)
  eden space 15360K, 100% used [0x00000000d5580000,0x00000000d6480000,0x00000000d6480000)
  from space 1536K, 76% used [0x00000000d6700000,0x00000000d68261a8,0x00000000d6880000)
  to   space 1536K, 0% used [0x00000000d6900000,0x00000000d6900000,0x00000000d6a80000)
 ParOldGen       total 68608K, used 34447K [0x0000000080000000, 0x0000000084300000, 0x00000000d5580000)
  object space 68608K, 50% used [0x0000000080000000,0x00000000821a3c18,0x0000000084300000)
 Metaspace       used 46809K, committed 48000K, reserved 1114112K
  class space    used 5103K, committed 5632K, reserved 1048576K
}
Event: 17.546 GC heap after
{Heap after GC invocations=22 (full 2):
 PSYoungGen      total 16384K, used 955K [0x00000000d5580000, 0x00000000d6a00000, 0x0000000100000000)
  eden space 15360K, 0% used [0x00000000d5580000,0x00000000d5580000,0x00000000d6480000)
  from space 1024K, 93% used [0x00000000d6900000,0x00000000d69eee98,0x00000000d6a00000)
  to   space 1536K, 0% used [0x00000000d6700000,0x00000000d6700000,0x00000000d6880000)
 ParOldGen       total 68608K, used 35491K [0x0000000080000000, 0x0000000084300000, 0x00000000d5580000)
  object space 68608K, 51% used [0x0000000080000000,0x00000000822a8dd0,0x0000000084300000)
 Metaspace       used 46809K, committed 48000K, reserved 1114112K
  class space    used 5103K, committed 5632K, reserved 1048576K
}
Event: 18.924 GC heap before
{Heap before GC invocations=23 (full 2):
 PSYoungGen      total 16384K, used 16315K [0x00000000d5580000, 0x00000000d6a00000, 0x0000000100000000)
  eden space 15360K, 100% used [0x00000000d5580000,0x00000000d6480000,0x00000000d6480000)
  from space 1024K, 93% used [0x00000000d6900000,0x00000000d69eee98,0x00000000d6a00000)
  to   space 1536K, 0% used [0x00000000d6700000,0x00000000d6700000,0x00000000d6880000)
 ParOldGen       total 68608K, used 35491K [0x0000000080000000, 0x0000000084300000, 0x00000000d5580000)
  object space 68608K, 51% used [0x0000000080000000,0x00000000822a8dd0,0x0000000084300000)
 Metaspace       used 46885K, committed 48128K, reserved 1114112K
  class space    used 5112K, committed 5632K, reserved 1048576K
}
Event: 18.927 GC heap after
{Heap after GC invocations=23 (full 2):
 PSYoungGen      total 16896K, used 381K [0x00000000d5580000, 0x00000000d6980000, 0x0000000100000000)
  eden space 15360K, 0% used [0x00000000d5580000,0x00000000d5580000,0x00000000d6480000)
  from space 1536K, 24% used [0x00000000d6700000,0x00000000d675f600,0x00000000d6880000)
  to   space 1024K, 0% used [0x00000000d6880000,0x00000000d6880000,0x00000000d6980000)
 ParOldGen       total 68608K, used 36269K [0x0000000080000000, 0x0000000084300000, 0x00000000d5580000)
  object space 68608K, 52% used [0x0000000080000000,0x000000008236b650,0x0000000084300000)
 Metaspace       used 46885K, committed 48128K, reserved 1114112K
  class space    used 5112K, committed 5632K, reserved 1048576K
}
Event: 19.517 GC heap before
{Heap before GC invocations=24 (full 2):
 PSYoungGen      total 16896K, used 15730K [0x00000000d5580000, 0x00000000d6980000, 0x0000000100000000)
  eden space 15360K, 99% used [0x00000000d5580000,0x00000000d647d5b0,0x00000000d6480000)
  from space 1536K, 24% used [0x00000000d6700000,0x00000000d675f600,0x00000000d6880000)
  to   space 1024K, 0% used [0x00000000d6880000,0x00000000d6880000,0x00000000d6980000)
 ParOldGen       total 68608K, used 36269K [0x0000000080000000, 0x0000000084300000, 0x00000000d5580000)
  object space 68608K, 52% used [0x0000000080000000,0x000000008236b650,0x0000000084300000)
 Metaspace       used 47473K, committed 48704K, reserved 1114112K
  class space    used 5166K, committed 5696K, reserved 1048576K
}
Event: 19.519 GC heap after
{Heap after GC invocations=24 (full 2):
 PSYoungGen      total 16384K, used 981K [0x00000000d5580000, 0x00000000d6980000, 0x0000000100000000)
  eden space 15360K, 0% used [0x00000000d5580000,0x00000000d5580000,0x00000000d6480000)
  from space 1024K, 95% used [0x00000000d6880000,0x00000000d6975510,0x00000000d6980000)
  to   space 1536K, 0% used [0x00000000d6680000,0x00000000d6680000,0x00000000d6800000)
 ParOldGen       total 68608K, used 36448K [0x0000000080000000, 0x0000000084300000, 0x00000000d5580000)
  object space 68608K, 53% used [0x0000000080000000,0x00000000823980d8,0x0000000084300000)
 Metaspace       used 47473K, committed 48704K, reserved 1114112K
  class space    used 5166K, committed 5696K, reserved 1048576K
}

