# JRE version: OpenJDK Runtime Environment Temurin-21.0.10+7 (21.0.10+7) (build 21.0.10+7-LTS)
# Java VM: OpenJDK 64-Bit Server VM Temurin-21.0.10+7 (21.0.10+7-LTS, mixed mode, sharing, tiered, compressed oops, compressed class ptrs, parallel gc, windows-amd64)
GC Precious Log:
 CardTable entry size: 512
 CPUs: 12 total, 12 available
 Memory: 7501M
 Large Page Support: Disabled
 NUMA Support: Disabled
 Compressed Oops: Enabled (32-bit)
 Alignments: Space 512K, Generation 512K, Heap 2M
 Heap Min Capacity: 100M
 Heap Initial Capacity: 100M
 Heap Max Capacity: 2G
 Pre-touch: Disabled
 Parallel Workers: 10
Heap:
 PSYoungGen      total 9728K, used 8669K [0x00000000d5580000, 0x00000000d6080000, 0x0000000100000000)
  eden space 9216K, 88% used [0x00000000d5580000,0x00000000d5d83410,0x00000000d5e80000)
  from space 512K, 93% used [0x00000000d5f00000,0x00000000d5f78020,0x00000000d5f80000)
  to   space 1024K, 0% used [0x00000000d5f80000,0x00000000d5f80000,0x00000000d6080000)
 ParOldGen       total 84992K, used 84918K [0x0000000080000000, 0x0000000085300000, 0x00000000d5580000)
  object space 84992K, 99% used [0x0000000080000000,0x00000000852ed858,0x0000000085300000)
 Metaspace       used 66834K, committed 68288K, reserved 1114112K
  class space    used 7085K, committed 7744K, reserved 1048576K
GC Heap History (20 events):
Event: 12.340 GC heap before
{Heap before GC invocations=87 (full 3):
 PSYoungGen      total 10752K, used 10521K [0x00000000d5580000, 0x00000000d6200000, 0x0000000100000000)
  eden space 9728K, 100% used [0x00000000d5580000,0x00000000d5f00000,0x00000000d5f00000)
  from space 1024K, 77% used [0x00000000d6000000,0x00000000d60c6680,0x00000000d6100000)
  to   space 1024K, 0% used [0x00000000d6100000,0x00000000d6100000,0x00000000d6200000)
 ParOldGen       total 78848K, used 78756K [0x0000000080000000, 0x0000000084d00000, 0x00000000d5580000)
  object space 78848K, 99% used [0x0000000080000000,0x0000000084ce9160,0x0000000084d00000)
 Metaspace       used 63606K, committed 65088K, reserved 1114112K
  class space    used 6819K, committed 7488K, reserved 1048576K
}
Event: 12.342 GC heap after
{Heap after GC invocations=87 (full 3):
 PSYoungGen      total 10240K, used 1014K [0x00000000d5580000, 0x00000000d6400000, 0x0000000100000000)
  eden space 9216K, 0% used [0x00000000d5580000,0x00000000d5580000,0x00000000d5e80000)
  from space 1024K, 99% used [0x00000000d6100000,0x00000000d61fd920,0x00000000d6200000)
  to   space 2560K, 0% used [0x00000000d5e80000,0x00000000d5e80000,0x00000000d6100000)
 ParOldGen       total 79872K, used 79677K [0x0000000080000000, 0x0000000084e00000, 0x00000000d5580000)
  object space 79872K, 99% used [0x0000000080000000,0x0000000084dcf470,0x0000000084e00000)
 Metaspace       used 63606K, committed 65088K, reserved 1114112K
  class space    used 6819K, committed 7488K, reserved 1048576K
}
Event: 12.383 GC heap before
{Heap before GC invocations=88 (full 3):
 PSYoungGen      total 10240K, used 10230K [0x00000000d5580000, 0x00000000d6400000, 0x0000000100000000)
  eden space 9216K, 100% used [0x00000000d5580000,0x00000000d5e80000,0x00000000d5e80000)
  from space 1024K, 99% used [0x00000000d6100000,0x00000000d61fd920,0x00000000d6200000)
  to   space 2560K, 0% used [0x00000000d5e80000,0x00000000d5e80000,0x00000000d6100000)
 ParOldGen       total 79872K, used 79677K [0x0000000080000000, 0x0000000084e00000, 0x00000000d5580000)
  object space 79872K, 99% used [0x0000000080000000,0x0000000084dcf470,0x0000000084e00000)
 Metaspace       used 63944K, committed 65408K, reserved 1114112K
  class space    used 6843K, committed 7488K, reserved 1048576K
}
Event: 12.386 GC heap after
{Heap after GC invocations=88 (full 3):
 PSYoungGen      total 10752K, used 1430K [0x00000000d5580000, 0x00000000d6280000, 0x0000000100000000)
  eden space 9216K, 0% used [0x00000000d5580000,0x00000000d5580000,0x00000000d5e80000)
  from space 1536K, 93% used [0x00000000d5e80000,0x00000000d5fe5a00,0x00000000d6000000)
  to   space 2048K, 0% used [0x00000000d6080000,0x00000000d6080000,0x00000000d6280000)
 ParOldGen       total 81408K, used 80935K [0x0000000080000000, 0x0000000084f80000, 0x00000000d5580000)
  object space 81408K, 99% used [0x0000000080000000,0x0000000084f09da8,0x0000000084f80000)
 Metaspace       used 63944K, committed 65408K, reserved 1114112K
  class space    used 6843K, committed 7488K, reserved 1048576K
}
Event: 12.457 GC heap before
{Heap before GC invocations=89 (full 3):
 PSYoungGen      total 10752K, used 9236K [0x00000000d5580000, 0x00000000d6280000, 0x0000000100000000)
  eden space 9216K, 84% used [0x00000000d5580000,0x00000000d5d1f760,0x00000000d5e80000)
  from space 1536K, 93% used [0x00000000d5e80000,0x00000000d5fe5a00,0x00000000d6000000)
  to   space 2048K, 0% used [0x00000000d6080000,0x00000000d6080000,0x00000000d6280000)
 ParOldGen       total 81408K, used 80935K [0x0000000080000000, 0x0000000084f80000, 0x00000000d5580000)
  object space 81408K, 99% used [0x0000000080000000,0x0000000084f09da8,0x0000000084f80000)
 Metaspace       used 64115K, committed 65600K, reserved 1114112K
  class space    used 6849K, committed 7488K, reserved 1048576K
}
Event: 12.460 GC heap after
{Heap after GC invocations=89 (full 3):
 PSYoungGen      total 10752K, used 1183K [0x00000000d5580000, 0x00000000d6200000, 0x0000000100000000)
  eden space 9216K, 0% used [0x00000000d5580000,0x00000000d5580000,0x00000000d5e80000)
  from space 1536K, 77% used [0x00000000d6080000,0x00000000d61a7e78,0x00000000d6200000)
  to   space 1536K, 0% used [0x00000000d5e80000,0x00000000d5e80000,0x00000000d6000000)
 ParOldGen       total 81920K, used 81643K [0x0000000080000000, 0x0000000085000000, 0x00000000d5580000)
  object space 81920K, 99% used [0x0000000080000000,0x0000000084fbae88,0x0000000085000000)
 Metaspace       used 64115K, committed 65600K, reserved 1114112K
  class space    used 6849K, committed 7488K, reserved 1048576K
}
Event: 12.509 GC heap before
{Heap before GC invocations=90 (full 3):
 PSYoungGen      total 10752K, used 10399K [0x00000000d5580000, 0x00000000d6200000, 0x0000000100000000)
  eden space 9216K, 100% used [0x00000000d5580000,0x00000000d5e80000,0x00000000d5e80000)
  from space 1536K, 77% used [0x00000000d6080000,0x00000000d61a7e78,0x00000000d6200000)
  to   space 1536K, 0% used [0x00000000d5e80000,0x00000000d5e80000,0x00000000d6000000)
 ParOldGen       total 81920K, used 81643K [0x0000000080000000, 0x0000000085000000, 0x00000000d5580000)
  object space 81920K, 99% used [0x0000000080000000,0x0000000084fbae88,0x0000000085000000)
 Metaspace       used 64468K, committed 65984K, reserved 1114112K
  class space    used 6883K, committed 7552K, reserved 1048576K
}
Event: 12.513 GC heap after
{Heap after GC invocations=90 (full 3):
 PSYoungGen      total 10752K, used 943K [0x00000000d5580000, 0x00000000d6180000, 0x0000000100000000)
  eden space 9216K, 0% used [0x00000000d5580000,0x00000000d5580000,0x00000000d5e80000)
  from space 1536K, 61% used [0x00000000d5e80000,0x00000000d5f6bc58,0x00000000d6000000)
  to   space 1536K, 0% used [0x00000000d6000000,0x00000000d6000000,0x00000000d6180000)
 ParOldGen       total 82944K, used 82695K [0x0000000080000000, 0x0000000085100000, 0x00000000d5580000)
  object space 82944K, 99% used [0x0000000080000000,0x00000000850c1f90,0x0000000085100000)
 Metaspace       used 64468K, committed 65984K, reserved 1114112K
  class space    used 6883K, committed 7552K, reserved 1048576K
}
Event: 12.576 GC heap before
{Heap before GC invocations=91 (full 3):
 PSYoungGen      total 10752K, used 10159K [0x00000000d5580000, 0x00000000d6180000, 0x0000000100000000)
  eden space 9216K, 100% used [0x00000000d5580000,0x00000000d5e80000,0x00000000d5e80000)
  from space 1536K, 61% used [0x00000000d5e80000,0x00000000d5f6bc58,0x00000000d6000000)
  to   space 1536K, 0% used [0x00000000d6000000,0x00000000d6000000,0x00000000d6180000)
 ParOldGen       total 82944K, used 82695K [0x0000000080000000, 0x0000000085100000, 0x00000000d5580000)
  object space 82944K, 99% used [0x0000000080000000,0x00000000850c1f90,0x0000000085100000)
 Metaspace       used 65101K, committed 66624K, reserved 1114112K
  class space    used 6936K, committed 7616K, reserved 1048576K
}
Event: 12.579 GC heap after
{Heap after GC invocations=91 (full 3):
 PSYoungGen      total 10240K, used 975K [0x00000000d5580000, 0x00000000d6100000, 0x0000000100000000)
  eden space 9216K, 0% used [0x00000000d5580000,0x00000000d5580000,0x00000000d5e80000)
  from space 1024K, 95% used [0x00000000d6000000,0x00000000d60f3ca8,0x00000000d6100000)
  to   space 1024K, 0% used [0x00000000d5f00000,0x00000000d5f00000,0x00000000d6000000)
 ParOldGen       total 83456K, used 83445K [0x0000000080000000, 0x0000000085180000, 0x00000000d5580000)
  object space 83456K, 99% used [0x0000000080000000,0x000000008517d700,0x0000000085180000)
 Metaspace       used 65101K, committed 66624K, reserved 1114112K
  class space    used 6936K, committed 7616K, reserved 1048576K
}
Event: 12.624 GC heap before
{Heap before GC invocations=92 (full 3):
 PSYoungGen      total 10240K, used 10191K [0x00000000d5580000, 0x00000000d6100000, 0x0000000100000000)
  eden space 9216K, 100% used [0x00000000d5580000,0x00000000d5e80000,0x00000000d5e80000)
  from space 1024K, 95% used [0x00000000d6000000,0x00000000d60f3ca8,0x00000000d6100000)
  to   space 1024K, 0% used [0x00000000d5f00000,0x00000000d5f00000,0x00000000d6000000)
 ParOldGen       total 83456K, used 83445K [0x0000000080000000, 0x0000000085180000, 0x00000000d5580000)
  object space 83456K, 99% used [0x0000000080000000,0x000000008517d700,0x0000000085180000)
 Metaspace       used 65415K, committed 66880K, reserved 1114112K
  class space    used 6962K, committed 7616K, reserved 1048576K
}
Event: 12.626 GC heap after
{Heap after GC invocations=92 (full 3):
 PSYoungGen      total 9728K, used 448K [0x00000000d5580000, 0x00000000d6080000, 0x0000000100000000)
  eden space 9216K, 0% used [0x00000000d5580000,0x00000000d5580000,0x00000000d5e80000)
  from space 512K, 87% used [0x00000000d5f00000,0x00000000d5f70020,0x00000000d5f80000)
  to   space 1024K, 0% used [0x00000000d5f80000,0x00000000d5f80000,0x00000000d6080000)
 ParOldGen       total 84480K, used 84241K [0x0000000080000000, 0x0000000085280000, 0x00000000d5580000)
  object space 84480K, 99% used [0x0000000080000000,0x0000000085244628,0x0000000085280000)
 Metaspace       used 65415K, committed 66880K, reserved 1114112K
  class space    used 6962K, committed 7616K, reserved 1048576K
}
Event: 12.707 GC heap before
{Heap before GC invocations=93 (full 3):
 PSYoungGen      total 9728K, used 9664K [0x00000000d5580000, 0x00000000d6080000, 0x0000000100000000)
  eden space 9216K, 100% used [0x00000000d5580000,0x00000000d5e80000,0x00000000d5e80000)
  from space 512K, 87% used [0x00000000d5f00000,0x00000000d5f70020,0x00000000d5f80000)
  to   space 1024K, 0% used [0x00000000d5f80000,0x00000000d5f80000,0x00000000d6080000)
 ParOldGen       total 84480K, used 84241K [0x0000000080000000, 0x0000000085280000, 0x00000000d5580000)
  object space 84480K, 99% used [0x0000000080000000,0x0000000085244628,0x0000000085280000)
 Metaspace       used 65787K, committed 67264K, reserved 1114112K
  class space    used 6997K, committed 7680K, reserved 1048576K
}
Event: 12.708 GC heap after
{Heap after GC invocations=93 (full 3):
 PSYoungGen      total 9728K, used 320K [0x00000000d5580000, 0x00000000d6000000, 0x0000000100000000)
  eden space 9216K, 0% used [0x00000000d5580000,0x00000000d5580000,0x00000000d5e80000)
  from space 512K, 62% used [0x00000000d5f80000,0x00000000d5fd0000,0x00000000d6000000)
  to   space 512K, 0% used [0x00000000d5f00000,0x00000000d5f00000,0x00000000d5f80000)
 ParOldGen       total 84480K, used 84401K [0x0000000080000000, 0x0000000085280000, 0x00000000d5580000)
  object space 84480K, 99% used [0x0000000080000000,0x000000008526c648,0x0000000085280000)
 Metaspace       used 65787K, committed 67264K, reserved 1114112K
  class space    used 6997K, committed 7680K, reserved 1048576K
}
Event: 12.915 GC heap before
{Heap before GC invocations=94 (full 3):
 PSYoungGen      total 9728K, used 9534K [0x00000000d5580000, 0x00000000d6000000, 0x0000000100000000)
  eden space 9216K, 99% used [0x00000000d5580000,0x00000000d5e7fa98,0x00000000d5e80000)
  from space 512K, 62% used [0x00000000d5f80000,0x00000000d5fd0000,0x00000000d6000000)
  to   space 512K, 0% used [0x00000000d5f00000,0x00000000d5f00000,0x00000000d5f80000)
 ParOldGen       total 84480K, used 84401K [0x0000000080000000, 0x0000000085280000, 0x00000000d5580000)
  object space 84480K, 99% used [0x0000000080000000,0x000000008526c648,0x0000000085280000)
 Metaspace       used 65913K, committed 67392K, reserved 1114112K
  class space    used 7000K, committed 7680K, reserved 1048576K
}
Event: 12.918 GC heap after
{Heap after GC invocations=94 (full 3):
 PSYoungGen      total 9728K, used 509K [0x00000000d5580000, 0x00000000d6080000, 0x0000000100000000)
  eden space 9216K, 0% used [0x00000000d5580000,0x00000000d5580000,0x00000000d5e80000)
  from space 512K, 99% used [0x00000000d5f00000,0x00000000d5f7f638,0x00000000d5f80000)
  to   space 1024K, 0% used [0x00000000d5f80000,0x00000000d5f80000,0x00000000d6080000)
 ParOldGen       total 84992K, used 84566K [0x0000000080000000, 0x0000000085300000, 0x00000000d5580000)
  object space 84992K, 99% used [0x0000000080000000,0x0000000085295848,0x0000000085300000)
 Metaspace       used 65913K, committed 67392K, reserved 1114112K
  class space    used 7000K, committed 7680K, reserved 1048576K
}
Event: 12.955 GC heap before
{Heap before GC invocations=95 (full 3):
 PSYoungGen      total 9728K, used 9721K [0x00000000d5580000, 0x00000000d6080000, 0x0000000100000000)
  eden space 9216K, 99% used [0x00000000d5580000,0x00000000d5e7efa8,0x00000000d5e80000)
  from space 512K, 99% used [0x00000000d5f00000,0x00000000d5f7f638,0x00000000d5f80000)
  to   space 1024K, 0% used [0x00000000d5f80000,0x00000000d5f80000,0x00000000d6080000)
 ParOldGen       total 84992K, used 84566K [0x0000000080000000, 0x0000000085300000, 0x00000000d5580000)
  object space 84992K, 99% used [0x0000000080000000,0x0000000085295848,0x0000000085300000)
 Metaspace       used 65920K, committed 67392K, reserved 1114112K
  class space    used 7000K, committed 7680K, reserved 1048576K
}
Event: 12.956 GC heap after
{Heap after GC invocations=95 (full 3):
 PSYoungGen      total 9728K, used 320K [0x00000000d5580000, 0x00000000d6000000, 0x0000000100000000)
  eden space 9216K, 0% used [0x00000000d5580000,0x00000000d5580000,0x00000000d5e80000)
  from space 512K, 62% used [0x00000000d5f80000,0x00000000d5fd0000,0x00000000d6000000)
  to   space 512K, 0% used [0x00000000d5f00000,0x00000000d5f00000,0x00000000d5f80000)
 ParOldGen       total 84992K, used 84798K [0x0000000080000000, 0x0000000085300000, 0x00000000d5580000)
  object space 84992K, 99% used [0x0000000080000000,0x00000000852cf848,0x0000000085300000)
 Metaspace       used 65920K, committed 67392K, reserved 1114112K
  class space    used 7000K, committed 7680K, reserved 1048576K
}
Event: 13.347 GC heap before
{Heap before GC invocations=96 (full 3):
 PSYoungGen      total 9728K, used 9536K [0x00000000d5580000, 0x00000000d6000000, 0x0000000100000000)
  eden space 9216K, 100% used [0x00000000d5580000,0x00000000d5e80000,0x00000000d5e80000)
  from space 512K, 62% used [0x00000000d5f80000,0x00000000d5fd0000,0x00000000d6000000)
  to   space 512K, 0% used [0x00000000d5f00000,0x00000000d5f00000,0x00000000d5f80000)
 ParOldGen       total 84992K, used 84798K [0x0000000080000000, 0x0000000085300000, 0x00000000d5580000)
  object space 84992K, 99% used [0x0000000080000000,0x00000000852cf848,0x0000000085300000)
 Metaspace       used 66581K, committed 68096K, reserved 1114112K
  class space    used 7062K, committed 7744K, reserved 1048576K
}
Event: 13.348 GC heap after
{Heap after GC invocations=96 (full 3):
 PSYoungGen      total 9728K, used 480K [0x00000000d5580000, 0x00000000d6080000, 0x0000000100000000)
  eden space 9216K, 0% used [0x00000000d5580000,0x00000000d5580000,0x00000000d5e80000)
  from space 512K, 93% used [0x00000000d5f00000,0x00000000d5f78020,0x00000000d5f80000)
  to   space 1024K, 0% used [0x00000000d5f80000,0x00000000d5f80000,0x00000000d6080000)
 ParOldGen       total 84992K, used 84918K [0x0000000080000000, 0x0000000085300000, 0x00000000d5580000)
  object space 84992K, 99% used [0x0000000080000000,0x00000000852ed858,0x0000000085300000)
 Metaspace       used 66581K, committed 68096K, reserved 1114112K
  class space    used 7062K, committed 7744K, reserved 1048576K
}

