# JRE version: OpenJDK Runtime Environment Temurin-21.0.10+7 (21.0.10+7) (build 21.0.10+7-LTS)
# Java VM: OpenJDK 64-Bit Server VM Temurin-21.0.10+7 (21.0.10+7-LTS, mixed mode, sharing, tiered, compressed oops, compressed class ptrs, parallel gc, windows-amd64)
GC Precious Log:
 CardTable entry size: 512
 CPUs: 12 total, 12 available
 Memory: 7501M
 Large Page Support: Disabled
 NUMA Support: Disabled
 Compressed Oops: Enabled (32-bit)
 Alignments: Space 512K, Generation 512K, Heap 2M
 Heap Min Capacity: 100M
 Heap Initial Capacity: 100M
 Heap Max Capacity: 2G
 Pre-touch: Disabled
 Parallel Workers: 10
Heap:
 PSYoungGen      total 25600K, used 20906K [0x00000000d5580000, 0x00000000d8d80000, 0x0000000100000000)
  eden space 18432K, 74% used [0x00000000d5580000,0x00000000d62eb790,0x00000000d6780000)
  from space 7168K, 99% used [0x00000000d6800000,0x00000000d6eff430,0x00000000d6f00000)
  to   space 19456K, 0% used [0x00000000d7a80000,0x00000000d7a80000,0x00000000d8d80000)
 ParOldGen       total 180224K, used 179768K [0x0000000080000000, 0x000000008b000000, 0x00000000d5580000)
  object space 180224K, 99% used [0x0000000080000000,0x000000008af8e2d8,0x000000008b000000)
 Metaspace       used 71063K, committed 72704K, reserved 1114112K
  class space    used 7335K, committed 8064K, reserved 1048576K
GC Heap History (20 events):
Event: 17.074 GC heap before
{Heap before GC invocations=61 (full 3):
 PSYoungGen      total 20480K, used 20240K [0x00000000d5580000, 0x00000000d7a00000, 0x0000000100000000)
  eden space 18432K, 100% used [0x00000000d5580000,0x00000000d6780000,0x00000000d6780000)
  from space 2048K, 88% used [0x00000000d7680000,0x00000000d7844010,0x00000000d7880000)
  to   space 1536K, 0% used [0x00000000d7880000,0x00000000d7880000,0x00000000d7a00000)
 ParOldGen       total 156160K, used 156091K [0x0000000080000000, 0x0000000089880000, 0x00000000d5580000)
  object space 156160K, 99% used [0x0000000080000000,0x000000008986ef78,0x0000000089880000)
 Metaspace       used 67734K, committed 69312K, reserved 1114112K
  class space    used 7055K, committed 7744K, reserved 1048576K
}
Event: 17.077 GC heap after
{Heap after GC invocations=61 (full 3):
 PSYoungGen      total 19968K, used 1504K [0x00000000d5580000, 0x00000000d7a00000, 0x0000000100000000)
  eden space 18432K, 0% used [0x00000000d5580000,0x00000000d5580000,0x00000000d6780000)
  from space 1536K, 97% used [0x00000000d7880000,0x00000000d79f8308,0x00000000d7a00000)
  to   space 4096K, 0% used [0x00000000d7200000,0x00000000d7200000,0x00000000d7600000)
 ParOldGen       total 158208K, used 158163K [0x0000000080000000, 0x0000000089a80000, 0x00000000d5580000)
  object space 158208K, 99% used [0x0000000080000000,0x0000000089a74df0,0x0000000089a80000)
 Metaspace       used 67734K, committed 69312K, reserved 1114112K
  class space    used 7055K, committed 7744K, reserved 1048576K
}
Event: 17.291 GC heap before
{Heap before GC invocations=62 (full 3):
 PSYoungGen      total 19968K, used 19936K [0x00000000d5580000, 0x00000000d7a00000, 0x0000000100000000)
  eden space 18432K, 100% used [0x00000000d5580000,0x00000000d6780000,0x00000000d6780000)
  from space 1536K, 97% used [0x00000000d7880000,0x00000000d79f8308,0x00000000d7a00000)
  to   space 4096K, 0% used [0x00000000d7200000,0x00000000d7200000,0x00000000d7600000)
 ParOldGen       total 158208K, used 158163K [0x0000000080000000, 0x0000000089a80000, 0x00000000d5580000)
  object space 158208K, 99% used [0x0000000080000000,0x0000000089a74df0,0x0000000089a80000)
 Metaspace       used 68205K, committed 69888K, reserved 1114112K
  class space    used 7112K, committed 7808K, reserved 1048576K
}
Event: 17.295 GC heap after
{Heap after GC invocations=62 (full 3):
 PSYoungGen      total 22528K, used 1904K [0x00000000d5580000, 0x00000000d7900000, 0x0000000100000000)
  eden space 18432K, 0% used [0x00000000d5580000,0x00000000d5580000,0x00000000d6780000)
  from space 4096K, 46% used [0x00000000d7200000,0x00000000d73dc010,0x00000000d7600000)
  to   space 2560K, 0% used [0x00000000d7680000,0x00000000d7680000,0x00000000d7900000)
 ParOldGen       total 159232K, used 158785K [0x0000000080000000, 0x0000000089b80000, 0x00000000d5580000)
  object space 159232K, 99% used [0x0000000080000000,0x0000000089b104e8,0x0000000089b80000)
 Metaspace       used 68205K, committed 69888K, reserved 1114112K
  class space    used 7112K, committed 7808K, reserved 1048576K
}
Event: 17.471 GC heap before
{Heap before GC invocations=63 (full 3):
 PSYoungGen      total 22528K, used 20336K [0x00000000d5580000, 0x00000000d7900000, 0x0000000100000000)
  eden space 18432K, 100% used [0x00000000d5580000,0x00000000d6780000,0x00000000d6780000)
  from space 4096K, 46% used [0x00000000d7200000,0x00000000d73dc010,0x00000000d7600000)
  to   space 2560K, 0% used [0x00000000d7680000,0x00000000d7680000,0x00000000d7900000)
 ParOldGen       total 159232K, used 158785K [0x0000000080000000, 0x0000000089b80000, 0x00000000d5580000)
  object space 159232K, 99% used [0x0000000080000000,0x0000000089b104e8,0x0000000089b80000)
 Metaspace       used 68315K, committed 69952K, reserved 1114112K
  class space    used 7112K, committed 7808K, reserved 1048576K
}
Event: 17.475 GC heap after
{Heap after GC invocations=63 (full 3):
 PSYoungGen      total 19968K, used 1376K [0x00000000d5580000, 0x00000000d7800000, 0x0000000100000000)
  eden space 18432K, 0% used [0x00000000d5580000,0x00000000d5580000,0x00000000d6780000)
  from space 1536K, 89% used [0x00000000d7680000,0x00000000d77d8000,0x00000000d7800000)
  to   space 2048K, 0% used [0x00000000d7400000,0x00000000d7400000,0x00000000d7600000)
 ParOldGen       total 160256K, used 160104K [0x0000000080000000, 0x0000000089c80000, 0x00000000d5580000)
  object space 160256K, 99% used [0x0000000080000000,0x0000000089c5a1f8,0x0000000089c80000)
 Metaspace       used 68315K, committed 69952K, reserved 1114112K
  class space    used 7112K, committed 7808K, reserved 1048576K
}
Event: 17.977 GC heap before
{Heap before GC invocations=64 (full 3):
 PSYoungGen      total 19968K, used 19808K [0x00000000d5580000, 0x00000000d7800000, 0x0000000100000000)
  eden space 18432K, 100% used [0x00000000d5580000,0x00000000d6780000,0x00000000d6780000)
  from space 1536K, 89% used [0x00000000d7680000,0x00000000d77d8000,0x00000000d7800000)
  to   space 2048K, 0% used [0x00000000d7400000,0x00000000d7400000,0x00000000d7600000)
 ParOldGen       total 160256K, used 160104K [0x0000000080000000, 0x0000000089c80000, 0x00000000d5580000)
  object space 160256K, 99% used [0x0000000080000000,0x0000000089c5a1f8,0x0000000089c80000)
 Metaspace       used 68720K, committed 70400K, reserved 1114112K
  class space    used 7139K, committed 7872K, reserved 1048576K
}
Event: 17.980 GC heap after
{Heap after GC invocations=64 (full 3):
 PSYoungGen      total 19456K, used 1024K [0x00000000d5580000, 0x00000000d7700000, 0x0000000100000000)
  eden space 18432K, 0% used [0x00000000d5580000,0x00000000d5580000,0x00000000d6780000)
  from space 1024K, 100% used [0x00000000d7400000,0x00000000d7500000,0x00000000d7500000)
  to   space 1536K, 0% used [0x00000000d7580000,0x00000000d7580000,0x00000000d7700000)
 ParOldGen       total 161280K, used 160976K [0x0000000080000000, 0x0000000089d80000, 0x00000000d5580000)
  object space 161280K, 99% used [0x0000000080000000,0x0000000089d341f8,0x0000000089d80000)
 Metaspace       used 68720K, committed 70400K, reserved 1114112K
  class space    used 7139K, committed 7872K, reserved 1048576K
}
Event: 18.743 GC heap before
{Heap before GC invocations=65 (full 3):
 PSYoungGen      total 19456K, used 19434K [0x00000000d5580000, 0x00000000d7700000, 0x0000000100000000)
  eden space 18432K, 99% used [0x00000000d5580000,0x00000000d677a810,0x00000000d6780000)
  from space 1024K, 100% used [0x00000000d7400000,0x00000000d7500000,0x00000000d7500000)
  to   space 1536K, 0% used [0x00000000d7580000,0x00000000d7580000,0x00000000d7700000)
 ParOldGen       total 161280K, used 160976K [0x0000000080000000, 0x0000000089d80000, 0x00000000d5580000)
  object space 161280K, 99% used [0x0000000080000000,0x0000000089d341f8,0x0000000089d80000)
 Metaspace       used 69050K, committed 70656K, reserved 1114112K
  class space    used 7164K, committed 7872K, reserved 1048576K
}
Event: 18.746 GC heap after
{Heap after GC invocations=65 (full 3):
 PSYoungGen      total 19456K, used 640K [0x00000000d5580000, 0x00000000d7680000, 0x0000000100000000)
  eden space 18432K, 0% used [0x00000000d5580000,0x00000000d5580000,0x00000000d6780000)
  from space 1024K, 62% used [0x00000000d7580000,0x00000000d7620040,0x00000000d7680000)
  to   space 1024K, 0% used [0x00000000d7400000,0x00000000d7400000,0x00000000d7500000)
 ParOldGen       total 162304K, used 161814K [0x0000000080000000, 0x0000000089e80000, 0x00000000d5580000)
  object space 162304K, 99% used [0x0000000080000000,0x0000000089e05910,0x0000000089e80000)
 Metaspace       used 69050K, committed 70656K, reserved 1114112K
  class space    used 7164K, committed 7872K, reserved 1048576K
}
Event: 19.515 GC heap before
{Heap before GC invocations=66 (full 3):
 PSYoungGen      total 19456K, used 19072K [0x00000000d5580000, 0x00000000d7680000, 0x0000000100000000)
  eden space 18432K, 100% used [0x00000000d5580000,0x00000000d6780000,0x00000000d6780000)
  from space 1024K, 62% used [0x00000000d7580000,0x00000000d7620040,0x00000000d7680000)
  to   space 1024K, 0% used [0x00000000d7400000,0x00000000d7400000,0x00000000d7500000)
 ParOldGen       total 162304K, used 161814K [0x0000000080000000, 0x0000000089e80000, 0x00000000d5580000)
  object space 162304K, 99% used [0x0000000080000000,0x0000000089e05910,0x0000000089e80000)
 Metaspace       used 69107K, committed 70720K, reserved 1114112K
  class space    used 7164K, committed 7872K, reserved 1048576K
}
Event: 19.517 GC heap after
{Heap after GC invocations=66 (full 3):
 PSYoungGen      total 19456K, used 384K [0x00000000d5580000, 0x00000000d7600000, 0x0000000100000000)
  eden space 18432K, 0% used [0x00000000d5580000,0x00000000d5580000,0x00000000d6780000)
  from space 1024K, 37% used [0x00000000d7400000,0x00000000d7460020,0x00000000d7500000)
  to   space 512K, 0% used [0x00000000d7580000,0x00000000d7580000,0x00000000d7600000)
 ParOldGen       total 162304K, used 162086K [0x0000000080000000, 0x0000000089e80000, 0x00000000d5580000)
  object space 162304K, 99% used [0x0000000080000000,0x0000000089e49950,0x0000000089e80000)
 Metaspace       used 69107K, committed 70720K, reserved 1114112K
  class space    used 7164K, committed 7872K, reserved 1048576K
}
Event: 20.176 GC heap before
{Heap before GC invocations=67 (full 3):
 PSYoungGen      total 19456K, used 18816K [0x00000000d5580000, 0x00000000d7600000, 0x0000000100000000)
  eden space 18432K, 100% used [0x00000000d5580000,0x00000000d6780000,0x00000000d6780000)
  from space 1024K, 37% used [0x00000000d7400000,0x00000000d7460020,0x00000000d7500000)
  to   space 512K, 0% used [0x00000000d7580000,0x00000000d7580000,0x00000000d7600000)
 ParOldGen       total 162304K, used 162086K [0x0000000080000000, 0x0000000089e80000, 0x00000000d5580000)
  object space 162304K, 99% used [0x0000000080000000,0x0000000089e49950,0x0000000089e80000)
 Metaspace       used 69440K, committed 71040K, reserved 1114112K
  class space    used 7168K, committed 7872K, reserved 1048576K
}
Event: 20.181 GC heap after
{Heap after GC invocations=67 (full 3):
 PSYoungGen      total 18944K, used 504K [0x00000000d5580000, 0x00000000d7600000, 0x0000000100000000)
  eden space 18432K, 0% used [0x00000000d5580000,0x00000000d5580000,0x00000000d6780000)
  from space 512K, 98% used [0x00000000d7580000,0x00000000d75fe250,0x00000000d7600000)
  to   space 6656K, 0% used [0x00000000d6900000,0x00000000d6900000,0x00000000d6f80000)
 ParOldGen       total 167424K, used 166966K [0x0000000080000000, 0x000000008a380000, 0x00000000d5580000)
  object space 167424K, 99% used [0x0000000080000000,0x000000008a30d838,0x000000008a380000)
 Metaspace       used 69440K, committed 71040K, reserved 1114112K
  class space    used 7168K, committed 7872K, reserved 1048576K
}
Event: 20.790 GC heap before
{Heap before GC invocations=68 (full 3):
 PSYoungGen      total 18944K, used 18936K [0x00000000d5580000, 0x00000000d7600000, 0x0000000100000000)
  eden space 18432K, 100% used [0x00000000d5580000,0x00000000d6780000,0x00000000d6780000)
  from space 512K, 98% used [0x00000000d7580000,0x00000000d75fe250,0x00000000d7600000)
  to   space 6656K, 0% used [0x00000000d6900000,0x00000000d6900000,0x00000000d6f80000)
 ParOldGen       total 167424K, used 166966K [0x0000000080000000, 0x000000008a380000, 0x00000000d5580000)
  object space 167424K, 99% used [0x0000000080000000,0x000000008a30d838,0x000000008a380000)
 Metaspace       used 69879K, committed 71552K, reserved 1114112K
  class space    used 7206K, committed 7936K, reserved 1048576K
}
Event: 20.794 GC heap after
{Heap after GC invocations=68 (full 3):
 PSYoungGen      total 25088K, used 2112K [0x00000000d5580000, 0x00000000d7600000, 0x0000000100000000)
  eden space 18432K, 0% used [0x00000000d5580000,0x00000000d5580000,0x00000000d6780000)
  from space 6656K, 31% used [0x00000000d6900000,0x00000000d6b10000,0x00000000d6f80000)
  to   space 3584K, 0% used [0x00000000d7280000,0x00000000d7280000,0x00000000d7600000)
 ParOldGen       total 167424K, used 167156K [0x0000000080000000, 0x000000008a380000, 0x00000000d5580000)
  object space 167424K, 99% used [0x0000000080000000,0x000000008a33d088,0x000000008a380000)
 Metaspace       used 69879K, committed 71552K, reserved 1114112K
  class space    used 7206K, committed 7936K, reserved 1048576K
}
Event: 21.088 GC heap before
{Heap before GC invocations=69 (full 3):
 PSYoungGen      total 25088K, used 20544K [0x00000000d5580000, 0x00000000d7600000, 0x0000000100000000)
  eden space 18432K, 100% used [0x00000000d5580000,0x00000000d6780000,0x00000000d6780000)
  from space 6656K, 31% used [0x00000000d6900000,0x00000000d6b10000,0x00000000d6f80000)
  to   space 3584K, 0% used [0x00000000d7280000,0x00000000d7280000,0x00000000d7600000)
 ParOldGen       total 167424K, used 167156K [0x0000000080000000, 0x000000008a380000, 0x00000000d5580000)
  object space 167424K, 99% used [0x0000000080000000,0x000000008a33d088,0x000000008a380000)
 Metaspace       used 70271K, committed 71936K, reserved 1114112K
  class space    used 7260K, committed 8000K, reserved 1048576K
}
Event: 21.094 GC heap after
{Heap after GC invocations=69 (full 3):
 PSYoungGen      total 22016K, used 3573K [0x00000000d5580000, 0x00000000d7600000, 0x0000000100000000)
  eden space 18432K, 0% used [0x00000000d5580000,0x00000000d5580000,0x00000000d6780000)
  from space 3584K, 99% used [0x00000000d7280000,0x00000000d75fd460,0x00000000d7600000)
  to   space 7168K, 0% used [0x00000000d6800000,0x00000000d6800000,0x00000000d6f00000)
 ParOldGen       total 169984K, used 169958K [0x0000000080000000, 0x000000008a600000, 0x00000000d5580000)
  object space 169984K, 99% used [0x0000000080000000,0x000000008a5f98d8,0x000000008a600000)
 Metaspace       used 70271K, committed 71936K, reserved 1114112K
  class space    used 7260K, committed 8000K, reserved 1048576K
}
Event: 21.231 GC heap before
{Heap before GC invocations=70 (full 3):
 PSYoungGen      total 22016K, used 21639K [0x00000000d5580000, 0x00000000d7600000, 0x0000000100000000)
  eden space 18432K, 98% used [0x00000000d5580000,0x00000000d67248b0,0x00000000d6780000)
  from space 3584K, 99% used [0x00000000d7280000,0x00000000d75fd460,0x00000000d7600000)
  to   space 7168K, 0% used [0x00000000d6800000,0x00000000d6800000,0x00000000d6f00000)
 ParOldGen       total 169984K, used 169958K [0x0000000080000000, 0x000000008a600000, 0x00000000d5580000)
  object space 169984K, 99% used [0x0000000080000000,0x000000008a5f98d8,0x000000008a600000)
 Metaspace       used 70784K, committed 72512K, reserved 1114112K
  class space    used 7313K, committed 8064K, reserved 1048576K
}
Event: 21.246 GC heap after
{Heap after GC invocations=70 (full 3):
 PSYoungGen      total 25600K, used 7165K [0x00000000d5580000, 0x00000000d8d80000, 0x0000000100000000)
  eden space 18432K, 0% used [0x00000000d5580000,0x00000000d5580000,0x00000000d6780000)
  from space 7168K, 99% used [0x00000000d6800000,0x00000000d6eff430,0x00000000d6f00000)
  to   space 19456K, 0% used [0x00000000d7a80000,0x00000000d7a80000,0x00000000d8d80000)
 ParOldGen       total 180224K, used 179768K [0x0000000080000000, 0x000000008b000000, 0x00000000d5580000)
  object space 180224K, 99% used [0x0000000080000000,0x000000008af8e2d8,0x000000008b000000)
 Metaspace       used 70784K, committed 72512K, reserved 1114112K
  class space    used 7313K, committed 8064K, reserved 1048576K
}

