# JRE version: OpenJDK Runtime Environment Temurin-21.0.10+7 (21.0.10+7) (build 21.0.10+7-LTS)
# Java VM: OpenJDK 64-Bit Server VM Temurin-21.0.10+7 (21.0.10+7-LTS, mixed mode, sharing, tiered, compressed oops, compressed class ptrs, parallel gc, windows-amd64)
GC Precious Log:
 CardTable entry size: 512
 CPUs: 12 total, 12 available
 Memory: 7501M
 Large Page Support: Disabled
 NUMA Support: Disabled
 Compressed Oops: Enabled (32-bit)
 Alignments: Space 512K, Generation 512K, Heap 2M
 Heap Min Capacity: 100M
 Heap Initial Capacity: 100M
 Heap Max Capacity: 2G
 Pre-touch: Disabled
 Parallel Workers: 10
Heap:
 PSYoungGen      total 15360K, used 9441K [0x00000000d5580000, 0x00000000d6a80000, 0x0000000100000000)
  eden space 12288K, 51% used [0x00000000d5580000,0x00000000d5bbaeb0,0x00000000d6180000)
  from space 3072K, 99% used [0x00000000d6180000,0x00000000d647d8f0,0x00000000d6480000)
  to   space 4608K, 0% used [0x00000000d6600000,0x00000000d6600000,0x00000000d6a80000)
 ParOldGen       total 86016K, used 85786K [0x0000000080000000, 0x0000000085400000, 0x00000000d5580000)
  object space 86016K, 99% used [0x0000000080000000,0x00000000853c6a20,0x0000000085400000)
 Metaspace       used 67467K, committed 68992K, reserved 1114112K
  class space    used 7125K, committed 7808K, reserved 1048576K
GC Heap History (20 events):
Event: 15.669 GC heap before
{Heap before GC invocations=75 (full 3):
 PSYoungGen      total 17920K, used 17898K [0x00000000d5580000, 0x00000000d7180000, 0x0000000100000000)
  eden space 13312K, 100% used [0x00000000d5580000,0x00000000d6280000,0x00000000d6280000)
  from space 4608K, 99% used [0x00000000d6280000,0x00000000d66fa820,0x00000000d6700000)
  to   space 7680K, 0% used [0x00000000d6a00000,0x00000000d6a00000,0x00000000d7180000)
 ParOldGen       total 69632K, used 69586K [0x0000000080000000, 0x0000000084400000, 0x00000000d5580000)
  object space 69632K, 99% used [0x0000000080000000,0x00000000843f4af0,0x0000000084400000)
 Metaspace       used 62099K, committed 63552K, reserved 1114112K
  class space    used 6672K, committed 7296K, reserved 1048576K
}
Event: 15.677 GC heap after
{Heap after GC invocations=75 (full 3):
 PSYoungGen      total 17408K, used 3633K [0x00000000d5580000, 0x00000000d6e00000, 0x0000000100000000)
  eden space 13312K, 0% used [0x00000000d5580000,0x00000000d5580000,0x00000000d6280000)
  from space 4096K, 88% used [0x00000000d6a00000,0x00000000d6d8c4a0,0x00000000d6e00000)
  to   space 5120K, 0% used [0x00000000d6400000,0x00000000d6400000,0x00000000d6900000)
 ParOldGen       total 74240K, used 73933K [0x0000000080000000, 0x0000000084880000, 0x00000000d5580000)
  object space 74240K, 99% used [0x0000000080000000,0x0000000084833668,0x0000000084880000)
 Metaspace       used 62099K, committed 63552K, reserved 1114112K
  class space    used 6672K, committed 7296K, reserved 1048576K
}
Event: 15.901 GC heap before
{Heap before GC invocations=76 (full 3):
 PSYoungGen      total 17408K, used 16945K [0x00000000d5580000, 0x00000000d6e00000, 0x0000000100000000)
  eden space 13312K, 99% used [0x00000000d5580000,0x00000000d627fff8,0x00000000d6280000)
  from space 4096K, 88% used [0x00000000d6a00000,0x00000000d6d8c4a0,0x00000000d6e00000)
  to   space 5120K, 0% used [0x00000000d6400000,0x00000000d6400000,0x00000000d6900000)
 ParOldGen       total 74240K, used 73933K [0x0000000080000000, 0x0000000084880000, 0x00000000d5580000)
  object space 74240K, 99% used [0x0000000080000000,0x0000000084833668,0x0000000084880000)
 Metaspace       used 63285K, committed 64704K, reserved 1114112K
  class space    used 6778K, committed 7424K, reserved 1048576K
}
Event: 15.907 GC heap after
{Heap after GC invocations=76 (full 3):
 PSYoungGen      total 14848K, used 1109K [0x00000000d5580000, 0x00000000d6a80000, 0x0000000100000000)
  eden space 13312K, 0% used [0x00000000d5580000,0x00000000d5580000,0x00000000d6280000)
  from space 1536K, 72% used [0x00000000d6400000,0x00000000d6515650,0x00000000d6580000)
  to   space 2560K, 0% used [0x00000000d6800000,0x00000000d6800000,0x00000000d6a80000)
 ParOldGen       total 77312K, used 77125K [0x0000000080000000, 0x0000000084b80000, 0x00000000d5580000)
  object space 77312K, 99% used [0x0000000080000000,0x0000000084b517e8,0x0000000084b80000)
 Metaspace       used 63285K, committed 64704K, reserved 1114112K
  class space    used 6778K, committed 7424K, reserved 1048576K
}
Event: 15.966 GC heap before
{Heap before GC invocations=77 (full 3):
 PSYoungGen      total 14848K, used 14421K [0x00000000d5580000, 0x00000000d6a80000, 0x0000000100000000)
  eden space 13312K, 100% used [0x00000000d5580000,0x00000000d6280000,0x00000000d6280000)
  from space 1536K, 72% used [0x00000000d6400000,0x00000000d6515650,0x00000000d6580000)
  to   space 2560K, 0% used [0x00000000d6800000,0x00000000d6800000,0x00000000d6a80000)
 ParOldGen       total 77312K, used 77125K [0x0000000080000000, 0x0000000084b80000, 0x00000000d5580000)
  object space 77312K, 99% used [0x0000000080000000,0x0000000084b517e8,0x0000000084b80000)
 Metaspace       used 63983K, committed 65408K, reserved 1114112K
  class space    used 6839K, committed 7424K, reserved 1048576K
}
Event: 15.968 GC heap after
{Heap after GC invocations=77 (full 3):
 PSYoungGen      total 14848K, used 1296K [0x00000000d5580000, 0x00000000d6980000, 0x0000000100000000)
  eden space 13312K, 0% used [0x00000000d5580000,0x00000000d5580000,0x00000000d6280000)
  from space 1536K, 84% used [0x00000000d6800000,0x00000000d69443b0,0x00000000d6980000)
  to   space 1536K, 0% used [0x00000000d6400000,0x00000000d6400000,0x00000000d6580000)
 ParOldGen       total 77824K, used 77779K [0x0000000080000000, 0x0000000084c00000, 0x00000000d5580000)
  object space 77824K, 99% used [0x0000000080000000,0x0000000084bf4f18,0x0000000084c00000)
 Metaspace       used 63983K, committed 65408K, reserved 1114112K
  class space    used 6839K, committed 7424K, reserved 1048576K
}
Event: 16.037 GC heap before
{Heap before GC invocations=78 (full 3):
 PSYoungGen      total 14848K, used 14608K [0x00000000d5580000, 0x00000000d6980000, 0x0000000100000000)
  eden space 13312K, 100% used [0x00000000d5580000,0x00000000d6280000,0x00000000d6280000)
  from space 1536K, 84% used [0x00000000d6800000,0x00000000d69443b0,0x00000000d6980000)
  to   space 1536K, 0% used [0x00000000d6400000,0x00000000d6400000,0x00000000d6580000)
 ParOldGen       total 77824K, used 77779K [0x0000000080000000, 0x0000000084c00000, 0x00000000d5580000)
  object space 77824K, 99% used [0x0000000080000000,0x0000000084bf4f18,0x0000000084c00000)
 Metaspace       used 64383K, committed 65856K, reserved 1114112K
  class space    used 6875K, committed 7488K, reserved 1048576K
}
Event: 16.040 GC heap after
{Heap after GC invocations=78 (full 3):
 PSYoungGen      total 14848K, used 1533K [0x00000000d5580000, 0x00000000d6880000, 0x0000000100000000)
  eden space 13312K, 0% used [0x00000000d5580000,0x00000000d5580000,0x00000000d6280000)
  from space 1536K, 99% used [0x00000000d6400000,0x00000000d657f700,0x00000000d6580000)
  to   space 3072K, 0% used [0x00000000d6580000,0x00000000d6580000,0x00000000d6880000)
 ParOldGen       total 79360K, used 78908K [0x0000000080000000, 0x0000000084d80000, 0x00000000d5580000)
  object space 79360K, 99% used [0x0000000080000000,0x0000000084d0f180,0x0000000084d80000)
 Metaspace       used 64383K, committed 65856K, reserved 1114112K
  class space    used 6875K, committed 7488K, reserved 1048576K
}
Event: 16.110 GC heap before
{Heap before GC invocations=79 (full 3):
 PSYoungGen      total 14848K, used 14845K [0x00000000d5580000, 0x00000000d6880000, 0x0000000100000000)
  eden space 13312K, 100% used [0x00000000d5580000,0x00000000d6280000,0x00000000d6280000)
  from space 1536K, 99% used [0x00000000d6400000,0x00000000d657f700,0x00000000d6580000)
  to   space 3072K, 0% used [0x00000000d6580000,0x00000000d6580000,0x00000000d6880000)
 ParOldGen       total 79360K, used 78908K [0x0000000080000000, 0x0000000084d80000, 0x00000000d5580000)
  object space 79360K, 99% used [0x0000000080000000,0x0000000084d0f180,0x0000000084d80000)
 Metaspace       used 64675K, committed 66112K, reserved 1114112K
  class space    used 6898K, committed 7488K, reserved 1048576K
}
Event: 16.113 GC heap after
{Heap after GC invocations=79 (full 3):
 PSYoungGen      total 14848K, used 1087K [0x00000000d5580000, 0x00000000d6700000, 0x0000000100000000)
  eden space 13312K, 0% used [0x00000000d5580000,0x00000000d5580000,0x00000000d6280000)
  from space 1536K, 70% used [0x00000000d6580000,0x00000000d668fe78,0x00000000d6700000)
  to   space 2048K, 0% used [0x00000000d6300000,0x00000000d6300000,0x00000000d6500000)
 ParOldGen       total 80384K, used 80065K [0x0000000080000000, 0x0000000084e80000, 0x00000000d5580000)
  object space 80384K, 99% used [0x0000000080000000,0x0000000084e30540,0x0000000084e80000)
 Metaspace       used 64675K, committed 66112K, reserved 1114112K
  class space    used 6898K, committed 7488K, reserved 1048576K
}
Event: 16.261 GC heap before
{Heap before GC invocations=80 (full 3):
 PSYoungGen      total 14848K, used 14399K [0x00000000d5580000, 0x00000000d6700000, 0x0000000100000000)
  eden space 13312K, 100% used [0x00000000d5580000,0x00000000d6280000,0x00000000d6280000)
  from space 1536K, 70% used [0x00000000d6580000,0x00000000d668fe78,0x00000000d6700000)
  to   space 2048K, 0% used [0x00000000d6300000,0x00000000d6300000,0x00000000d6500000)
 ParOldGen       total 80384K, used 80065K [0x0000000080000000, 0x0000000084e80000, 0x00000000d5580000)
  object space 80384K, 99% used [0x0000000080000000,0x0000000084e30540,0x0000000084e80000)
 Metaspace       used 65410K, committed 66880K, reserved 1114112K
  class space    used 6949K, committed 7616K, reserved 1048576K
}
Event: 16.265 GC heap after
{Heap after GC invocations=80 (full 3):
 PSYoungGen      total 14848K, used 1342K [0x00000000d5580000, 0x00000000d6600000, 0x0000000100000000)
  eden space 13312K, 0% used [0x00000000d5580000,0x00000000d5580000,0x00000000d6280000)
  from space 1536K, 87% used [0x00000000d6300000,0x00000000d644f900,0x00000000d6480000)
  to   space 1536K, 0% used [0x00000000d6480000,0x00000000d6480000,0x00000000d6600000)
 ParOldGen       total 80896K, used 80888K [0x0000000080000000, 0x0000000084f00000, 0x00000000d5580000)
  object space 80896K, 99% used [0x0000000080000000,0x0000000084efe328,0x0000000084f00000)
 Metaspace       used 65410K, committed 66880K, reserved 1114112K
  class space    used 6949K, committed 7616K, reserved 1048576K
}
Event: 16.378 GC heap before
{Heap before GC invocations=81 (full 3):
 PSYoungGen      total 14848K, used 14020K [0x00000000d5580000, 0x00000000d6600000, 0x0000000100000000)
  eden space 13312K, 95% used [0x00000000d5580000,0x00000000d61e1ae0,0x00000000d6280000)
  from space 1536K, 87% used [0x00000000d6300000,0x00000000d644f900,0x00000000d6480000)
  to   space 1536K, 0% used [0x00000000d6480000,0x00000000d6480000,0x00000000d6600000)
 ParOldGen       total 81920K, used 81635K [0x0000000080000000, 0x0000000085000000, 0x00000000d5580000)
  object space 81920K, 99% used [0x0000000080000000,0x0000000084fb8d40,0x0000000085000000)
 Metaspace       used 65884K, committed 67392K, reserved 1114112K
  class space    used 6990K, committed 7616K, reserved 1048576K
}
Event: 16.380 GC heap after
{Heap after GC invocations=81 (full 3):
 PSYoungGen      total 13824K, used 495K [0x00000000d5580000, 0x00000000d6500000, 0x0000000100000000)
  eden space 13312K, 0% used [0x00000000d5580000,0x00000000d5580000,0x00000000d6280000)
  from space 512K, 96% used [0x00000000d6480000,0x00000000d64fbfe8,0x00000000d6500000)
  to   space 1024K, 0% used [0x00000000d6300000,0x00000000d6300000,0x00000000d6400000)
 ParOldGen       total 83456K, used 83003K [0x0000000080000000, 0x0000000085180000, 0x00000000d5580000)
  object space 83456K, 99% used [0x0000000080000000,0x000000008510eca8,0x0000000085180000)
 Metaspace       used 65884K, committed 67392K, reserved 1114112K
  class space    used 6990K, committed 7616K, reserved 1048576K
}
Event: 16.449 GC heap before
{Heap before GC invocations=82 (full 3):
 PSYoungGen      total 13824K, used 13807K [0x00000000d5580000, 0x00000000d6500000, 0x0000000100000000)
  eden space 13312K, 99% used [0x00000000d5580000,0x00000000d627fff8,0x00000000d6280000)
  from space 512K, 96% used [0x00000000d6480000,0x00000000d64fbfe8,0x00000000d6500000)
  to   space 1024K, 0% used [0x00000000d6300000,0x00000000d6300000,0x00000000d6400000)
 ParOldGen       total 83456K, used 83019K [0x0000000080000000, 0x0000000085180000, 0x00000000d5580000)
  object space 83456K, 99% used [0x0000000080000000,0x0000000085112fd0,0x0000000085180000)
 Metaspace       used 65922K, committed 67392K, reserved 1114112K
  class space    used 6994K, committed 7616K, reserved 1048576K
}
Event: 16.450 GC heap after
{Heap after GC invocations=82 (full 3):
 PSYoungGen      total 14336K, used 416K [0x00000000d5580000, 0x00000000d6500000, 0x0000000100000000)
  eden space 13312K, 0% used [0x00000000d5580000,0x00000000d5580000,0x00000000d6280000)
  from space 1024K, 40% used [0x00000000d6300000,0x00000000d6368020,0x00000000d6400000)
  to   space 512K, 0% used [0x00000000d6480000,0x00000000d6480000,0x00000000d6500000)
 ParOldGen       total 83456K, used 83287K [0x0000000080000000, 0x0000000085180000, 0x00000000d5580000)
  object space 83456K, 99% used [0x0000000080000000,0x0000000085155fe0,0x0000000085180000)
 Metaspace       used 65922K, committed 67392K, reserved 1114112K
  class space    used 6994K, committed 7616K, reserved 1048576K
}
Event: 16.954 GC heap before
{Heap before GC invocations=83 (full 3):
 PSYoungGen      total 14336K, used 13728K [0x00000000d5580000, 0x00000000d6500000, 0x0000000100000000)
  eden space 13312K, 100% used [0x00000000d5580000,0x00000000d6280000,0x00000000d6280000)
  from space 1024K, 40% used [0x00000000d6300000,0x00000000d6368020,0x00000000d6400000)
  to   space 512K, 0% used [0x00000000d6480000,0x00000000d6480000,0x00000000d6500000)
 ParOldGen       total 83456K, used 83287K [0x0000000080000000, 0x0000000085180000, 0x00000000d5580000)
  object space 83456K, 99% used [0x0000000080000000,0x0000000085155fe0,0x0000000085180000)
 Metaspace       used 66785K, committed 68352K, reserved 1114112K
  class space    used 7074K, committed 7744K, reserved 1048576K
}
Event: 16.957 GC heap after
{Heap after GC invocations=83 (full 3):
 PSYoungGen      total 12800K, used 492K [0x00000000d5580000, 0x00000000d6880000, 0x0000000100000000)
  eden space 12288K, 0% used [0x00000000d5580000,0x00000000d5580000,0x00000000d6180000)
  from space 512K, 96% used [0x00000000d6480000,0x00000000d64fb098,0x00000000d6500000)
  to   space 3072K, 0% used [0x00000000d6180000,0x00000000d6180000,0x00000000d6480000)
 ParOldGen       total 85504K, used 85060K [0x0000000080000000, 0x0000000085380000, 0x00000000d5580000)
  object space 85504K, 99% used [0x0000000080000000,0x0000000085311320,0x0000000085380000)
 Metaspace       used 66785K, committed 68352K, reserved 1114112K
  class space    used 7074K, committed 7744K, reserved 1048576K
}
Event: 17.224 GC heap before
{Heap before GC invocations=84 (full 3):
 PSYoungGen      total 12800K, used 12780K [0x00000000d5580000, 0x00000000d6880000, 0x0000000100000000)
  eden space 12288K, 100% used [0x00000000d5580000,0x00000000d6180000,0x00000000d6180000)
  from space 512K, 96% used [0x00000000d6480000,0x00000000d64fb098,0x00000000d6500000)
  to   space 3072K, 0% used [0x00000000d6180000,0x00000000d6180000,0x00000000d6480000)
 ParOldGen       total 85504K, used 85060K [0x0000000080000000, 0x0000000085380000, 0x00000000d5580000)
  object space 85504K, 99% used [0x0000000080000000,0x0000000085311320,0x0000000085380000)
 Metaspace       used 67199K, committed 68736K, reserved 1114112K
  class space    used 7109K, committed 7808K, reserved 1048576K
}
Event: 17.227 GC heap after
{Heap after GC invocations=84 (full 3):
 PSYoungGen      total 15360K, used 3062K [0x00000000d5580000, 0x00000000d6a80000, 0x0000000100000000)
  eden space 12288K, 0% used [0x00000000d5580000,0x00000000d5580000,0x00000000d6180000)
  from space 3072K, 99% used [0x00000000d6180000,0x00000000d647d8f0,0x00000000d6480000)
  to   space 4608K, 0% used [0x00000000d6600000,0x00000000d6600000,0x00000000d6a80000)
 ParOldGen       total 86016K, used 85786K [0x0000000080000000, 0x0000000085400000, 0x00000000d5580000)
  object space 86016K, 99% used [0x0000000080000000,0x00000000853c6a20,0x0000000085400000)
 Metaspace       used 67199K, committed 68736K, reserved 1114112K
  class space    used 7109K, committed 7808K, reserved 1048576K
}

