# JRE version: OpenJDK Runtime Environment Temurin-21.0.10+7 (21.0.10+7) (build 21.0.10+7-LTS)
# Java VM: OpenJDK 64-Bit Server VM Temurin-21.0.10+7 (21.0.10+7-LTS, mixed mode, sharing, tiered, compressed oops, compressed class ptrs, parallel gc, windows-amd64)
GC Precious Log:
 CardTable entry size: 512
 CPUs: 12 total, 12 available
 Memory: 7501M
 Large Page Support: Disabled
 NUMA Support: Disabled
 Compressed Oops: Enabled (32-bit)
 Alignments: Space 512K, Generation 512K, Heap 2M
 Heap Min Capacity: 100M
 Heap Initial Capacity: 100M
 Heap Max Capacity: 2G
 Pre-touch: Disabled
 Parallel Workers: 10
Heap:
 PSYoungGen      total 12288K, used 10590K [0x00000000d5580000, 0x00000000d6600000, 0x0000000100000000)
  eden space 11264K, 85% used [0x00000000d5580000,0x00000000d5edd560,0x00000000d6080000)
  from space 1024K, 97% used [0x00000000d6400000,0x00000000d64fa400,0x00000000d6500000)
  to   space 1024K, 0% used [0x00000000d6500000,0x00000000d6500000,0x00000000d6600000)
 ParOldGen       total 667648K, used 667523K [0x0000000080000000, 0x00000000a8c00000, 0x00000000d5580000)
  object space 667648K, 99% used [0x0000000080000000,0x00000000a8be0f08,0x00000000a8c00000)
 Metaspace       used 80372K, committed 82048K, reserved 1179648K
  class space    used 8467K, committed 9216K, reserved 1048576K
GC Heap History (20 events):
Event: 6014.807 GC heap before
{Heap before GC invocations=229 (full 3):
 PSYoungGen      total 11776K, used 11680K [0x00000000d5580000, 0x00000000d6680000, 0x0000000100000000)
  eden space 11264K, 100% used [0x00000000d5580000,0x00000000d6080000,0x00000000d6080000)
  from space 512K, 81% used [0x00000000d6580000,0x00000000d65e8000,0x00000000d6600000)
  to   space 512K, 0% used [0x00000000d6600000,0x00000000d6600000,0x00000000d6680000)
 ParOldGen       total 665088K, used 664691K [0x0000000080000000, 0x00000000a8980000, 0x00000000d5580000)
  object space 665088K, 99% used [0x0000000080000000,0x00000000a891cda8,0x00000000a8980000)
 Metaspace       used 79803K, committed 81472K, reserved 1179648K
  class space    used 8434K, committed 9152K, reserved 1048576K
}
Event: 6014.811 GC heap after
{Heap after GC invocations=229 (full 3):
 PSYoungGen      total 11776K, used 416K [0x00000000d5580000, 0x00000000d6680000, 0x0000000100000000)
  eden space 11264K, 0% used [0x00000000d5580000,0x00000000d5580000,0x00000000d6080000)
  from space 512K, 81% used [0x00000000d6600000,0x00000000d6668000,0x00000000d6680000)
  to   space 512K, 0% used [0x00000000d6580000,0x00000000d6580000,0x00000000d6600000)
 ParOldGen       total 665088K, used 664971K [0x0000000080000000, 0x00000000a8980000, 0x00000000d5580000)
  object space 665088K, 99% used [0x0000000080000000,0x00000000a8962da8,0x00000000a8980000)
 Metaspace       used 79803K, committed 81472K, reserved 1179648K
  class space    used 8434K, committed 9152K, reserved 1048576K
}
Event: 6014.839 GC heap before
{Heap before GC invocations=230 (full 3):
 PSYoungGen      total 11776K, used 11680K [0x00000000d5580000, 0x00000000d6680000, 0x0000000100000000)
  eden space 11264K, 100% used [0x00000000d5580000,0x00000000d6080000,0x00000000d6080000)
  from space 512K, 81% used [0x00000000d6600000,0x00000000d6668000,0x00000000d6680000)
  to   space 512K, 0% used [0x00000000d6580000,0x00000000d6580000,0x00000000d6600000)
 ParOldGen       total 665088K, used 664971K [0x0000000080000000, 0x00000000a8980000, 0x00000000d5580000)
  object space 665088K, 99% used [0x0000000080000000,0x00000000a8962da8,0x00000000a8980000)
 Metaspace       used 79831K, committed 81472K, reserved 1179648K
  class space    used 8437K, committed 9152K, reserved 1048576K
}
Event: 6014.841 GC heap after
{Heap after GC invocations=230 (full 3):
 PSYoungGen      total 11776K, used 512K [0x00000000d5580000, 0x00000000d6680000, 0x0000000100000000)
  eden space 11264K, 0% used [0x00000000d5580000,0x00000000d5580000,0x00000000d6080000)
  from space 512K, 100% used [0x00000000d6580000,0x00000000d6600000,0x00000000d6600000)
  to   space 512K, 0% used [0x00000000d6600000,0x00000000d6600000,0x00000000d6680000)
 ParOldGen       total 665600K, used 665259K [0x0000000080000000, 0x00000000a8a00000, 0x00000000d5580000)
  object space 665600K, 99% used [0x0000000080000000,0x00000000a89aada8,0x00000000a8a00000)
 Metaspace       used 79831K, committed 81472K, reserved 1179648K
  class space    used 8437K, committed 9152K, reserved 1048576K
}
Event: 6014.872 GC heap before
{Heap before GC invocations=231 (full 3):
 PSYoungGen      total 11776K, used 11776K [0x00000000d5580000, 0x00000000d6680000, 0x0000000100000000)
  eden space 11264K, 100% used [0x00000000d5580000,0x00000000d6080000,0x00000000d6080000)
  from space 512K, 100% used [0x00000000d6580000,0x00000000d6600000,0x00000000d6600000)
  to   space 512K, 0% used [0x00000000d6600000,0x00000000d6600000,0x00000000d6680000)
 ParOldGen       total 665600K, used 665259K [0x0000000080000000, 0x00000000a8a00000, 0x00000000d5580000)
  object space 665600K, 99% used [0x0000000080000000,0x00000000a89aada8,0x00000000a8a00000)
 Metaspace       used 79888K, committed 81600K, reserved 1179648K
  class space    used 8444K, committed 9216K, reserved 1048576K
}
Event: 6014.874 GC heap after
{Heap after GC invocations=231 (full 3):
 PSYoungGen      total 11776K, used 496K [0x00000000d5580000, 0x00000000d6680000, 0x0000000100000000)
  eden space 11264K, 0% used [0x00000000d5580000,0x00000000d5580000,0x00000000d6080000)
  from space 512K, 96% used [0x00000000d6600000,0x00000000d667c008,0x00000000d6680000)
  to   space 1024K, 0% used [0x00000000d6480000,0x00000000d6480000,0x00000000d6580000)
 ParOldGen       total 666112K, used 665662K [0x0000000080000000, 0x00000000a8a80000, 0x00000000d5580000)
  object space 666112K, 99% used [0x0000000080000000,0x00000000a8a0f8d8,0x00000000a8a80000)
 Metaspace       used 79888K, committed 81600K, reserved 1179648K
  class space    used 8444K, committed 9216K, reserved 1048576K
}
Event: 6014.896 GC heap before
{Heap before GC invocations=232 (full 3):
 PSYoungGen      total 11776K, used 11760K [0x00000000d5580000, 0x00000000d6680000, 0x0000000100000000)
  eden space 11264K, 100% used [0x00000000d5580000,0x00000000d6080000,0x00000000d6080000)
  from space 512K, 96% used [0x00000000d6600000,0x00000000d667c008,0x00000000d6680000)
  to   space 1024K, 0% used [0x00000000d6480000,0x00000000d6480000,0x00000000d6580000)
 ParOldGen       total 666112K, used 665662K [0x0000000080000000, 0x00000000a8a80000, 0x00000000d5580000)
  object space 666112K, 99% used [0x0000000080000000,0x00000000a8a0f8d8,0x00000000a8a80000)
 Metaspace       used 79914K, committed 81600K, reserved 1179648K
  class space    used 8445K, committed 9216K, reserved 1048576K
}
Event: 6014.899 GC heap after
{Heap after GC invocations=232 (full 3):
 PSYoungGen      total 12288K, used 409K [0x00000000d5580000, 0x00000000d6680000, 0x0000000100000000)
  eden space 11264K, 0% used [0x00000000d5580000,0x00000000d5580000,0x00000000d6080000)
  from space 1024K, 39% used [0x00000000d6480000,0x00000000d64e6580,0x00000000d6580000)
  to   space 1024K, 0% used [0x00000000d6580000,0x00000000d6580000,0x00000000d6680000)
 ParOldGen       total 666112K, used 666065K [0x0000000080000000, 0x00000000a8a80000, 0x00000000d5580000)
  object space 666112K, 99% used [0x0000000080000000,0x00000000a8a744f8,0x00000000a8a80000)
 Metaspace       used 79914K, committed 81600K, reserved 1179648K
  class space    used 8445K, committed 9216K, reserved 1048576K
}
Event: 6014.929 GC heap before
{Heap before GC invocations=233 (full 3):
 PSYoungGen      total 12288K, used 11673K [0x00000000d5580000, 0x00000000d6680000, 0x0000000100000000)
  eden space 11264K, 100% used [0x00000000d5580000,0x00000000d6080000,0x00000000d6080000)
  from space 1024K, 39% used [0x00000000d6480000,0x00000000d64e6580,0x00000000d6580000)
  to   space 1024K, 0% used [0x00000000d6580000,0x00000000d6580000,0x00000000d6680000)
 ParOldGen       total 666112K, used 666065K [0x0000000080000000, 0x00000000a8a80000, 0x00000000d5580000)
  object space 666112K, 99% used [0x0000000080000000,0x00000000a8a744f8,0x00000000a8a80000)
 Metaspace       used 79956K, committed 81728K, reserved 1179648K
  class space    used 8446K, committed 9216K, reserved 1048576K
}
Event: 6014.931 GC heap after
{Heap after GC invocations=233 (full 3):
 PSYoungGen      total 12288K, used 648K [0x00000000d5580000, 0x00000000d6680000, 0x0000000100000000)
  eden space 11264K, 0% used [0x00000000d5580000,0x00000000d5580000,0x00000000d6080000)
  from space 1024K, 63% used [0x00000000d6580000,0x00000000d6622148,0x00000000d6680000)
  to   space 1024K, 0% used [0x00000000d6480000,0x00000000d6480000,0x00000000d6580000)
 ParOldGen       total 666624K, used 666266K [0x0000000080000000, 0x00000000a8b00000, 0x00000000d5580000)
  object space 666624K, 99% used [0x0000000080000000,0x00000000a8aa6a98,0x00000000a8b00000)
 Metaspace       used 79956K, committed 81728K, reserved 1179648K
  class space    used 8446K, committed 9216K, reserved 1048576K
}
Event: 6014.950 GC heap before
{Heap before GC invocations=234 (full 3):
 PSYoungGen      total 12288K, used 11912K [0x00000000d5580000, 0x00000000d6680000, 0x0000000100000000)
  eden space 11264K, 100% used [0x00000000d5580000,0x00000000d6080000,0x00000000d6080000)
  from space 1024K, 63% used [0x00000000d6580000,0x00000000d6622148,0x00000000d6680000)
  to   space 1024K, 0% used [0x00000000d6480000,0x00000000d6480000,0x00000000d6580000)
 ParOldGen       total 666624K, used 666266K [0x0000000080000000, 0x00000000a8b00000, 0x00000000d5580000)
  object space 666624K, 99% used [0x0000000080000000,0x00000000a8aa6a98,0x00000000a8b00000)
 Metaspace       used 79989K, committed 81728K, reserved 1179648K
  class space    used 8452K, committed 9216K, reserved 1048576K
}
Event: 6014.952 GC heap after
{Heap after GC invocations=234 (full 3):
 PSYoungGen      total 12288K, used 320K [0x00000000d5580000, 0x00000000d6600000, 0x0000000100000000)
  eden space 11264K, 0% used [0x00000000d5580000,0x00000000d5580000,0x00000000d6080000)
  from space 1024K, 31% used [0x00000000d6480000,0x00000000d64d0000,0x00000000d6580000)
  to   space 512K, 0% used [0x00000000d6580000,0x00000000d6580000,0x00000000d6600000)
 ParOldGen       total 666624K, used 666622K [0x0000000080000000, 0x00000000a8b00000, 0x00000000d5580000)
  object space 666624K, 99% used [0x0000000080000000,0x00000000a8aff978,0x00000000a8b00000)
 Metaspace       used 79989K, committed 81728K, reserved 1179648K
  class space    used 8452K, committed 9216K, reserved 1048576K
}
Event: 6014.977 GC heap before
{Heap before GC invocations=235 (full 3):
 PSYoungGen      total 12288K, used 11584K [0x00000000d5580000, 0x00000000d6600000, 0x0000000100000000)
  eden space 11264K, 100% used [0x00000000d5580000,0x00000000d6080000,0x00000000d6080000)
  from space 1024K, 31% used [0x00000000d6480000,0x00000000d64d0000,0x00000000d6580000)
  to   space 512K, 0% used [0x00000000d6580000,0x00000000d6580000,0x00000000d6600000)
 ParOldGen       total 666624K, used 666622K [0x0000000080000000, 0x00000000a8b00000, 0x00000000d5580000)
  object space 666624K, 99% used [0x0000000080000000,0x00000000a8aff978,0x00000000a8b00000)
 Metaspace       used 80021K, committed 81728K, reserved 1179648K
  class space    used 8455K, committed 9216K, reserved 1048576K
}
Event: 6014.978 GC heap after
{Heap after GC invocations=235 (full 3):
 PSYoungGen      total 11776K, used 411K [0x00000000d5580000, 0x00000000d6600000, 0x0000000100000000)
  eden space 11264K, 0% used [0x00000000d5580000,0x00000000d5580000,0x00000000d6080000)
  from space 512K, 80% used [0x00000000d6580000,0x00000000d65e6cb8,0x00000000d6600000)
  to   space 512K, 0% used [0x00000000d6500000,0x00000000d6500000,0x00000000d6580000)
 ParOldGen       total 667136K, used 666798K [0x0000000080000000, 0x00000000a8b80000, 0x00000000d5580000)
  object space 667136K, 99% used [0x0000000080000000,0x00000000a8b2b978,0x00000000a8b80000)
 Metaspace       used 80021K, committed 81728K, reserved 1179648K
  class space    used 8455K, committed 9216K, reserved 1048576K
}
Event: 6015.029 GC heap before
{Heap before GC invocations=236 (full 3):
 PSYoungGen      total 11776K, used 11675K [0x00000000d5580000, 0x00000000d6600000, 0x0000000100000000)
  eden space 11264K, 100% used [0x00000000d5580000,0x00000000d6080000,0x00000000d6080000)
  from space 512K, 80% used [0x00000000d6580000,0x00000000d65e6cb8,0x00000000d6600000)
  to   space 512K, 0% used [0x00000000d6500000,0x00000000d6500000,0x00000000d6580000)
 ParOldGen       total 667136K, used 666798K [0x0000000080000000, 0x00000000a8b80000, 0x00000000d5580000)
  object space 667136K, 99% used [0x0000000080000000,0x00000000a8b2b978,0x00000000a8b80000)
 Metaspace       used 80112K, committed 81856K, reserved 1179648K
  class space    used 8458K, committed 9216K, reserved 1048576K
}
Event: 6015.032 GC heap after
{Heap after GC invocations=236 (full 3):
 PSYoungGen      total 11776K, used 511K [0x00000000d5580000, 0x00000000d6600000, 0x0000000100000000)
  eden space 11264K, 0% used [0x00000000d5580000,0x00000000d5580000,0x00000000d6080000)
  from space 512K, 99% used [0x00000000d6500000,0x00000000d657ffa0,0x00000000d6580000)
  to   space 512K, 0% used [0x00000000d6580000,0x00000000d6580000,0x00000000d6600000)
 ParOldGen       total 667136K, used 667051K [0x0000000080000000, 0x00000000a8b80000, 0x00000000d5580000)
  object space 667136K, 99% used [0x0000000080000000,0x00000000a8b6af08,0x00000000a8b80000)
 Metaspace       used 80112K, committed 81856K, reserved 1179648K
  class space    used 8458K, committed 9216K, reserved 1048576K
}
Event: 6015.096 GC heap before
{Heap before GC invocations=237 (full 3):
 PSYoungGen      total 11776K, used 11775K [0x00000000d5580000, 0x00000000d6600000, 0x0000000100000000)
  eden space 11264K, 100% used [0x00000000d5580000,0x00000000d6080000,0x00000000d6080000)
  from space 512K, 99% used [0x00000000d6500000,0x00000000d657ffa0,0x00000000d6580000)
  to   space 512K, 0% used [0x00000000d6580000,0x00000000d6580000,0x00000000d6600000)
 ParOldGen       total 667136K, used 667051K [0x0000000080000000, 0x00000000a8b80000, 0x00000000d5580000)
  object space 667136K, 99% used [0x0000000080000000,0x00000000a8b6af08,0x00000000a8b80000)
 Metaspace       used 80141K, committed 81856K, reserved 1179648K
  class space    used 8460K, committed 9216K, reserved 1048576K
}
Event: 6015.098 GC heap after
{Heap after GC invocations=237 (full 3):
 PSYoungGen      total 11776K, used 383K [0x00000000d5580000, 0x00000000d6600000, 0x0000000100000000)
  eden space 11264K, 0% used [0x00000000d5580000,0x00000000d5580000,0x00000000d6080000)
  from space 512K, 74% used [0x00000000d6580000,0x00000000d65dff70,0x00000000d6600000)
  to   space 1024K, 0% used [0x00000000d6400000,0x00000000d6400000,0x00000000d6500000)
 ParOldGen       total 667648K, used 667387K [0x0000000080000000, 0x00000000a8c00000, 0x00000000d5580000)
  object space 667648K, 99% used [0x0000000080000000,0x00000000a8bbef08,0x00000000a8c00000)
 Metaspace       used 80141K, committed 81856K, reserved 1179648K
  class space    used 8460K, committed 9216K, reserved 1048576K
}
Event: 6015.228 GC heap before
{Heap before GC invocations=238 (full 3):
 PSYoungGen      total 11776K, used 11647K [0x00000000d5580000, 0x00000000d6600000, 0x0000000100000000)
  eden space 11264K, 100% used [0x00000000d5580000,0x00000000d6080000,0x00000000d6080000)
  from space 512K, 74% used [0x00000000d6580000,0x00000000d65dff70,0x00000000d6600000)
  to   space 1024K, 0% used [0x00000000d6400000,0x00000000d6400000,0x00000000d6500000)
 ParOldGen       total 667648K, used 667387K [0x0000000080000000, 0x00000000a8c00000, 0x00000000d5580000)
  object space 667648K, 99% used [0x0000000080000000,0x00000000a8bbef08,0x00000000a8c00000)
 Metaspace       used 80228K, committed 81984K, reserved 1179648K
  class space    used 8463K, committed 9216K, reserved 1048576K
}
Event: 6015.232 GC heap after
{Heap after GC invocations=238 (full 3):
 PSYoungGen      total 12288K, used 1001K [0x00000000d5580000, 0x00000000d6600000, 0x0000000100000000)
  eden space 11264K, 0% used [0x00000000d5580000,0x00000000d5580000,0x00000000d6080000)
  from space 1024K, 97% used [0x00000000d6400000,0x00000000d64fa400,0x00000000d6500000)
  to   space 1024K, 0% used [0x00000000d6500000,0x00000000d6500000,0x00000000d6600000)
 ParOldGen       total 667648K, used 667523K [0x0000000080000000, 0x00000000a8c00000, 0x00000000d5580000)
  object space 667648K, 99% used [0x0000000080000000,0x00000000a8be0f08,0x00000000a8c00000)
 Metaspace       used 80228K, committed 81984K, reserved 1179648K
  class space    used 8463K, committed 9216K, reserved 1048576K
}

