# JRE version: OpenJDK Runtime Environment Temurin-25.0.2+10 (25.0.2+10) (build 25.0.2+10-LTS)
# Java VM: OpenJDK 64-Bit Server VM Temurin-25.0.2+10 (25.0.2+10-LTS, mixed mode, sharing, tiered, compressed oops, compressed class ptrs, g1 gc, windows-amd64)
GC Precious Log:
 CardTable entry size: 512
 Card Set container configuration: InlinePtr #cards 5 size 8 Array Of Cards #cards 10 size 36 Howl #buckets 4 coarsen threshold 1843 Howl Bitmap #cards 512 size 80 coarsen threshold 460 Card regions per heap region 1 cards per card region 2048
 CPUs: 12 total, 12 available
 Memory: 7501M
 Large Page Support: Disabled
 NUMA Support: Disabled
 Compressed Oops: Enabled (32-bit)
 Heap Region Size: 1M
 Heap Min Capacity: 8M
 Heap Initial Capacity: 118M
 Heap Max Capacity: 1876M
 Pre-touch: Disabled
 Parallel Workers: 10
 Concurrent Workers: 3
 Concurrent Refinement Workers: 10
 Periodic GC: Disabled
Heap:
 garbage-first heap   total reserved 1921024K, committed 90112K, used 59855K [0x000000008ac00000, 0x0000000100000000)
  region size 1024K, 30 young (30720K), 5 survivors (5120K)
GC Heap Usage History (20 events):
Event: 4.723 {heap Before GC invocations=13 (full 0):
 garbage-first heap   total reserved 1921024K, committed 61440K, used 51063K [0x000000008ac00000, 0x0000000100000000)
  region size 1024K, 36 young (36864K), 4 survivors (4096K)
}
Event: 4.728 {heap After GC invocations=14 (full 0):
 garbage-first heap   total reserved 1921024K, committed 73728K, used 20157K [0x000000008ac00000, 0x0000000100000000)
  region size 1024K, 4 young (4096K), 4 survivors (4096K)
}
Event: 4.991 {heap Before GC invocations=14 (full 0):
 garbage-first heap   total reserved 1921024K, committed 73728K, used 60093K [0x000000008ac00000, 0x0000000100000000)
  region size 1024K, 43 young (44032K), 4 survivors (4096K)
}
Event: 4.995 {heap After GC invocations=15 (full 0):
 garbage-first heap   total reserved 1921024K, committed 73728K, used 21494K [0x000000008ac00000, 0x0000000100000000)
  region size 1024K, 5 young (5120K), 5 survivors (5120K)
}
Event: 5.246 {heap Before GC invocations=15 (full 0):
 garbage-first heap   total reserved 1921024K, committed 73728K, used 60406K [0x000000008ac00000, 0x0000000100000000)
  region size 1024K, 43 young (44032K), 5 survivors (5120K)
}
Event: 5.250 {heap After GC invocations=16 (full 0):
 garbage-first heap   total reserved 1921024K, committed 73728K, used 22175K [0x000000008ac00000, 0x0000000100000000)
  region size 1024K, 3 young (3072K), 3 survivors (3072K)
}
Event: 5.559 {heap Before GC invocations=16 (full 0):
 garbage-first heap   total reserved 1921024K, committed 73728K, used 62111K [0x000000008ac00000, 0x0000000100000000)
  region size 1024K, 43 young (44032K), 3 survivors (3072K)
}
Event: 5.563 {heap After GC invocations=17 (full 0):
 garbage-first heap   total reserved 1921024K, committed 73728K, used 22866K [0x000000008ac00000, 0x0000000100000000)
  region size 1024K, 3 young (3072K), 3 survivors (3072K)
}
Event: 6.038 {heap Before GC invocations=18 (full 0):
 garbage-first heap   total reserved 1921024K, committed 73728K, used 63826K [0x000000008ac00000, 0x0000000100000000)
  region size 1024K, 43 young (44032K), 3 survivors (3072K)
}
Event: 6.043 {heap After GC invocations=19 (full 0):
 garbage-first heap   total reserved 1921024K, committed 73728K, used 24544K [0x000000008ac00000, 0x0000000100000000)
  region size 1024K, 5 young (5120K), 5 survivors (5120K)
}
Event: 6.388 {heap Before GC invocations=19 (full 0):
 garbage-first heap   total reserved 1921024K, committed 73728K, used 63456K [0x000000008ac00000, 0x0000000100000000)
  region size 1024K, 43 young (44032K), 5 survivors (5120K)
}
Event: 6.394 {heap After GC invocations=20 (full 0):
 garbage-first heap   total reserved 1921024K, committed 73728K, used 26230K [0x000000008ac00000, 0x0000000100000000)
  region size 1024K, 5 young (5120K), 5 survivors (5120K)
}
Event: 6.650 {heap Before GC invocations=20 (full 0):
 garbage-first heap   total reserved 1921024K, committed 73728K, used 64118K [0x000000008ac00000, 0x0000000100000000)
  region size 1024K, 43 young (44032K), 5 survivors (5120K)
}
Event: 6.655 {heap After GC invocations=21 (full 0):
 garbage-first heap   total reserved 1921024K, committed 89088K, used 28365K [0x000000008ac00000, 0x0000000100000000)
  region size 1024K, 4 young (4096K), 4 survivors (4096K)
}
Event: 7.079 {heap Before GC invocations=21 (full 0):
 garbage-first heap   total reserved 1921024K, committed 89088K, used 77517K [0x000000008ac00000, 0x0000000100000000)
  region size 1024K, 52 young (53248K), 4 survivors (4096K)
}
Event: 7.085 {heap After GC invocations=22 (full 0):
 garbage-first heap   total reserved 1921024K, committed 89088K, used 31559K [0x000000008ac00000, 0x0000000100000000)
  region size 1024K, 7 young (7168K), 7 survivors (7168K)
}
Event: 7.524 {heap Before GC invocations=22 (full 0):
 garbage-first heap   total reserved 1921024K, committed 89088K, used 77639K [0x000000008ac00000, 0x0000000100000000)
  region size 1024K, 52 young (53248K), 7 survivors (7168K)
}
Event: 7.531 {heap After GC invocations=23 (full 0):
 garbage-first heap   total reserved 1921024K, committed 89088K, used 33544K [0x000000008ac00000, 0x0000000100000000)
  region size 1024K, 6 young (6144K), 6 survivors (6144K)
}
Event: 48.950 {heap Before GC invocations=23 (full 0):
 garbage-first heap   total reserved 1921024K, committed 89088K, used 79624K [0x000000008ac00000, 0x0000000100000000)
  region size 1024K, 52 young (53248K), 6 survivors (6144K)
}
Event: 48.958 {heap After GC invocations=24 (full 0):
 garbage-first heap   total reserved 1921024K, committed 90112K, used 35279K [0x000000008ac00000, 0x0000000100000000)
  region size 1024K, 5 young (5120K), 5 survivors (5120K)
}

