# JRE version: OpenJDK Runtime Environment Temurin-21.0.10+7 (21.0.10+7) (build 21.0.10+7-LTS)
# Java VM: OpenJDK 64-Bit Server VM Temurin-21.0.10+7 (21.0.10+7-LTS, mixed mode, sharing, tiered, compressed oops, compressed class ptrs, parallel gc, windows-amd64)
GC Precious Log:
 CardTable entry size: 512
 CPUs: 12 total, 12 available
 Memory: 7501M
 Large Page Support: Disabled
 NUMA Support: Disabled
 Compressed Oops: Enabled (32-bit)
 Alignments: Space 512K, Generation 512K, Heap 2M
 Heap Min Capacity: 100M
 Heap Initial Capacity: 100M
 Heap Max Capacity: 2G
 Pre-touch: Disabled
 Parallel Workers: 10
Heap:
 PSYoungGen      total 22016K, used 21684K [0x00000000d5580000, 0x00000000d6e80000, 0x0000000100000000)
  eden space 20480K, 100% used [0x00000000d5580000,0x00000000d6980000,0x00000000d6980000)
  from space 1536K, 78% used [0x00000000d6d00000,0x00000000d6e2d220,0x00000000d6e80000)
  to   space 1536K, 99% used [0x00000000d6b80000,0x00000000d6cfe6a0,0x00000000d6d00000)
 ParOldGen       total 114176K, used 113989K [0x0000000080000000, 0x0000000086f80000, 0x00000000d5580000)
  object space 114176K, 99% used [0x0000000080000000,0x0000000086f517f8,0x0000000086f80000)
 Metaspace       used 63724K, committed 65216K, reserved 1114112K
  class space    used 6762K, committed 7424K, reserved 1048576K
GC Heap History (20 events):
Event: 29.851 GC heap before
{Heap before GC invocations=54 (full 3):
 PSYoungGen      total 23552K, used 23255K [0x00000000d5580000, 0x00000000d6e80000, 0x0000000100000000)
  eden space 22016K, 100% used [0x00000000d5580000,0x00000000d6b00000,0x00000000d6b00000)
  from space 1536K, 80% used [0x00000000d6d00000,0x00000000d6e35d58,0x00000000d6e80000)
  to   space 1536K, 0% used [0x00000000d6b80000,0x00000000d6b80000,0x00000000d6d00000)
 ParOldGen       total 68608K, used 50510K [0x0000000080000000, 0x0000000084300000, 0x00000000d5580000)
  object space 68608K, 73% used [0x0000000080000000,0x0000000083153b60,0x0000000084300000)
 Metaspace       used 59671K, committed 61056K, reserved 1114112K
  class space    used 6385K, committed 6976K, reserved 1048576K
}
Event: 29.854 GC heap after
{Heap after GC invocations=54 (full 3):
 PSYoungGen      total 23552K, used 1207K [0x00000000d5580000, 0x00000000d6e00000, 0x0000000100000000)
  eden space 22016K, 0% used [0x00000000d5580000,0x00000000d5580000,0x00000000d6b00000)
  from space 1536K, 78% used [0x00000000d6b80000,0x00000000d6cadfb0,0x00000000d6d00000)
  to   space 1024K, 0% used [0x00000000d6d00000,0x00000000d6d00000,0x00000000d6e00000)
 ParOldGen       total 68608K, used 51568K [0x0000000080000000, 0x0000000084300000, 0x00000000d5580000)
  object space 68608K, 75% used [0x0000000080000000,0x000000008325c308,0x0000000084300000)
 Metaspace       used 59671K, committed 61056K, reserved 1114112K
  class space    used 6385K, committed 6976K, reserved 1048576K
}
Event: 29.934 GC heap before
{Heap before GC invocations=55 (full 3):
 PSYoungGen      total 23552K, used 23223K [0x00000000d5580000, 0x00000000d6e00000, 0x0000000100000000)
  eden space 22016K, 100% used [0x00000000d5580000,0x00000000d6b00000,0x00000000d6b00000)
  from space 1536K, 78% used [0x00000000d6b80000,0x00000000d6cadfb0,0x00000000d6d00000)
  to   space 1024K, 0% used [0x00000000d6d00000,0x00000000d6d00000,0x00000000d6e00000)
 ParOldGen       total 68608K, used 51568K [0x0000000080000000, 0x0000000084300000, 0x00000000d5580000)
  object space 68608K, 75% used [0x0000000080000000,0x000000008325c308,0x0000000084300000)
 Metaspace       used 59674K, committed 61056K, reserved 1114112K
  class space    used 6385K, committed 6976K, reserved 1048576K
}
Event: 29.938 GC heap after
{Heap after GC invocations=55 (full 3):
 PSYoungGen      total 22016K, used 1002K [0x00000000d5580000, 0x00000000d7100000, 0x0000000100000000)
  eden space 20992K, 0% used [0x00000000d5580000,0x00000000d5580000,0x00000000d6a00000)
  from space 1024K, 97% used [0x00000000d6d00000,0x00000000d6dfaa18,0x00000000d6e00000)
  to   space 3072K, 0% used [0x00000000d6a00000,0x00000000d6a00000,0x00000000d6d00000)
 ParOldGen       total 68608K, used 53062K [0x0000000080000000, 0x0000000084300000, 0x00000000d5580000)
  object space 68608K, 77% used [0x0000000080000000,0x00000000833d1888,0x0000000084300000)
 Metaspace       used 59674K, committed 61056K, reserved 1114112K
  class space    used 6385K, committed 6976K, reserved 1048576K
}
Event: 29.999 GC heap before
{Heap before GC invocations=56 (full 3):
 PSYoungGen      total 22016K, used 21994K [0x00000000d5580000, 0x00000000d7100000, 0x0000000100000000)
  eden space 20992K, 100% used [0x00000000d5580000,0x00000000d6a00000,0x00000000d6a00000)
  from space 1024K, 97% used [0x00000000d6d00000,0x00000000d6dfaa18,0x00000000d6e00000)
  to   space 3072K, 0% used [0x00000000d6a00000,0x00000000d6a00000,0x00000000d6d00000)
 ParOldGen       total 68608K, used 53062K [0x0000000080000000, 0x0000000084300000, 0x00000000d5580000)
  object space 68608K, 77% used [0x0000000080000000,0x00000000833d1888,0x0000000084300000)
 Metaspace       used 59674K, committed 61056K, reserved 1114112K
  class space    used 6385K, committed 6976K, reserved 1048576K
}
Event: 30.002 GC heap after
{Heap after GC invocations=56 (full 3):
 PSYoungGen      total 21504K, used 512K [0x00000000d5580000, 0x00000000d6d80000, 0x0000000100000000)
  eden space 20992K, 0% used [0x00000000d5580000,0x00000000d5580000,0x00000000d6a00000)
  from space 512K, 100% used [0x00000000d6a00000,0x00000000d6a80000,0x00000000d6a80000)
  to   space 1536K, 0% used [0x00000000d6c00000,0x00000000d6c00000,0x00000000d6d80000)
 ParOldGen       total 68608K, used 54091K [0x0000000080000000, 0x0000000084300000, 0x00000000d5580000)
  object space 68608K, 78% used [0x0000000080000000,0x00000000834d2c68,0x0000000084300000)
 Metaspace       used 59674K, committed 61056K, reserved 1114112K
  class space    used 6385K, committed 6976K, reserved 1048576K
}
Event: 30.150 GC heap before
{Heap before GC invocations=57 (full 3):
 PSYoungGen      total 21504K, used 21504K [0x00000000d5580000, 0x00000000d6d80000, 0x0000000100000000)
  eden space 20992K, 100% used [0x00000000d5580000,0x00000000d6a00000,0x00000000d6a00000)
  from space 512K, 100% used [0x00000000d6a00000,0x00000000d6a80000,0x00000000d6a80000)
  to   space 1536K, 0% used [0x00000000d6c00000,0x00000000d6c00000,0x00000000d6d80000)
 ParOldGen       total 68608K, used 54091K [0x0000000080000000, 0x0000000084300000, 0x00000000d5580000)
  object space 68608K, 78% used [0x0000000080000000,0x00000000834d2c68,0x0000000084300000)
 Metaspace       used 59684K, committed 61056K, reserved 1114112K
  class space    used 6385K, committed 6976K, reserved 1048576K
}
Event: 30.156 GC heap after
{Heap after GC invocations=57 (full 3):
 PSYoungGen      total 22016K, used 1534K [0x00000000d5580000, 0x00000000d6f00000, 0x0000000100000000)
  eden space 20480K, 0% used [0x00000000d5580000,0x00000000d5580000,0x00000000d6980000)
  from space 1536K, 99% used [0x00000000d6c00000,0x00000000d6d7fbb8,0x00000000d6d80000)
  to   space 2560K, 0% used [0x00000000d6980000,0x00000000d6980000,0x00000000d6c00000)
 ParOldGen       total 68608K, used 54595K [0x0000000080000000, 0x0000000084300000, 0x00000000d5580000)
  object space 68608K, 79% used [0x0000000080000000,0x0000000083550c68,0x0000000084300000)
 Metaspace       used 59684K, committed 61056K, reserved 1114112K
  class space    used 6385K, committed 6976K, reserved 1048576K
}
Event: 30.318 GC heap before
{Heap before GC invocations=58 (full 3):
 PSYoungGen      total 22016K, used 22014K [0x00000000d5580000, 0x00000000d6f00000, 0x0000000100000000)
  eden space 20480K, 100% used [0x00000000d5580000,0x00000000d6980000,0x00000000d6980000)
  from space 1536K, 99% used [0x00000000d6c00000,0x00000000d6d7fbb8,0x00000000d6d80000)
  to   space 2560K, 0% used [0x00000000d6980000,0x00000000d6980000,0x00000000d6c00000)
 ParOldGen       total 68608K, used 54595K [0x0000000080000000, 0x0000000084300000, 0x00000000d5580000)
  object space 68608K, 79% used [0x0000000080000000,0x0000000083550c68,0x0000000084300000)
 Metaspace       used 59693K, committed 61056K, reserved 1114112K
  class space    used 6385K, committed 6976K, reserved 1048576K
}
Event: 30.322 GC heap after
{Heap after GC invocations=58 (full 3):
 PSYoungGen      total 22016K, used 1132K [0x00000000d5580000, 0x00000000d6c80000, 0x0000000100000000)
  eden space 20480K, 0% used [0x00000000d5580000,0x00000000d5580000,0x00000000d6980000)
  from space 1536K, 73% used [0x00000000d6980000,0x00000000d6a9b3e0,0x00000000d6b00000)
  to   space 1536K, 0% used [0x00000000d6b00000,0x00000000d6b00000,0x00000000d6c80000)
 ParOldGen       total 68608K, used 56134K [0x0000000080000000, 0x0000000084300000, 0x00000000d5580000)
  object space 68608K, 81% used [0x0000000080000000,0x00000000836d1838,0x0000000084300000)
 Metaspace       used 59693K, committed 61056K, reserved 1114112K
  class space    used 6385K, committed 6976K, reserved 1048576K
}
Event: 30.467 GC heap before
{Heap before GC invocations=59 (full 3):
 PSYoungGen      total 22016K, used 21612K [0x00000000d5580000, 0x00000000d6c80000, 0x0000000100000000)
  eden space 20480K, 100% used [0x00000000d5580000,0x00000000d6980000,0x00000000d6980000)
  from space 1536K, 73% used [0x00000000d6980000,0x00000000d6a9b3e0,0x00000000d6b00000)
  to   space 1536K, 0% used [0x00000000d6b00000,0x00000000d6b00000,0x00000000d6c80000)
 ParOldGen       total 68608K, used 56134K [0x0000000080000000, 0x0000000084300000, 0x00000000d5580000)
  object space 68608K, 81% used [0x0000000080000000,0x00000000836d1838,0x0000000084300000)
 Metaspace       used 59696K, committed 61056K, reserved 1114112K
  class space    used 6385K, committed 6976K, reserved 1048576K
}
Event: 30.471 GC heap after
{Heap after GC invocations=59 (full 3):
 PSYoungGen      total 22016K, used 1303K [0x00000000d5580000, 0x00000000d6c80000, 0x0000000100000000)
  eden space 20480K, 0% used [0x00000000d5580000,0x00000000d5580000,0x00000000d6980000)
  from space 1536K, 84% used [0x00000000d6b00000,0x00000000d6c45d68,0x00000000d6c80000)
  to   space 1536K, 0% used [0x00000000d6980000,0x00000000d6980000,0x00000000d6b00000)
 ParOldGen       total 68608K, used 57098K [0x0000000080000000, 0x0000000084300000, 0x00000000d5580000)
  object space 68608K, 83% used [0x0000000080000000,0x00000000837c2990,0x0000000084300000)
 Metaspace       used 59696K, committed 61056K, reserved 1114112K
  class space    used 6385K, committed 6976K, reserved 1048576K
}
Event: 30.617 GC heap before
{Heap before GC invocations=60 (full 3):
 PSYoungGen      total 22016K, used 21783K [0x00000000d5580000, 0x00000000d6c80000, 0x0000000100000000)
  eden space 20480K, 100% used [0x00000000d5580000,0x00000000d6980000,0x00000000d6980000)
  from space 1536K, 84% used [0x00000000d6b00000,0x00000000d6c45d68,0x00000000d6c80000)
  to   space 1536K, 0% used [0x00000000d6980000,0x00000000d6980000,0x00000000d6b00000)
 ParOldGen       total 68608K, used 57098K [0x0000000080000000, 0x0000000084300000, 0x00000000d5580000)
  object space 68608K, 83% used [0x0000000080000000,0x00000000837c2990,0x0000000084300000)
 Metaspace       used 59828K, committed 61184K, reserved 1114112K
  class space    used 6396K, committed 6976K, reserved 1048576K
}
Event: 30.622 GC heap after
{Heap after GC invocations=60 (full 3):
 PSYoungGen      total 22016K, used 1535K [0x00000000d5580000, 0x00000000d7180000, 0x0000000100000000)
  eden space 20480K, 0% used [0x00000000d5580000,0x00000000d5580000,0x00000000d6980000)
  from space 1536K, 99% used [0x00000000d6980000,0x00000000d6afff80,0x00000000d6b00000)
  to   space 4096K, 0% used [0x00000000d6d80000,0x00000000d6d80000,0x00000000d7180000)
 ParOldGen       total 68608K, used 58821K [0x0000000080000000, 0x0000000084300000, 0x00000000d5580000)
  object space 68608K, 85% used [0x0000000080000000,0x0000000083971758,0x0000000084300000)
 Metaspace       used 59828K, committed 61184K, reserved 1114112K
  class space    used 6396K, committed 6976K, reserved 1048576K
}
Event: 1122.159 GC heap before
{Heap before GC invocations=61 (full 3):
 PSYoungGen      total 22016K, used 22015K [0x00000000d5580000, 0x00000000d7180000, 0x0000000100000000)
  eden space 20480K, 100% used [0x00000000d5580000,0x00000000d6980000,0x00000000d6980000)
  from space 1536K, 99% used [0x00000000d6980000,0x00000000d6afff80,0x00000000d6b00000)
  to   space 4096K, 0% used [0x00000000d6d80000,0x00000000d6d80000,0x00000000d7180000)
 ParOldGen       total 68608K, used 58821K [0x0000000080000000, 0x0000000084300000, 0x00000000d5580000)
  object space 68608K, 85% used [0x0000000080000000,0x0000000083971758,0x0000000084300000)
 Metaspace       used 61209K, committed 62656K, reserved 1114112K
  class space    used 6544K, committed 7168K, reserved 1048576K
}
Event: 1122.235 GC heap after
{Heap after GC invocations=61 (full 3):
 PSYoungGen      total 23040K, used 2166K [0x00000000d5580000, 0x00000000d7000000, 0x0000000100000000)
  eden space 20480K, 0% used [0x00000000d5580000,0x00000000d5580000,0x00000000d6980000)
  from space 2560K, 84% used [0x00000000d6d80000,0x00000000d6f9da70,0x00000000d7000000)
  to   space 2560K, 0% used [0x00000000d6b00000,0x00000000d6b00000,0x00000000d6d80000)
 ParOldGen       total 68608K, used 60141K [0x0000000080000000, 0x0000000084300000, 0x00000000d5580000)
  object space 68608K, 87% used [0x0000000080000000,0x0000000083abb768,0x0000000084300000)
 Metaspace       used 61209K, committed 62656K, reserved 1114112K
  class space    used 6544K, committed 7168K, reserved 1048576K
}
Event: 1317.055 GC heap before
{Heap before GC invocations=62 (full 3):
 PSYoungGen      total 23040K, used 22646K [0x00000000d5580000, 0x00000000d7000000, 0x0000000100000000)
  eden space 20480K, 100% used [0x00000000d5580000,0x00000000d6980000,0x00000000d6980000)
  from space 2560K, 84% used [0x00000000d6d80000,0x00000000d6f9da70,0x00000000d7000000)
  to   space 2560K, 0% used [0x00000000d6b00000,0x00000000d6b00000,0x00000000d6d80000)
 ParOldGen       total 68608K, used 60141K [0x0000000080000000, 0x0000000084300000, 0x00000000d5580000)
  object space 68608K, 87% used [0x0000000080000000,0x0000000083abb768,0x0000000084300000)
 Metaspace       used 62463K, committed 63936K, reserved 1114112K
  class space    used 6657K, committed 7296K, reserved 1048576K
}
Event: 1317.070 GC heap after
{Heap after GC invocations=62 (full 3):
 PSYoungGen      total 22528K, used 1929K [0x00000000d5580000, 0x00000000d6e80000, 0x0000000100000000)
  eden space 20480K, 0% used [0x00000000d5580000,0x00000000d5580000,0x00000000d6980000)
  from space 2048K, 94% used [0x00000000d6b00000,0x00000000d6ce27a0,0x00000000d6d00000)
  to   space 1536K, 0% used [0x00000000d6d00000,0x00000000d6d00000,0x00000000d6e80000)
 ParOldGen       total 68608K, used 61593K [0x0000000080000000, 0x0000000084300000, 0x00000000d5580000)
  object space 68608K, 89% used [0x0000000080000000,0x0000000083c265c0,0x0000000084300000)
 Metaspace       used 62463K, committed 63936K, reserved 1114112K
  class space    used 6657K, committed 7296K, reserved 1048576K
}
Event: 1317.430 GC heap before
{Heap before GC invocations=63 (full 3):
 PSYoungGen      total 22528K, used 21550K [0x00000000d5580000, 0x00000000d6e80000, 0x0000000100000000)
  eden space 20480K, 95% used [0x00000000d5580000,0x00000000d68a90e8,0x00000000d6980000)
  from space 2048K, 94% used [0x00000000d6b00000,0x00000000d6ce27a0,0x00000000d6d00000)
  to   space 1536K, 0% used [0x00000000d6d00000,0x00000000d6d00000,0x00000000d6e80000)
 ParOldGen       total 68608K, used 61593K [0x0000000080000000, 0x0000000084300000, 0x00000000d5580000)
  object space 68608K, 89% used [0x0000000080000000,0x0000000083c265c0,0x0000000084300000)
 Metaspace       used 63432K, committed 64960K, reserved 1114112K
  class space    used 6741K, committed 7424K, reserved 1048576K
}
Event: 1317.440 GC heap after
{Heap after GC invocations=63 (full 3):
 PSYoungGen      total 22016K, used 1204K [0x00000000d5580000, 0x00000000d6e80000, 0x0000000100000000)
  eden space 20480K, 0% used [0x00000000d5580000,0x00000000d5580000,0x00000000d6980000)
  from space 1536K, 78% used [0x00000000d6d00000,0x00000000d6e2d220,0x00000000d6e80000)
  to   space 1536K, 0% used [0x00000000d6b80000,0x00000000d6b80000,0x00000000d6d00000)
 ParOldGen       total 72704K, used 72261K [0x0000000080000000, 0x0000000084700000, 0x00000000d5580000)
  object space 72704K, 99% used [0x0000000080000000,0x0000000084691578,0x0000000084700000)
 Metaspace       used 63432K, committed 64960K, reserved 1114112K
  class space    used 6741K, committed 7424K, reserved 1048576K
}

