# JRE version: OpenJDK Runtime Environment Temurin-21.0.10+7 (21.0.10+7) (build 21.0.10+7-LTS)
# Java VM: OpenJDK 64-Bit Server VM Temurin-21.0.10+7 (21.0.10+7-LTS, mixed mode, sharing, tiered, compressed oops, compressed class ptrs, parallel gc, windows-amd64)
GC Precious Log:
 CardTable entry size: 512
 CPUs: 12 total, 12 available
 Memory: 7501M
 Large Page Support: Disabled
 NUMA Support: Disabled
 Compressed Oops: Enabled (32-bit)
 Alignments: Space 512K, Generation 512K, Heap 2M
 Heap Min Capacity: 100M
 Heap Initial Capacity: 100M
 Heap Max Capacity: 2G
 Pre-touch: Disabled
 Parallel Workers: 10
Heap:
 PSYoungGen      total 11776K, used 5081K [0x00000000d5580000, 0x00000000d6c80000, 0x0000000100000000)
  eden space 10752K, 40% used [0x00000000d5580000,0x00000000d59c6528,0x00000000d6000000)
  from space 1024K, 68% used [0x00000000d6280000,0x00000000d6330000,0x00000000d6380000)
  to   space 3584K, 0% used [0x00000000d6900000,0x00000000d6900000,0x00000000d6c80000)
 ParOldGen       total 115200K, used 114915K [0x0000000080000000, 0x0000000087080000, 0x00000000d5580000)
  object space 115200K, 99% used [0x0000000080000000,0x0000000087038fa0,0x0000000087080000)
 Metaspace       used 70904K, committed 72576K, reserved 1114112K
  class space    used 7331K, committed 8064K, reserved 1048576K
GC Heap History (20 events):
Event: 27.817 GC heap before
{Heap before GC invocations=113 (full 3):
 PSYoungGen      total 11776K, used 11760K [0x00000000d5580000, 0x00000000d6b00000, 0x0000000100000000)
  eden space 10752K, 100% used [0x00000000d5580000,0x00000000d6000000,0x00000000d6000000)
  from space 1024K, 98% used [0x00000000d6000000,0x00000000d60fc058,0x00000000d6100000)
  to   space 5632K, 0% used [0x00000000d6580000,0x00000000d6580000,0x00000000d6b00000)
 ParOldGen       total 89600K, used 89179K [0x0000000080000000, 0x0000000085780000, 0x00000000d5580000)
  object space 89600K, 99% used [0x0000000080000000,0x0000000085716d78,0x0000000085780000)
 Metaspace       used 68668K, committed 70272K, reserved 1114112K
  class space    used 7124K, committed 7808K, reserved 1048576K
}
Event: 27.823 GC heap after
{Heap after GC invocations=113 (full 3):
 PSYoungGen      total 12800K, used 1833K [0x00000000d5580000, 0x00000000d6780000, 0x0000000100000000)
  eden space 10752K, 0% used [0x00000000d5580000,0x00000000d5580000,0x00000000d6000000)
  from space 2048K, 89% used [0x00000000d6580000,0x00000000d674a5e0,0x00000000d6780000)
  to   space 3072K, 0% used [0x00000000d6180000,0x00000000d6180000,0x00000000d6480000)
 ParOldGen       total 90624K, used 90191K [0x0000000080000000, 0x0000000085880000, 0x00000000d5580000)
  object space 90624K, 99% used [0x0000000080000000,0x0000000085813d90,0x0000000085880000)
 Metaspace       used 68668K, committed 70272K, reserved 1114112K
  class space    used 7124K, committed 7808K, reserved 1048576K
}
Event: 28.316 GC heap before
{Heap before GC invocations=114 (full 3):
 PSYoungGen      total 12800K, used 12312K [0x00000000d5580000, 0x00000000d6780000, 0x0000000100000000)
  eden space 10752K, 97% used [0x00000000d5580000,0x00000000d5fbbc78,0x00000000d6000000)
  from space 2048K, 89% used [0x00000000d6580000,0x00000000d674a5e0,0x00000000d6780000)
  to   space 3072K, 0% used [0x00000000d6180000,0x00000000d6180000,0x00000000d6480000)
 ParOldGen       total 90624K, used 90191K [0x0000000080000000, 0x0000000085880000, 0x00000000d5580000)
  object space 90624K, 99% used [0x0000000080000000,0x0000000085813d90,0x0000000085880000)
 Metaspace       used 69083K, committed 70720K, reserved 1114112K
  class space    used 7140K, committed 7808K, reserved 1048576K
}
Event: 28.320 GC heap after
{Heap after GC invocations=114 (full 3):
 PSYoungGen      total 13824K, used 3049K [0x00000000d5580000, 0x00000000d6c00000, 0x0000000100000000)
  eden space 10752K, 0% used [0x00000000d5580000,0x00000000d5580000,0x00000000d6000000)
  from space 3072K, 99% used [0x00000000d6180000,0x00000000d647a788,0x00000000d6480000)
  to   space 6144K, 0% used [0x00000000d6600000,0x00000000d6600000,0x00000000d6c00000)
 ParOldGen       total 92672K, used 92245K [0x0000000080000000, 0x0000000085a80000, 0x00000000d5580000)
  object space 92672K, 99% used [0x0000000080000000,0x0000000085a15698,0x0000000085a80000)
 Metaspace       used 69083K, committed 70720K, reserved 1114112K
  class space    used 7140K, committed 7808K, reserved 1048576K
}
Event: 28.606 GC heap before
{Heap before GC invocations=115 (full 3):
 PSYoungGen      total 13824K, used 13801K [0x00000000d5580000, 0x00000000d6c00000, 0x0000000100000000)
  eden space 10752K, 100% used [0x00000000d5580000,0x00000000d6000000,0x00000000d6000000)
  from space 3072K, 99% used [0x00000000d6180000,0x00000000d647a788,0x00000000d6480000)
  to   space 6144K, 0% used [0x00000000d6600000,0x00000000d6600000,0x00000000d6c00000)
 ParOldGen       total 92672K, used 92245K [0x0000000080000000, 0x0000000085a80000, 0x00000000d5580000)
  object space 92672K, 99% used [0x0000000080000000,0x0000000085a15698,0x0000000085a80000)
 Metaspace       used 69341K, committed 70976K, reserved 1114112K
  class space    used 7182K, committed 7872K, reserved 1048576K
}
Event: 28.609 GC heap after
{Heap after GC invocations=115 (full 3):
 PSYoungGen      total 12288K, used 1309K [0x00000000d5580000, 0x00000000d6780000, 0x0000000100000000)
  eden space 10752K, 0% used [0x00000000d5580000,0x00000000d5580000,0x00000000d6000000)
  from space 1536K, 85% used [0x00000000d6600000,0x00000000d6747550,0x00000000d6780000)
  to   space 3072K, 0% used [0x00000000d6180000,0x00000000d6180000,0x00000000d6480000)
 ParOldGen       total 93184K, used 93124K [0x0000000080000000, 0x0000000085b00000, 0x00000000d5580000)
  object space 93184K, 99% used [0x0000000080000000,0x0000000085af1020,0x0000000085b00000)
 Metaspace       used 69341K, committed 70976K, reserved 1114112K
  class space    used 7182K, committed 7872K, reserved 1048576K
}
Event: 28.782 GC heap before
{Heap before GC invocations=116 (full 3):
 PSYoungGen      total 12288K, used 12061K [0x00000000d5580000, 0x00000000d6780000, 0x0000000100000000)
  eden space 10752K, 100% used [0x00000000d5580000,0x00000000d6000000,0x00000000d6000000)
  from space 1536K, 85% used [0x00000000d6600000,0x00000000d6747550,0x00000000d6780000)
  to   space 3072K, 0% used [0x00000000d6180000,0x00000000d6180000,0x00000000d6480000)
 ParOldGen       total 93184K, used 93124K [0x0000000080000000, 0x0000000085b00000, 0x00000000d5580000)
  object space 93184K, 99% used [0x0000000080000000,0x0000000085af1020,0x0000000085b00000)
 Metaspace       used 69617K, committed 71296K, reserved 1114112K
  class space    used 7218K, committed 7936K, reserved 1048576K
}
Event: 28.785 GC heap after
{Heap after GC invocations=116 (full 3):
 PSYoungGen      total 13824K, used 768K [0x00000000d5580000, 0x00000000d6680000, 0x0000000100000000)
  eden space 10752K, 0% used [0x00000000d5580000,0x00000000d5580000,0x00000000d6000000)
  from space 3072K, 25% used [0x00000000d6180000,0x00000000d6240000,0x00000000d6480000)
  to   space 1536K, 0% used [0x00000000d6500000,0x00000000d6500000,0x00000000d6680000)
 ParOldGen       total 94208K, used 94140K [0x0000000080000000, 0x0000000085c00000, 0x00000000d5580000)
  object space 94208K, 99% used [0x0000000080000000,0x0000000085bef020,0x0000000085c00000)
 Metaspace       used 69617K, committed 71296K, reserved 1114112K
  class space    used 7218K, committed 7936K, reserved 1048576K
}
Event: 29.360 GC heap before
{Heap before GC invocations=117 (full 3):
 PSYoungGen      total 13824K, used 11520K [0x00000000d5580000, 0x00000000d6680000, 0x0000000100000000)
  eden space 10752K, 100% used [0x00000000d5580000,0x00000000d6000000,0x00000000d6000000)
  from space 3072K, 25% used [0x00000000d6180000,0x00000000d6240000,0x00000000d6480000)
  to   space 1536K, 0% used [0x00000000d6500000,0x00000000d6500000,0x00000000d6680000)
 ParOldGen       total 94208K, used 94140K [0x0000000080000000, 0x0000000085c00000, 0x00000000d5580000)
  object space 94208K, 99% used [0x0000000080000000,0x0000000085bef020,0x0000000085c00000)
 Metaspace       used 70478K, committed 72128K, reserved 1114112K
  class space    used 7308K, committed 8000K, reserved 1048576K
}
Event: 29.363 GC heap after
{Heap after GC invocations=117 (full 3):
 PSYoungGen      total 11776K, used 677K [0x00000000d5580000, 0x00000000d6600000, 0x0000000100000000)
  eden space 10752K, 0% used [0x00000000d5580000,0x00000000d5580000,0x00000000d6000000)
  from space 1024K, 66% used [0x00000000d6500000,0x00000000d65a9420,0x00000000d6600000)
  to   space 1024K, 0% used [0x00000000d6400000,0x00000000d6400000,0x00000000d6500000)
 ParOldGen       total 94720K, used 94708K [0x0000000080000000, 0x0000000085c80000, 0x00000000d5580000)
  object space 94720K, 99% used [0x0000000080000000,0x0000000085c7d020,0x0000000085c80000)
 Metaspace       used 70478K, committed 72128K, reserved 1114112K
  class space    used 7308K, committed 8000K, reserved 1048576K
}
Event: 29.619 GC heap before
{Heap before GC invocations=118 (full 3):
 PSYoungGen      total 11776K, used 11429K [0x00000000d5580000, 0x00000000d6600000, 0x0000000100000000)
  eden space 10752K, 100% used [0x00000000d5580000,0x00000000d6000000,0x00000000d6000000)
  from space 1024K, 66% used [0x00000000d6500000,0x00000000d65a9420,0x00000000d6600000)
  to   space 1024K, 0% used [0x00000000d6400000,0x00000000d6400000,0x00000000d6500000)
 ParOldGen       total 94720K, used 94708K [0x0000000080000000, 0x0000000085c80000, 0x00000000d5580000)
  object space 94720K, 99% used [0x0000000080000000,0x0000000085c7d020,0x0000000085c80000)
 Metaspace       used 70561K, committed 72192K, reserved 1114112K
  class space    used 7318K, committed 8000K, reserved 1048576K
}
Event: 29.629 GC heap after
{Heap after GC invocations=118 (full 3):
 PSYoungGen      total 11776K, used 1002K [0x00000000d5580000, 0x00000000d7300000, 0x0000000100000000)
  eden space 10752K, 0% used [0x00000000d5580000,0x00000000d5580000,0x00000000d6000000)
  from space 1024K, 97% used [0x00000000d6400000,0x00000000d64faa20,0x00000000d6500000)
  to   space 9728K, 0% used [0x00000000d6980000,0x00000000d6980000,0x00000000d7300000)
 ParOldGen       total 102400K, used 102078K [0x0000000080000000, 0x0000000086400000, 0x00000000d5580000)
  object space 102400K, 99% used [0x0000000080000000,0x00000000863afa40,0x0000000086400000)
 Metaspace       used 70561K, committed 72192K, reserved 1114112K
  class space    used 7318K, committed 8000K, reserved 1048576K
}
Event: 30.217 GC heap before
{Heap before GC invocations=119 (full 3):
 PSYoungGen      total 11776K, used 11754K [0x00000000d5580000, 0x00000000d7300000, 0x0000000100000000)
  eden space 10752K, 100% used [0x00000000d5580000,0x00000000d6000000,0x00000000d6000000)
  from space 1024K, 97% used [0x00000000d6400000,0x00000000d64faa20,0x00000000d6500000)
  to   space 9728K, 0% used [0x00000000d6980000,0x00000000d6980000,0x00000000d7300000)
 ParOldGen       total 102400K, used 102078K [0x0000000080000000, 0x0000000086400000, 0x00000000d5580000)
  object space 102400K, 99% used [0x0000000080000000,0x00000000863afa40,0x0000000086400000)
 Metaspace       used 70567K, committed 72192K, reserved 1114112K
  class space    used 7318K, committed 8000K, reserved 1048576K
}
Event: 30.221 GC heap after
{Heap after GC invocations=119 (full 3):
 PSYoungGen      total 12800K, used 1659K [0x00000000d5580000, 0x00000000d6b80000, 0x0000000100000000)
  eden space 10752K, 0% used [0x00000000d5580000,0x00000000d5580000,0x00000000d6000000)
  from space 2048K, 81% used [0x00000000d6980000,0x00000000d6b1ee10,0x00000000d6b80000)
  to   space 4096K, 0% used [0x00000000d6380000,0x00000000d6380000,0x00000000d6780000)
 ParOldGen       total 102400K, used 102247K [0x0000000080000000, 0x0000000086400000, 0x00000000d5580000)
  object space 102400K, 99% used [0x0000000080000000,0x00000000863d9c68,0x0000000086400000)
 Metaspace       used 70567K, committed 72192K, reserved 1114112K
  class space    used 7318K, committed 8000K, reserved 1048576K
}
Event: 30.571 GC heap before
{Heap before GC invocations=120 (full 3):
 PSYoungGen      total 12800K, used 12411K [0x00000000d5580000, 0x00000000d6b80000, 0x0000000100000000)
  eden space 10752K, 100% used [0x00000000d5580000,0x00000000d6000000,0x00000000d6000000)
  from space 2048K, 81% used [0x00000000d6980000,0x00000000d6b1ee10,0x00000000d6b80000)
  to   space 4096K, 0% used [0x00000000d6380000,0x00000000d6380000,0x00000000d6780000)
 ParOldGen       total 102400K, used 102247K [0x0000000080000000, 0x0000000086400000, 0x00000000d5580000)
  object space 102400K, 99% used [0x0000000080000000,0x00000000863d9c68,0x0000000086400000)
 Metaspace       used 70581K, committed 72256K, reserved 1114112K
  class space    used 7320K, committed 8000K, reserved 1048576K
}
Event: 30.582 GC heap after
{Heap after GC invocations=120 (full 3):
 PSYoungGen      total 14848K, used 4096K [0x00000000d5580000, 0x00000000d7800000, 0x0000000100000000)
  eden space 10752K, 0% used [0x00000000d5580000,0x00000000d5580000,0x00000000d6000000)
  from space 4096K, 100% used [0x00000000d6380000,0x00000000d6780000,0x00000000d6780000)
  to   space 12288K, 0% used [0x00000000d6c00000,0x00000000d6c00000,0x00000000d7800000)
 ParOldGen       total 109056K, used 108730K [0x0000000080000000, 0x0000000086a80000, 0x00000000d5580000)
  object space 109056K, 99% used [0x0000000080000000,0x0000000086a2ea78,0x0000000086a80000)
 Metaspace       used 70581K, committed 72256K, reserved 1114112K
  class space    used 7320K, committed 8000K, reserved 1048576K
}
Event: 31.036 GC heap before
{Heap before GC invocations=121 (full 3):
 PSYoungGen      total 14848K, used 14847K [0x00000000d5580000, 0x00000000d7800000, 0x0000000100000000)
  eden space 10752K, 99% used [0x00000000d5580000,0x00000000d5ffffc8,0x00000000d6000000)
  from space 4096K, 100% used [0x00000000d6380000,0x00000000d6780000,0x00000000d6780000)
  to   space 12288K, 0% used [0x00000000d6c00000,0x00000000d6c00000,0x00000000d7800000)
 ParOldGen       total 109056K, used 108730K [0x0000000080000000, 0x0000000086a80000, 0x00000000d5580000)
  object space 109056K, 99% used [0x0000000080000000,0x0000000086a2ea78,0x0000000086a80000)
 Metaspace       used 70633K, committed 72256K, reserved 1114112K
  class space    used 7320K, committed 8000K, reserved 1048576K
}
Event: 31.046 GC heap after
{Heap after GC invocations=121 (full 3):
 PSYoungGen      total 17408K, used 6532K [0x00000000d5580000, 0x00000000d7280000, 0x0000000100000000)
  eden space 10752K, 0% used [0x00000000d5580000,0x00000000d5580000,0x00000000d6000000)
  from space 6656K, 98% used [0x00000000d6c00000,0x00000000d7261050,0x00000000d7280000)
  to   space 8192K, 0% used [0x00000000d6280000,0x00000000d6280000,0x00000000d6a80000)
 ParOldGen       total 113152K, used 112874K [0x0000000080000000, 0x0000000086e80000, 0x00000000d5580000)
  object space 113152K, 99% used [0x0000000080000000,0x0000000086e3a900,0x0000000086e80000)
 Metaspace       used 70633K, committed 72256K, reserved 1114112K
  class space    used 7320K, committed 8000K, reserved 1048576K
}
Event: 40.147 GC heap before
{Heap before GC invocations=122 (full 3):
 PSYoungGen      total 17408K, used 17284K [0x00000000d5580000, 0x00000000d7280000, 0x0000000100000000)
  eden space 10752K, 100% used [0x00000000d5580000,0x00000000d6000000,0x00000000d6000000)
  from space 6656K, 98% used [0x00000000d6c00000,0x00000000d7261050,0x00000000d7280000)
  to   space 8192K, 0% used [0x00000000d6280000,0x00000000d6280000,0x00000000d6a80000)
 ParOldGen       total 113152K, used 112874K [0x0000000080000000, 0x0000000086e80000, 0x00000000d5580000)
  object space 113152K, 99% used [0x0000000080000000,0x0000000086e3a900,0x0000000086e80000)
 Metaspace       used 70863K, committed 72576K, reserved 1114112K
  class space    used 7331K, committed 8064K, reserved 1048576K
}
Event: 40.152 GC heap after
{Heap after GC invocations=122 (full 3):
 PSYoungGen      total 11776K, used 704K [0x00000000d5580000, 0x00000000d6c80000, 0x0000000100000000)
  eden space 10752K, 0% used [0x00000000d5580000,0x00000000d5580000,0x00000000d6000000)
  from space 1024K, 68% used [0x00000000d6280000,0x00000000d6330000,0x00000000d6380000)
  to   space 3584K, 0% used [0x00000000d6900000,0x00000000d6900000,0x00000000d6c80000)
 ParOldGen       total 115200K, used 114915K [0x0000000080000000, 0x0000000087080000, 0x00000000d5580000)
  object space 115200K, 99% used [0x0000000080000000,0x0000000087038fa0,0x0000000087080000)
 Metaspace       used 70863K, committed 72576K, reserved 1114112K
  class space    used 7331K, committed 8064K, reserved 1048576K
}

