# JRE version: OpenJDK Runtime Environment Temurin-21.0.10+7 (21.0.10+7) (build 21.0.10+7-LTS)
# Java VM: OpenJDK 64-Bit Server VM Temurin-21.0.10+7 (21.0.10+7-LTS, mixed mode, sharing, tiered, compressed oops, compressed class ptrs, parallel gc, windows-amd64)
GC Precious Log:
 CardTable entry size: 512
 CPUs: 12 total, 12 available
 Memory: 7501M
 Large Page Support: Disabled
 NUMA Support: Disabled
 Compressed Oops: Enabled (32-bit)
 Alignments: Space 512K, Generation 512K, Heap 2M
 Heap Min Capacity: 100M
 Heap Initial Capacity: 100M
 Heap Max Capacity: 2G
 Pre-touch: Disabled
 Parallel Workers: 10
Heap:
 PSYoungGen      total 8704K, used 4419K [0x00000000d5580000, 0x00000000d6100000, 0x0000000100000000)
  eden space 7168K, 42% used [0x00000000d5580000,0x00000000d5878eb8,0x00000000d5c80000)
  from space 1536K, 89% used [0x00000000d5f80000,0x00000000d60d8000,0x00000000d6100000)
  to   space 1536K, 0% used [0x00000000d5e00000,0x00000000d5e00000,0x00000000d5f80000)
 ParOldGen       total 89600K, used 89401K [0x0000000080000000, 0x0000000085780000, 0x00000000d5580000)
  object space 89600K, 99% used [0x0000000080000000,0x000000008574e768,0x0000000085780000)
 Metaspace       used 68486K, committed 70144K, reserved 1114112K
  class space    used 7228K, committed 7936K, reserved 1048576K
GC Heap History (20 events):
Event: 13.728 GC heap before
{Heap before GC invocations=86 (full 3):
 PSYoungGen      total 12800K, used 12163K [0x00000000d5580000, 0x00000000d6400000, 0x0000000100000000)
  eden space 11264K, 98% used [0x00000000d5580000,0x00000000d6049328,0x00000000d6080000)
  from space 1536K, 72% used [0x00000000d6280000,0x00000000d6397c98,0x00000000d6400000)
  to   space 1536K, 0% used [0x00000000d6100000,0x00000000d6100000,0x00000000d6280000)
 ParOldGen       total 78848K, used 78766K [0x0000000080000000, 0x0000000084d00000, 0x00000000d5580000)
  object space 78848K, 99% used [0x0000000080000000,0x0000000084cebaa8,0x0000000084d00000)
 Metaspace       used 65900K, committed 67456K, reserved 1114112K
  class space    used 6987K, committed 7616K, reserved 1048576K
}
Event: 13.731 GC heap after
{Heap after GC invocations=86 (full 3):
 PSYoungGen      total 11776K, used 468K [0x00000000d5580000, 0x00000000d6300000, 0x0000000100000000)
  eden space 11264K, 0% used [0x00000000d5580000,0x00000000d5580000,0x00000000d6080000)
  from space 512K, 91% used [0x00000000d6100000,0x00000000d6175200,0x00000000d6180000)
  to   space 1024K, 0% used [0x00000000d6200000,0x00000000d6200000,0x00000000d6300000)
 ParOldGen       total 79872K, used 79721K [0x0000000080000000, 0x0000000084e00000, 0x00000000d5580000)
  object space 79872K, 99% used [0x0000000080000000,0x0000000084dda760,0x0000000084e00000)
 Metaspace       used 65900K, committed 67456K, reserved 1114112K
  class space    used 6987K, committed 7616K, reserved 1048576K
}
Event: 13.789 GC heap before
{Heap before GC invocations=87 (full 3):
 PSYoungGen      total 11776K, used 11732K [0x00000000d5580000, 0x00000000d6300000, 0x0000000100000000)
  eden space 11264K, 100% used [0x00000000d5580000,0x00000000d6080000,0x00000000d6080000)
  from space 512K, 91% used [0x00000000d6100000,0x00000000d6175200,0x00000000d6180000)
  to   space 1024K, 0% used [0x00000000d6200000,0x00000000d6200000,0x00000000d6300000)
 ParOldGen       total 79872K, used 79721K [0x0000000080000000, 0x0000000084e00000, 0x00000000d5580000)
  object space 79872K, 99% used [0x0000000080000000,0x0000000084dda760,0x0000000084e00000)
 Metaspace       used 65913K, committed 67456K, reserved 1114112K
  class space    used 6987K, committed 7616K, reserved 1048576K
}
Event: 13.791 GC heap after
{Heap after GC invocations=87 (full 3):
 PSYoungGen      total 11776K, used 378K [0x00000000d5580000, 0x00000000d6280000, 0x0000000100000000)
  eden space 11264K, 0% used [0x00000000d5580000,0x00000000d5580000,0x00000000d6080000)
  from space 512K, 73% used [0x00000000d6200000,0x00000000d625e920,0x00000000d6280000)
  to   space 512K, 0% used [0x00000000d6100000,0x00000000d6100000,0x00000000d6180000)
 ParOldGen       total 80384K, used 80001K [0x0000000080000000, 0x0000000084e80000, 0x00000000d5580000)
  object space 80384K, 99% used [0x0000000080000000,0x0000000084e20760,0x0000000084e80000)
 Metaspace       used 65913K, committed 67456K, reserved 1114112K
  class space    used 6987K, committed 7616K, reserved 1048576K
}
Event: 14.252 GC heap before
{Heap before GC invocations=88 (full 3):
 PSYoungGen      total 11776K, used 11642K [0x00000000d5580000, 0x00000000d6280000, 0x0000000100000000)
  eden space 11264K, 99% used [0x00000000d5580000,0x00000000d607ff38,0x00000000d6080000)
  from space 512K, 73% used [0x00000000d6200000,0x00000000d625e920,0x00000000d6280000)
  to   space 512K, 0% used [0x00000000d6100000,0x00000000d6100000,0x00000000d6180000)
 ParOldGen       total 80384K, used 80001K [0x0000000080000000, 0x0000000084e80000, 0x00000000d5580000)
  object space 80384K, 99% used [0x0000000080000000,0x0000000084e20760,0x0000000084e80000)
 Metaspace       used 66510K, committed 68032K, reserved 1114112K
  class space    used 7040K, committed 7680K, reserved 1048576K
}
Event: 14.253 GC heap after
{Heap after GC invocations=88 (full 3):
 PSYoungGen      total 11776K, used 480K [0x00000000d5580000, 0x00000000d6280000, 0x0000000100000000)
  eden space 11264K, 0% used [0x00000000d5580000,0x00000000d5580000,0x00000000d6080000)
  from space 512K, 93% used [0x00000000d6100000,0x00000000d6178020,0x00000000d6180000)
  to   space 512K, 0% used [0x00000000d6200000,0x00000000d6200000,0x00000000d6280000)
 ParOldGen       total 80384K, used 80153K [0x0000000080000000, 0x0000000084e80000, 0x00000000d5580000)
  object space 80384K, 99% used [0x0000000080000000,0x0000000084e46780,0x0000000084e80000)
 Metaspace       used 66510K, committed 68032K, reserved 1114112K
  class space    used 7040K, committed 7680K, reserved 1048576K
}
Event: 14.519 GC heap before
{Heap before GC invocations=89 (full 3):
 PSYoungGen      total 11776K, used 11744K [0x00000000d5580000, 0x00000000d6280000, 0x0000000100000000)
  eden space 11264K, 100% used [0x00000000d5580000,0x00000000d6080000,0x00000000d6080000)
  from space 512K, 93% used [0x00000000d6100000,0x00000000d6178020,0x00000000d6180000)
  to   space 512K, 0% used [0x00000000d6200000,0x00000000d6200000,0x00000000d6280000)
 ParOldGen       total 80384K, used 80153K [0x0000000080000000, 0x0000000084e80000, 0x00000000d5580000)
  object space 80384K, 99% used [0x0000000080000000,0x0000000084e46780,0x0000000084e80000)
 Metaspace       used 66942K, committed 68480K, reserved 1114112K
  class space    used 7088K, committed 7744K, reserved 1048576K
}
Event: 14.524 GC heap after
{Heap after GC invocations=89 (full 3):
 PSYoungGen      total 7680K, used 494K [0x00000000d5580000, 0x00000000d6b80000, 0x0000000100000000)
  eden space 7168K, 0% used [0x00000000d5580000,0x00000000d5580000,0x00000000d5c80000)
  from space 512K, 96% used [0x00000000d6200000,0x00000000d627b900,0x00000000d6280000)
  to   space 5632K, 0% used [0x00000000d5c80000,0x00000000d5c80000,0x00000000d6200000)
 ParOldGen       total 84480K, used 84326K [0x0000000080000000, 0x0000000085280000, 0x00000000d5580000)
  object space 84480K, 99% used [0x0000000080000000,0x0000000085259ab0,0x0000000085280000)
 Metaspace       used 66942K, committed 68480K, reserved 1114112K
  class space    used 7088K, committed 7744K, reserved 1048576K
}
Event: 14.676 GC heap before
{Heap before GC invocations=90 (full 3):
 PSYoungGen      total 7680K, used 7662K [0x00000000d5580000, 0x00000000d6b80000, 0x0000000100000000)
  eden space 7168K, 100% used [0x00000000d5580000,0x00000000d5c80000,0x00000000d5c80000)
  from space 512K, 96% used [0x00000000d6200000,0x00000000d627b900,0x00000000d6280000)
  to   space 5632K, 0% used [0x00000000d5c80000,0x00000000d5c80000,0x00000000d6200000)
 ParOldGen       total 84480K, used 84326K [0x0000000080000000, 0x0000000085280000, 0x00000000d5580000)
  object space 84480K, 99% used [0x0000000080000000,0x0000000085259ab0,0x0000000085280000)
 Metaspace       used 67246K, committed 68800K, reserved 1114112K
  class space    used 7104K, committed 7808K, reserved 1048576K
}
Event: 14.678 GC heap after
{Heap after GC invocations=90 (full 3):
 PSYoungGen      total 8704K, used 1142K [0x00000000d5580000, 0x00000000d6280000, 0x0000000100000000)
  eden space 7168K, 0% used [0x00000000d5580000,0x00000000d5580000,0x00000000d5c80000)
  from space 1536K, 74% used [0x00000000d5c80000,0x00000000d5d9da40,0x00000000d5e00000)
  to   space 2560K, 0% used [0x00000000d6000000,0x00000000d6000000,0x00000000d6280000)
 ParOldGen       total 84992K, used 84817K [0x0000000080000000, 0x0000000085300000, 0x00000000d5580000)
  object space 84992K, 99% used [0x0000000080000000,0x00000000852d4400,0x0000000085300000)
 Metaspace       used 67246K, committed 68800K, reserved 1114112K
  class space    used 7104K, committed 7808K, reserved 1048576K
}
Event: 14.840 GC heap before
{Heap before GC invocations=91 (full 3):
 PSYoungGen      total 8704K, used 8301K [0x00000000d5580000, 0x00000000d6280000, 0x0000000100000000)
  eden space 7168K, 99% used [0x00000000d5580000,0x00000000d5c7da70,0x00000000d5c80000)
  from space 1536K, 74% used [0x00000000d5c80000,0x00000000d5d9da40,0x00000000d5e00000)
  to   space 2560K, 0% used [0x00000000d6000000,0x00000000d6000000,0x00000000d6280000)
 ParOldGen       total 84992K, used 84817K [0x0000000080000000, 0x0000000085300000, 0x00000000d5580000)
  object space 84992K, 99% used [0x0000000080000000,0x00000000852d4400,0x0000000085300000)
 Metaspace       used 67560K, committed 69184K, reserved 1114112K
  class space    used 7123K, committed 7808K, reserved 1048576K
}
Event: 14.843 GC heap after
{Heap after GC invocations=91 (full 3):
 PSYoungGen      total 8704K, used 1412K [0x00000000d5580000, 0x00000000d6180000, 0x0000000100000000)
  eden space 7168K, 0% used [0x00000000d5580000,0x00000000d5580000,0x00000000d5c80000)
  from space 1536K, 91% used [0x00000000d6000000,0x00000000d6161278,0x00000000d6180000)
  to   space 1536K, 0% used [0x00000000d5c80000,0x00000000d5c80000,0x00000000d5e00000)
 ParOldGen       total 86016K, used 85758K [0x0000000080000000, 0x0000000085400000, 0x00000000d5580000)
  object space 86016K, 99% used [0x0000000080000000,0x00000000853bf948,0x0000000085400000)
 Metaspace       used 67560K, committed 69184K, reserved 1114112K
  class space    used 7123K, committed 7808K, reserved 1048576K
}
Event: 15.017 GC heap before
{Heap before GC invocations=92 (full 3):
 PSYoungGen      total 8704K, used 8512K [0x00000000d5580000, 0x00000000d6180000, 0x0000000100000000)
  eden space 7168K, 99% used [0x00000000d5580000,0x00000000d5c6f028,0x00000000d5c80000)
  from space 1536K, 91% used [0x00000000d6000000,0x00000000d6161278,0x00000000d6180000)
  to   space 1536K, 0% used [0x00000000d5c80000,0x00000000d5c80000,0x00000000d5e00000)
 ParOldGen       total 86016K, used 85758K [0x0000000080000000, 0x0000000085400000, 0x00000000d5580000)
  object space 86016K, 99% used [0x0000000080000000,0x00000000853bf948,0x0000000085400000)
 Metaspace       used 67857K, committed 69376K, reserved 1114112K
  class space    used 7134K, committed 7808K, reserved 1048576K
}
Event: 15.021 GC heap after
{Heap after GC invocations=92 (full 3):
 PSYoungGen      total 8704K, used 1532K [0x00000000d5580000, 0x00000000d6480000, 0x0000000100000000)
  eden space 7168K, 0% used [0x00000000d5580000,0x00000000d5580000,0x00000000d5c80000)
  from space 1536K, 99% used [0x00000000d5c80000,0x00000000d5dff150,0x00000000d5e00000)
  to   space 4096K, 0% used [0x00000000d6080000,0x00000000d6080000,0x00000000d6480000)
 ParOldGen       total 88064K, used 87667K [0x0000000080000000, 0x0000000085600000, 0x00000000d5580000)
  object space 88064K, 99% used [0x0000000080000000,0x000000008559cf48,0x0000000085600000)
 Metaspace       used 67857K, committed 69376K, reserved 1114112K
  class space    used 7134K, committed 7808K, reserved 1048576K
}
Event: 15.142 GC heap before
{Heap before GC invocations=93 (full 3):
 PSYoungGen      total 8704K, used 8700K [0x00000000d5580000, 0x00000000d6480000, 0x0000000100000000)
  eden space 7168K, 100% used [0x00000000d5580000,0x00000000d5c80000,0x00000000d5c80000)
  from space 1536K, 99% used [0x00000000d5c80000,0x00000000d5dff150,0x00000000d5e00000)
  to   space 4096K, 0% used [0x00000000d6080000,0x00000000d6080000,0x00000000d6480000)
 ParOldGen       total 88064K, used 87667K [0x0000000080000000, 0x0000000085600000, 0x00000000d5580000)
  object space 88064K, 99% used [0x0000000080000000,0x000000008559cf48,0x0000000085600000)
 Metaspace       used 68032K, committed 69568K, reserved 1114112K
  class space    used 7163K, committed 7872K, reserved 1048576K
}
Event: 15.144 GC heap after
{Heap after GC invocations=93 (full 3):
 PSYoungGen      total 8704K, used 1024K [0x00000000d5580000, 0x00000000d6200000, 0x0000000100000000)
  eden space 7168K, 0% used [0x00000000d5580000,0x00000000d5580000,0x00000000d5c80000)
  from space 1536K, 66% used [0x00000000d6080000,0x00000000d6180010,0x00000000d6200000)
  to   space 2048K, 0% used [0x00000000d5e00000,0x00000000d5e00000,0x00000000d6000000)
 ParOldGen       total 88064K, used 88053K [0x0000000080000000, 0x0000000085600000, 0x00000000d5580000)
  object space 88064K, 99% used [0x0000000080000000,0x00000000855fd758,0x0000000085600000)
 Metaspace       used 68032K, committed 69568K, reserved 1114112K
  class space    used 7163K, committed 7872K, reserved 1048576K
}
Event: 15.262 GC heap before
{Heap before GC invocations=94 (full 3):
 PSYoungGen      total 8704K, used 8192K [0x00000000d5580000, 0x00000000d6200000, 0x0000000100000000)
  eden space 7168K, 100% used [0x00000000d5580000,0x00000000d5c80000,0x00000000d5c80000)
  from space 1536K, 66% used [0x00000000d6080000,0x00000000d6180010,0x00000000d6200000)
  to   space 2048K, 0% used [0x00000000d5e00000,0x00000000d5e00000,0x00000000d6000000)
 ParOldGen       total 88064K, used 88053K [0x0000000080000000, 0x0000000085600000, 0x00000000d5580000)
  object space 88064K, 99% used [0x0000000080000000,0x00000000855fd758,0x0000000085600000)
 Metaspace       used 68323K, committed 69952K, reserved 1114112K
  class space    used 7210K, committed 7936K, reserved 1048576K
}
Event: 15.265 GC heap after
{Heap after GC invocations=94 (full 3):
 PSYoungGen      total 8192K, used 960K [0x00000000d5580000, 0x00000000d6100000, 0x0000000100000000)
  eden space 7168K, 0% used [0x00000000d5580000,0x00000000d5580000,0x00000000d5c80000)
  from space 1024K, 93% used [0x00000000d5e00000,0x00000000d5ef0000,0x00000000d5f00000)
  to   space 1536K, 0% used [0x00000000d5f80000,0x00000000d5f80000,0x00000000d6100000)
 ParOldGen       total 89088K, used 88685K [0x0000000080000000, 0x0000000085700000, 0x00000000d5580000)
  object space 89088K, 99% used [0x0000000080000000,0x000000008569b758,0x0000000085700000)
 Metaspace       used 68323K, committed 69952K, reserved 1114112K
  class space    used 7210K, committed 7936K, reserved 1048576K
}
Event: 15.308 GC heap before
{Heap before GC invocations=95 (full 3):
 PSYoungGen      total 8192K, used 8128K [0x00000000d5580000, 0x00000000d6100000, 0x0000000100000000)
  eden space 7168K, 100% used [0x00000000d5580000,0x00000000d5c80000,0x00000000d5c80000)
  from space 1024K, 93% used [0x00000000d5e00000,0x00000000d5ef0000,0x00000000d5f00000)
  to   space 1536K, 0% used [0x00000000d5f80000,0x00000000d5f80000,0x00000000d6100000)
 ParOldGen       total 89088K, used 88685K [0x0000000080000000, 0x0000000085700000, 0x00000000d5580000)
  object space 89088K, 99% used [0x0000000080000000,0x000000008569b758,0x0000000085700000)
 Metaspace       used 68347K, committed 70016K, reserved 1114112K
  class space    used 7210K, committed 7936K, reserved 1048576K
}
Event: 15.310 GC heap after
{Heap after GC invocations=95 (full 3):
 PSYoungGen      total 8704K, used 1376K [0x00000000d5580000, 0x00000000d6100000, 0x0000000100000000)
  eden space 7168K, 0% used [0x00000000d5580000,0x00000000d5580000,0x00000000d5c80000)
  from space 1536K, 89% used [0x00000000d5f80000,0x00000000d60d8000,0x00000000d6100000)
  to   space 1536K, 0% used [0x00000000d5e00000,0x00000000d5e00000,0x00000000d5f80000)
 ParOldGen       total 89600K, used 89401K [0x0000000080000000, 0x0000000085780000, 0x00000000d5580000)
  object space 89600K, 99% used [0x0000000080000000,0x000000008574e768,0x0000000085780000)
 Metaspace       used 68347K, committed 70016K, reserved 1114112K
  class space    used 7210K, committed 7936K, reserved 1048576K
}

