# JRE version: OpenJDK Runtime Environment Temurin-21.0.10+7 (21.0.10+7) (build 21.0.10+7-LTS)
# Java VM: OpenJDK 64-Bit Server VM Temurin-21.0.10+7 (21.0.10+7-LTS, mixed mode, sharing, tiered, compressed oops, compressed class ptrs, parallel gc, windows-amd64)
GC Precious Log:
 CardTable entry size: 512
 CPUs: 12 total, 12 available
 Memory: 7501M
 Large Page Support: Disabled
 NUMA Support: Disabled
 Compressed Oops: Enabled (32-bit)
 Alignments: Space 512K, Generation 512K, Heap 2M
 Heap Min Capacity: 100M
 Heap Initial Capacity: 100M
 Heap Max Capacity: 2G
 Pre-touch: Disabled
 Parallel Workers: 10
Heap:
 PSYoungGen      total 3072K, used 2032K [0x00000000d5580000, 0x00000000d5a00000, 0x0000000100000000)
  eden space 2560K, 60% used [0x00000000d5580000,0x00000000d57001c0,0x00000000d5800000)
  from space 512K, 96% used [0x00000000d5900000,0x00000000d597c010,0x00000000d5980000)
  to   space 1024K, 0% used [0x00000000d5800000,0x00000000d5800000,0x00000000d5900000)
 ParOldGen       total 205312K, used 205054K [0x0000000080000000, 0x000000008c880000, 0x00000000d5580000)
  object space 205312K, 99% used [0x0000000080000000,0x000000008c83f9f0,0x000000008c880000)
 Metaspace       used 73194K, committed 74816K, reserved 1179648K
  class space    used 7658K, committed 8384K, reserved 1048576K
GC Heap History (20 events):
Event: 73.669 GC heap before
{Heap before GC invocations=218 (full 3):
 PSYoungGen      total 3584K, used 3130K [0x00000000d5580000, 0x00000000d5a00000, 0x0000000100000000)
  eden space 2560K, 100% used [0x00000000d5580000,0x00000000d5800000,0x00000000d5800000)
  from space 1024K, 55% used [0x00000000d5900000,0x00000000d598e900,0x00000000d5a00000)
  to   space 1024K, 0% used [0x00000000d5800000,0x00000000d5800000,0x00000000d5900000)
 ParOldGen       total 202240K, used 202212K [0x0000000080000000, 0x000000008c580000, 0x00000000d5580000)
  object space 202240K, 99% used [0x0000000080000000,0x000000008c579180,0x000000008c580000)
 Metaspace       used 73046K, committed 74624K, reserved 1179648K
  class space    used 7652K, committed 8320K, reserved 1048576K
}
Event: 73.671 GC heap after
{Heap after GC invocations=218 (full 3):
 PSYoungGen      total 3584K, used 256K [0x00000000d5580000, 0x00000000d5980000, 0x0000000100000000)
  eden space 2560K, 0% used [0x00000000d5580000,0x00000000d5580000,0x00000000d5800000)
  from space 1024K, 25% used [0x00000000d5800000,0x00000000d5840000,0x00000000d5900000)
  to   space 512K, 0% used [0x00000000d5900000,0x00000000d5900000,0x00000000d5980000)
 ParOldGen       total 202752K, used 202412K [0x0000000080000000, 0x000000008c600000, 0x00000000d5580000)
  object space 202752K, 99% used [0x0000000080000000,0x000000008c5ab180,0x000000008c600000)
 Metaspace       used 73046K, committed 74624K, reserved 1179648K
  class space    used 7652K, committed 8320K, reserved 1048576K
}
Event: 73.688 GC heap before
{Heap before GC invocations=219 (full 3):
 PSYoungGen      total 3584K, used 2816K [0x00000000d5580000, 0x00000000d5980000, 0x0000000100000000)
  eden space 2560K, 100% used [0x00000000d5580000,0x00000000d5800000,0x00000000d5800000)
  from space 1024K, 25% used [0x00000000d5800000,0x00000000d5840000,0x00000000d5900000)
  to   space 512K, 0% used [0x00000000d5900000,0x00000000d5900000,0x00000000d5980000)
 ParOldGen       total 202752K, used 202412K [0x0000000080000000, 0x000000008c600000, 0x00000000d5580000)
  object space 202752K, 99% used [0x0000000080000000,0x000000008c5ab180,0x000000008c600000)
 Metaspace       used 73047K, committed 74624K, reserved 1179648K
  class space    used 7652K, committed 8320K, reserved 1048576K
}
Event: 73.690 GC heap after
{Heap after GC invocations=219 (full 3):
 PSYoungGen      total 3072K, used 506K [0x00000000d5580000, 0x00000000d5a00000, 0x0000000100000000)
  eden space 2560K, 0% used [0x00000000d5580000,0x00000000d5580000,0x00000000d5800000)
  from space 512K, 98% used [0x00000000d5900000,0x00000000d597e900,0x00000000d5980000)
  to   space 1024K, 0% used [0x00000000d5800000,0x00000000d5800000,0x00000000d5900000)
 ParOldGen       total 202752K, used 202492K [0x0000000080000000, 0x000000008c600000, 0x00000000d5580000)
  object space 202752K, 99% used [0x0000000080000000,0x000000008c5bf180,0x000000008c600000)
 Metaspace       used 73047K, committed 74624K, reserved 1179648K
  class space    used 7652K, committed 8320K, reserved 1048576K
}
Event: 95.148 GC heap before
{Heap before GC invocations=220 (full 3):
 PSYoungGen      total 3072K, used 3066K [0x00000000d5580000, 0x00000000d5a00000, 0x0000000100000000)
  eden space 2560K, 99% used [0x00000000d5580000,0x00000000d57fff28,0x00000000d5800000)
  from space 512K, 98% used [0x00000000d5900000,0x00000000d597e900,0x00000000d5980000)
  to   space 1024K, 0% used [0x00000000d5800000,0x00000000d5800000,0x00000000d5900000)
 ParOldGen       total 202752K, used 202492K [0x0000000080000000, 0x000000008c600000, 0x00000000d5580000)
  object space 202752K, 99% used [0x0000000080000000,0x000000008c5bf180,0x000000008c600000)
 Metaspace       used 73075K, committed 74624K, reserved 1179648K
  class space    used 7652K, committed 8320K, reserved 1048576K
}
Event: 95.150 GC heap after
{Heap after GC invocations=220 (full 3):
 PSYoungGen      total 3584K, used 480K [0x00000000d5580000, 0x00000000d5a00000, 0x0000000100000000)
  eden space 2560K, 0% used [0x00000000d5580000,0x00000000d5580000,0x00000000d5800000)
  from space 1024K, 46% used [0x00000000d5800000,0x00000000d5878000,0x00000000d5900000)
  to   space 1024K, 0% used [0x00000000d5900000,0x00000000d5900000,0x00000000d5a00000)
 ParOldGen       total 203264K, used 202960K [0x0000000080000000, 0x000000008c680000, 0x00000000d5580000)
  object space 203264K, 99% used [0x0000000080000000,0x000000008c634390,0x000000008c680000)
 Metaspace       used 73075K, committed 74624K, reserved 1179648K
  class space    used 7652K, committed 8320K, reserved 1048576K
}
Event: 95.746 GC heap before
{Heap before GC invocations=221 (full 3):
 PSYoungGen      total 3584K, used 3039K [0x00000000d5580000, 0x00000000d5a00000, 0x0000000100000000)
  eden space 2560K, 99% used [0x00000000d5580000,0x00000000d57ffff8,0x00000000d5800000)
  from space 1024K, 46% used [0x00000000d5800000,0x00000000d5878000,0x00000000d5900000)
  to   space 1024K, 0% used [0x00000000d5900000,0x00000000d5900000,0x00000000d5a00000)
 ParOldGen       total 203264K, used 202960K [0x0000000080000000, 0x000000008c680000, 0x00000000d5580000)
  object space 203264K, 99% used [0x0000000080000000,0x000000008c634390,0x000000008c680000)
 Metaspace       used 73101K, committed 74688K, reserved 1179648K
  class space    used 7652K, committed 8320K, reserved 1048576K
}
Event: 95.747 GC heap after
{Heap after GC invocations=221 (full 3):
 PSYoungGen      total 3072K, used 372K [0x00000000d5580000, 0x00000000d5980000, 0x0000000100000000)
  eden space 2560K, 0% used [0x00000000d5580000,0x00000000d5580000,0x00000000d5800000)
  from space 512K, 72% used [0x00000000d5900000,0x00000000d595d220,0x00000000d5980000)
  to   space 512K, 0% used [0x00000000d5880000,0x00000000d5880000,0x00000000d5900000)
 ParOldGen       total 203264K, used 203232K [0x0000000080000000, 0x000000008c680000, 0x00000000d5580000)
  object space 203264K, 99% used [0x0000000080000000,0x000000008c678390,0x000000008c680000)
 Metaspace       used 73101K, committed 74688K, reserved 1179648K
  class space    used 7652K, committed 8320K, reserved 1048576K
}
Event: 95.756 GC heap before
{Heap before GC invocations=222 (full 3):
 PSYoungGen      total 3072K, used 2932K [0x00000000d5580000, 0x00000000d5980000, 0x0000000100000000)
  eden space 2560K, 100% used [0x00000000d5580000,0x00000000d5800000,0x00000000d5800000)
  from space 512K, 72% used [0x00000000d5900000,0x00000000d595d220,0x00000000d5980000)
  to   space 512K, 0% used [0x00000000d5880000,0x00000000d5880000,0x00000000d5900000)
 ParOldGen       total 203264K, used 203232K [0x0000000080000000, 0x000000008c680000, 0x00000000d5580000)
  object space 203264K, 99% used [0x0000000080000000,0x000000008c678390,0x000000008c680000)
 Metaspace       used 73104K, committed 74688K, reserved 1179648K
  class space    used 7652K, committed 8320K, reserved 1048576K
}
Event: 95.758 GC heap after
{Heap after GC invocations=222 (full 3):
 PSYoungGen      total 3072K, used 484K [0x00000000d5580000, 0x00000000d5a00000, 0x0000000100000000)
  eden space 2560K, 0% used [0x00000000d5580000,0x00000000d5580000,0x00000000d5800000)
  from space 512K, 94% used [0x00000000d5880000,0x00000000d58f9230,0x00000000d5900000)
  to   space 1024K, 0% used [0x00000000d5900000,0x00000000d5900000,0x00000000d5a00000)
 ParOldGen       total 203776K, used 203429K [0x0000000080000000, 0x000000008c700000, 0x00000000d5580000)
  object space 203776K, 99% used [0x0000000080000000,0x000000008c6a95b0,0x000000008c700000)
 Metaspace       used 73104K, committed 74688K, reserved 1179648K
  class space    used 7652K, committed 8320K, reserved 1048576K
}
Event: 95.770 GC heap before
{Heap before GC invocations=223 (full 3):
 PSYoungGen      total 3072K, used 3044K [0x00000000d5580000, 0x00000000d5a00000, 0x0000000100000000)
  eden space 2560K, 100% used [0x00000000d5580000,0x00000000d5800000,0x00000000d5800000)
  from space 512K, 94% used [0x00000000d5880000,0x00000000d58f9230,0x00000000d5900000)
  to   space 1024K, 0% used [0x00000000d5900000,0x00000000d5900000,0x00000000d5a00000)
 ParOldGen       total 203776K, used 203429K [0x0000000080000000, 0x000000008c700000, 0x00000000d5580000)
  object space 203776K, 99% used [0x0000000080000000,0x000000008c6a95b0,0x000000008c700000)
 Metaspace       used 73105K, committed 74688K, reserved 1179648K
  class space    used 7652K, committed 8320K, reserved 1048576K
}
Event: 95.771 GC heap after
{Heap after GC invocations=223 (full 3):
 PSYoungGen      total 3584K, used 592K [0x00000000d5580000, 0x00000000d5a00000, 0x0000000100000000)
  eden space 2560K, 0% used [0x00000000d5580000,0x00000000d5580000,0x00000000d5800000)
  from space 1024K, 57% used [0x00000000d5900000,0x00000000d5994010,0x00000000d5a00000)
  to   space 1024K, 0% used [0x00000000d5800000,0x00000000d5800000,0x00000000d5900000)
 ParOldGen       total 204288K, used 203889K [0x0000000080000000, 0x000000008c780000, 0x00000000d5580000)
  object space 204288K, 99% used [0x0000000080000000,0x000000008c71c7e0,0x000000008c780000)
 Metaspace       used 73105K, committed 74688K, reserved 1179648K
  class space    used 7652K, committed 8320K, reserved 1048576K
}
Event: 95.802 GC heap before
{Heap before GC invocations=224 (full 3):
 PSYoungGen      total 3584K, used 3152K [0x00000000d5580000, 0x00000000d5a00000, 0x0000000100000000)
  eden space 2560K, 100% used [0x00000000d5580000,0x00000000d5800000,0x00000000d5800000)
  from space 1024K, 57% used [0x00000000d5900000,0x00000000d5994010,0x00000000d5a00000)
  to   space 1024K, 0% used [0x00000000d5800000,0x00000000d5800000,0x00000000d5900000)
 ParOldGen       total 204288K, used 203889K [0x0000000080000000, 0x000000008c780000, 0x00000000d5580000)
  object space 204288K, 99% used [0x0000000080000000,0x000000008c71c7e0,0x000000008c780000)
 Metaspace       used 73112K, committed 74688K, reserved 1179648K
  class space    used 7652K, committed 8320K, reserved 1048576K
}
Event: 95.804 GC heap after
{Heap after GC invocations=224 (full 3):
 PSYoungGen      total 3584K, used 608K [0x00000000d5580000, 0x00000000d5a00000, 0x0000000100000000)
  eden space 2560K, 0% used [0x00000000d5580000,0x00000000d5580000,0x00000000d5800000)
  from space 1024K, 59% used [0x00000000d5800000,0x00000000d5898000,0x00000000d5900000)
  to   space 1024K, 0% used [0x00000000d5900000,0x00000000d5900000,0x00000000d5a00000)
 ParOldGen       total 204800K, used 204361K [0x0000000080000000, 0x000000008c800000, 0x00000000d5580000)
  object space 204800K, 99% used [0x0000000080000000,0x000000008c7927f0,0x000000008c800000)
 Metaspace       used 73112K, committed 74688K, reserved 1179648K
  class space    used 7652K, committed 8320K, reserved 1048576K
}
Event: 95.869 GC heap before
{Heap before GC invocations=225 (full 3):
 PSYoungGen      total 3584K, used 3168K [0x00000000d5580000, 0x00000000d5a00000, 0x0000000100000000)
  eden space 2560K, 100% used [0x00000000d5580000,0x00000000d5800000,0x00000000d5800000)
  from space 1024K, 59% used [0x00000000d5800000,0x00000000d5898000,0x00000000d5900000)
  to   space 1024K, 0% used [0x00000000d5900000,0x00000000d5900000,0x00000000d5a00000)
 ParOldGen       total 204800K, used 204361K [0x0000000080000000, 0x000000008c800000, 0x00000000d5580000)
  object space 204800K, 99% used [0x0000000080000000,0x000000008c7927f0,0x000000008c800000)
 Metaspace       used 73123K, committed 74688K, reserved 1179648K
  class space    used 7656K, committed 8320K, reserved 1048576K
}
Event: 95.872 GC heap after
{Heap after GC invocations=225 (full 3):
 PSYoungGen      total 3584K, used 570K [0x00000000d5580000, 0x00000000d5a00000, 0x0000000100000000)
  eden space 2560K, 0% used [0x00000000d5580000,0x00000000d5580000,0x00000000d5800000)
  from space 1024K, 55% used [0x00000000d5900000,0x00000000d598e900,0x00000000d5a00000)
  to   space 1024K, 0% used [0x00000000d5800000,0x00000000d5800000,0x00000000d5900000)
 ParOldGen       total 205312K, used 204865K [0x0000000080000000, 0x000000008c880000, 0x00000000d5580000)
  object space 205312K, 99% used [0x0000000080000000,0x000000008c8107f0,0x000000008c880000)
 Metaspace       used 73123K, committed 74688K, reserved 1179648K
  class space    used 7656K, committed 8320K, reserved 1048576K
}
Event: 95.924 GC heap before
{Heap before GC invocations=226 (full 3):
 PSYoungGen      total 3584K, used 3130K [0x00000000d5580000, 0x00000000d5a00000, 0x0000000100000000)
  eden space 2560K, 100% used [0x00000000d5580000,0x00000000d5800000,0x00000000d5800000)
  from space 1024K, 55% used [0x00000000d5900000,0x00000000d598e900,0x00000000d5a00000)
  to   space 1024K, 0% used [0x00000000d5800000,0x00000000d5800000,0x00000000d5900000)
 ParOldGen       total 205312K, used 204865K [0x0000000080000000, 0x000000008c880000, 0x00000000d5580000)
  object space 205312K, 99% used [0x0000000080000000,0x000000008c8107f0,0x000000008c880000)
 Metaspace       used 73139K, committed 74688K, reserved 1179648K
  class space    used 7657K, committed 8320K, reserved 1048576K
}
Event: 95.926 GC heap after
{Heap after GC invocations=226 (full 3):
 PSYoungGen      total 3584K, used 340K [0x00000000d5580000, 0x00000000d5980000, 0x0000000100000000)
  eden space 2560K, 0% used [0x00000000d5580000,0x00000000d5580000,0x00000000d5800000)
  from space 1024K, 33% used [0x00000000d5800000,0x00000000d5855200,0x00000000d5900000)
  to   space 512K, 0% used [0x00000000d5900000,0x00000000d5900000,0x00000000d5980000)
 ParOldGen       total 205312K, used 204937K [0x0000000080000000, 0x000000008c880000, 0x00000000d5580000)
  object space 205312K, 99% used [0x0000000080000000,0x000000008c8227f0,0x000000008c880000)
 Metaspace       used 73139K, committed 74688K, reserved 1179648K
  class space    used 7657K, committed 8320K, reserved 1048576K
}
Event: 95.950 GC heap before
{Heap before GC invocations=227 (full 3):
 PSYoungGen      total 3584K, used 2900K [0x00000000d5580000, 0x00000000d5980000, 0x0000000100000000)
  eden space 2560K, 100% used [0x00000000d5580000,0x00000000d5800000,0x00000000d5800000)
  from space 1024K, 33% used [0x00000000d5800000,0x00000000d5855200,0x00000000d5900000)
  to   space 512K, 0% used [0x00000000d5900000,0x00000000d5900000,0x00000000d5980000)
 ParOldGen       total 205312K, used 204937K [0x0000000080000000, 0x000000008c880000, 0x00000000d5580000)
  object space 205312K, 99% used [0x0000000080000000,0x000000008c8227f0,0x000000008c880000)
 Metaspace       used 73147K, committed 74752K, reserved 1179648K
  class space    used 7658K, committed 8384K, reserved 1048576K
}
Event: 95.952 GC heap after
{Heap after GC invocations=227 (full 3):
 PSYoungGen      total 3072K, used 496K [0x00000000d5580000, 0x00000000d5a00000, 0x0000000100000000)
  eden space 2560K, 0% used [0x00000000d5580000,0x00000000d5580000,0x00000000d5800000)
  from space 512K, 96% used [0x00000000d5900000,0x00000000d597c010,0x00000000d5980000)
  to   space 1024K, 0% used [0x00000000d5800000,0x00000000d5800000,0x00000000d5900000)
 ParOldGen       total 205312K, used 205054K [0x0000000080000000, 0x000000008c880000, 0x00000000d5580000)
  object space 205312K, 99% used [0x0000000080000000,0x000000008c83f9f0,0x000000008c880000)
 Metaspace       used 73147K, committed 74752K, reserved 1179648K
  class space    used 7658K, committed 8384K, reserved 1048576K
}

